[ 2019-10-21T10:16:02+08:00 ] ::1 /
INFO: [ app_init ] --START--
INFO: Run Behavior\BuildLiteBehavior [ RunTime:0.000019s ]
INFO: [ app_init ] --END-- [ RunTime:0.000357s ]
INFO: [ app_begin ] --START--
INFO: Run Behavior\ReadHtmlCacheBehavior [ RunTime:0.000714s ]
INFO: [ app_begin ] --END-- [ RunTime:0.000790s ]
SQL: SHOW COLUMNS FROM `wfx_set` [ RunTime:0.0029s ]
SQL: SELECT * FROM `wfx_set` LIMIT 1   [ RunTime:0.0003s ]
NOTIC: [8] Undefined index: ppid /Users/gxd/Documents/unknow/wfx/Application/App/Controller/BaseController.class.php 第 32 行.
NOTIC: [8] Undefined index: employee /Users/gxd/Documents/unknow/wfx/Application/App/Controller/BaseController.class.php 第 33 行.
SQL: SHOW COLUMNS FROM `wfx_vip` [ RunTime:0.0029s ]
SQL: SELECT * FROM `wfx_vip` WHERE `openid` = 'owv5gsyXxBMYOjeM56e5vK33it0Y' LIMIT 1   [ RunTime:0.0005s ]
NOTIC: [8] Undefined index: ppid /Users/gxd/Documents/unknow/wfx/Application/App/Controller/BaseController.class.php 第 131 行.

[ 2019-10-21T10:16:02+08:00 ] ::1 /App/Shop/index/ppid/1
INFO: [ app_init ] --START--
INFO: Run Behavior\BuildLiteBehavior [ RunTime:0.000015s ]
INFO: [ app_init ] --END-- [ RunTime:0.000335s ]
INFO: [ app_begin ] --START--
INFO: Run Behavior\ReadHtmlCacheBehavior [ RunTime:0.000437s ]
INFO: [ app_begin ] --END-- [ RunTime:0.000493s ]
SQL: SHOW COLUMNS FROM `wfx_set` [ RunTime:0.0020s ]
SQL: SELECT * FROM `wfx_set` LIMIT 1   [ RunTime:0.0002s ]
NOTIC: [8] Undefined index: employee /Users/gxd/Documents/unknow/wfx/Application/App/Controller/BaseController.class.php 第 33 行.
SQL: SHOW COLUMNS FROM `wfx_vip` [ RunTime:0.0021s ]
SQL: SELECT * FROM `wfx_vip` WHERE `openid` = 'owv5gsyXxBMYOjeM56e5vK33it0Y' LIMIT 1   [ RunTime:0.0002s ]
SQL: SHOW COLUMNS FROM `wfx_vip_set` [ RunTime:0.0025s ]
SQL: SELECT * FROM `wfx_vip_set` LIMIT 1   [ RunTime:0.0003s ]
SQL: SHOW COLUMNS FROM `wfx_shop_set` [ RunTime:0.0026s ]
SQL: SELECT * FROM `wfx_shop_set` LIMIT 1   [ RunTime:0.0003s ]
SQL: SELECT * FROM `wfx_shop_set` WHERE ( id=1 ) LIMIT 1   [ RunTime:0.0003s ]
SQL: SHOW COLUMNS FROM `wfx_upload_img` [ RunTime:0.0021s ]
SQL: SELECT * FROM `wfx_upload_img` WHERE `id` = 135 LIMIT 1   [ RunTime:0.0003s ]
SQL: SHOW COLUMNS FROM `wfx_shop_goods` [ RunTime:0.0030s ]
SQL: SHOW COLUMNS FROM `wfx_shop_group` [ RunTime:0.0020s ]
SQL: SELECT * FROM `wfx_shop_group` WHERE `status` = 1 LIMIT 1   [ RunTime:0.0003s ]
SQL: SELECT * FROM `wfx_shop_goods` WHERE `id` IN ('10')  [ RunTime:0.0004s ]
SQL: SELECT * FROM `wfx_upload_img` WHERE `id` = 154 LIMIT 1   [ RunTime:0.0003s ]
SQL: SELECT * FROM `wfx_shop_goods` WHERE `status` = 1  [ RunTime:0.0004s ]
SQL: SELECT * FROM `wfx_upload_img` WHERE `id` = 154 LIMIT 1   [ RunTime:0.0001s ]
SQL: SELECT * FROM `wfx_upload_img` WHERE `id` = 157 LIMIT 1   [ RunTime:0.0003s ]
SQL: SELECT * FROM `wfx_upload_img` WHERE `id` = 160 LIMIT 1   [ RunTime:0.0002s ]
SQL: SELECT * FROM `wfx_upload_img` WHERE `id` = 160 LIMIT 1   [ RunTime:0.0001s ]
SQL: SHOW COLUMNS FROM `wfx_shop_cate` [ RunTime:0.0025s ]
SQL: SELECT * FROM `wfx_shop_cate` WHERE `id` IN ('20','21','22','23','24','25','27')  [ RunTime:0.0014s ]
SQL: SELECT * FROM `wfx_upload_img` WHERE `id` = 148 LIMIT 1   [ RunTime:0.0003s ]
SQL: SELECT * FROM `wfx_upload_img` WHERE `id` = 149 LIMIT 1   [ RunTime:0.0002s ]
SQL: SELECT * FROM `wfx_upload_img` WHERE `id` = 167 LIMIT 1   [ RunTime:0.0002s ]
SQL: SELECT * FROM `wfx_shop_cate` WHERE `id` IN ('26','')  [ RunTime:0.0005s ]
SQL: SELECT * FROM `wfx_upload_img` WHERE `id` = 166 LIMIT 1   [ RunTime:0.0002s ]
SQL: SELECT * FROM `wfx_upload_img` WHERE `id` = 166 LIMIT 1   [ RunTime:0.0001s ]
SQL: SELECT * FROM `wfx_upload_img` WHERE `id` = 166 LIMIT 1   [ RunTime:0.0001s ]
SQL: SELECT * FROM `wfx_upload_img` WHERE `id` = 167 LIMIT 1   [ RunTime:0.0001s ]
SQL: SHOW COLUMNS FROM `wfx_shop_ads` [ RunTime:0.0022s ]
SQL: SELECT * FROM `wfx_shop_ads` WHERE ( id )  [ RunTime:0.0002s ]
SQL: SELECT * FROM `wfx_upload_img` WHERE `id` = 137 LIMIT 1   [ RunTime:0.0002s ]
SQL: SELECT * FROM `wfx_upload_img` WHERE `id` = 165 LIMIT 1   [ RunTime:0.0002s ]
INFO: [ view_parse ] --START--
INFO: [ template_filter ] --START--
INFO: Run Behavior\ContentReplaceBehavior [ RunTime:0.000091s ]
INFO: [ template_filter ] --END-- [ RunTime:0.000151s ]
NOTIC: [8] Undefined variable: actname /Users/gxd/Documents/unknow/wfx/Application/Runtime/Cache/App/b56b8082e02b1b878a28f8cba0cac826.php 第 233 行.
INFO: Run Behavior\ParseTemplateBehavior [ RunTime:0.029077s ]
INFO: [ view_parse ] --END-- [ RunTime:0.029137s ]
INFO: [ view_filter ] --START--
INFO: Run Behavior\WriteHtmlCacheBehavior [ RunTime:0.000179s ]
INFO: [ view_filter ] --END-- [ RunTime:0.000226s ]
INFO: [ app_end ] --START--
INFO: Run Behavior\ShowPageTraceBehavior [ RunTime:0.000669s ]
INFO: [ app_end ] --END-- [ RunTime:0.000731s ]

[ 2019-10-21T10:16:16+08:00 ] ::1 /App/Shop/goods/sid/0/id/10/ppid/1
INFO: [ app_init ] --START--
INFO: Run Behavior\BuildLiteBehavior [ RunTime:0.000024s ]
INFO: [ app_init ] --END-- [ RunTime:0.000416s ]
INFO: [ app_begin ] --START--
INFO: Run Behavior\ReadHtmlCacheBehavior [ RunTime:0.000611s ]
INFO: [ app_begin ] --END-- [ RunTime:0.000687s ]
SQL: SHOW COLUMNS FROM `wfx_set` [ RunTime:0.0020s ]
SQL: SELECT * FROM `wfx_set` LIMIT 1   [ RunTime:0.0001s ]
NOTIC: [8] Undefined index: employee /Users/gxd/Documents/unknow/wfx/Application/App/Controller/BaseController.class.php 第 33 行.
SQL: SHOW COLUMNS FROM `wfx_vip` [ RunTime:0.0020s ]
SQL: SELECT * FROM `wfx_vip` WHERE `openid` = 'owv5gsyXxBMYOjeM56e5vK33it0Y' LIMIT 1   [ RunTime:0.0002s ]
SQL: SHOW COLUMNS FROM `wfx_vip_set` [ RunTime:0.0017s ]
SQL: SELECT * FROM `wfx_vip_set` LIMIT 1   [ RunTime:0.0001s ]
SQL: SHOW COLUMNS FROM `wfx_shop_set` [ RunTime:0.0015s ]
SQL: SELECT * FROM `wfx_shop_set` LIMIT 1   [ RunTime:0.0001s ]
SQL: SELECT * FROM `wfx_shop_set` WHERE ( id=1 ) LIMIT 1   [ RunTime:0.0001s ]
SQL: SHOW COLUMNS FROM `wfx_upload_img` [ RunTime:0.0013s ]
SQL: SELECT * FROM `wfx_upload_img` WHERE `id` = 135 LIMIT 1   [ RunTime:0.0001s ]

[ 2019-10-21T10:20:21+08:00 ] ::1 /App/Vip/index
INFO: [ app_init ] --START--
INFO: Run Behavior\BuildLiteBehavior [ RunTime:0.000026s ]
INFO: [ app_init ] --END-- [ RunTime:0.000468s ]
INFO: [ app_begin ] --START--
INFO: Run Behavior\ReadHtmlCacheBehavior [ RunTime:0.000520s ]
INFO: [ app_begin ] --END-- [ RunTime:0.000589s ]
SQL: SHOW COLUMNS FROM `wfx_set` [ RunTime:0.0023s ]
SQL: SELECT * FROM `wfx_set` LIMIT 1   [ RunTime:0.0002s ]
NOTIC: [8] Undefined index: ppid /Users/gxd/Documents/unknow/wfx/Application/App/Controller/BaseController.class.php 第 32 行.
NOTIC: [8] Undefined index: employee /Users/gxd/Documents/unknow/wfx/Application/App/Controller/BaseController.class.php 第 33 行.
SQL: SHOW COLUMNS FROM `wfx_vip` [ RunTime:0.0020s ]
SQL: SELECT * FROM `wfx_vip` WHERE `openid` = 'owv5gsyXxBMYOjeM56e5vK33it0Y' LIMIT 1   [ RunTime:0.0002s ]
SQL: SHOW COLUMNS FROM `wfx_vip_set` [ RunTime:0.0015s ]
SQL: SELECT * FROM `wfx_vip_set` LIMIT 1   [ RunTime:0.0001s ]
SQL: SHOW COLUMNS FROM `wfx_shop_set` [ RunTime:0.0016s ]
SQL: SELECT * FROM `wfx_shop_set` LIMIT 1   [ RunTime:0.0002s ]
SQL: SHOW COLUMNS FROM `wfx_vip_level` [ RunTime:0.0019s ]
SQL: SELECT `name` FROM `wfx_vip_level` WHERE ( id=1 ) LIMIT 1   [ RunTime:0.0003s ]
SQL: SHOW COLUMNS FROM `wfx_vip_monthexp` [ RunTime:0.0020s ]
SQL: SELECT * FROM `wfx_vip_monthexp` WHERE `month` = '2019-9' AND `vipid` = 1 LIMIT 1   [ RunTime:0.0007s ]
SQL: SELECT SUM(exp) AS tp_sum FROM `wfx_vip_monthexp` WHERE ( vipid=1 ) LIMIT 1   [ RunTime:0.0005s ]
SQL: INSERT INTO `wfx_vip_monthexp` (`exp`,`month`,`ctime`,`vipid`) VALUES ('0','2019-9','1571624421','1') [ RunTime:0.0007s ]
SQL: SHOW COLUMNS FROM `wfx_vip_level` [ RunTime:0.0014s ]
SQL: SELECT * FROM `wfx_vip_level` ORDER BY exp  [ RunTime:0.0004s ]
SQL: SHOW COLUMNS FROM `wfx_vip` [ RunTime:0.0020s ]
SQL: UPDATE `wfx_vip` SET `cur_exp`='28',`levelid`='1' WHERE ( id=1 ) [ RunTime:0.0009s ]
SQL: SHOW COLUMNS FROM `wfx_vip_message` [ RunTime:0.0016s ]
SQL: SELECT * FROM `wfx_vip_message`  [ RunTime:0.0002s ]
SQL: SHOW COLUMNS FROM `wfx_vip_card` [ RunTime:0.0022s ]
SQL: SELECT COUNT(*) AS tp_count FROM `wfx_vip_card` WHERE `etime` >= 1571587200 AND `vipid` = 1 AND `status` = 1 LIMIT 1   [ RunTime:0.0003s ]
SQL: SELECT * FROM `wfx_vip` WHERE ( id=0 ) LIMIT 1   [ RunTime:0.0004s ]
INFO: [ view_parse ] --START--
INFO: [ template_filter ] --START--
INFO: Run Behavior\ContentReplaceBehavior [ RunTime:0.000070s ]
INFO: [ template_filter ] --END-- [ RunTime:0.000141s ]
NOTIC: [8] Undefined variable: showfather /Users/gxd/Documents/unknow/wfx/Application/Runtime/Cache/App/a18ac47877ff27f7f441cda9c1d7167a.php 第 61 行.
INFO: Run Behavior\ParseTemplateBehavior [ RunTime:0.014980s ]
INFO: [ view_parse ] --END-- [ RunTime:0.015046s ]
INFO: [ view_filter ] --START--
INFO: Run Behavior\WriteHtmlCacheBehavior [ RunTime:0.000200s ]
INFO: [ view_filter ] --END-- [ RunTime:0.000250s ]
INFO: [ app_end ] --START--
INFO: Run Behavior\ShowPageTraceBehavior [ RunTime:0.000631s ]
INFO: [ app_end ] --END-- [ RunTime:0.000705s ]

[ 2019-10-21T10:20:24+08:00 ] ::1 /App/Vip/txOrder
INFO: [ app_init ] --START--
INFO: Run Behavior\BuildLiteBehavior [ RunTime:0.000027s ]
INFO: [ app_init ] --END-- [ RunTime:0.000449s ]
INFO: [ app_begin ] --START--
INFO: Run Behavior\ReadHtmlCacheBehavior [ RunTime:0.000520s ]
INFO: [ app_begin ] --END-- [ RunTime:0.000583s ]
SQL: SHOW COLUMNS FROM `wfx_set` [ RunTime:0.0021s ]
SQL: SELECT * FROM `wfx_set` LIMIT 1   [ RunTime:0.0002s ]
NOTIC: [8] Undefined index: ppid /Users/gxd/Documents/unknow/wfx/Application/App/Controller/BaseController.class.php 第 32 行.
NOTIC: [8] Undefined index: employee /Users/gxd/Documents/unknow/wfx/Application/App/Controller/BaseController.class.php 第 33 行.
SQL: SHOW COLUMNS FROM `wfx_vip` [ RunTime:0.0020s ]
SQL: SELECT * FROM `wfx_vip` WHERE `openid` = 'owv5gsyXxBMYOjeM56e5vK33it0Y' LIMIT 1   [ RunTime:0.0003s ]
SQL: SHOW COLUMNS FROM `wfx_vip_set` [ RunTime:0.0016s ]
SQL: SELECT * FROM `wfx_vip_set` LIMIT 1   [ RunTime:0.0001s ]
SQL: SHOW COLUMNS FROM `wfx_shop_set` [ RunTime:0.0016s ]
SQL: SELECT * FROM `wfx_shop_set` LIMIT 1   [ RunTime:0.0001s ]
SQL: SHOW COLUMNS FROM `wfx_vip_level` [ RunTime:0.0012s ]
SQL: SELECT `name` FROM `wfx_vip_level` WHERE ( id=1 ) LIMIT 1   [ RunTime:0.0001s ]
SQL: SHOW COLUMNS FROM `wfx_vip_monthexp` [ RunTime:0.0012s ]
SQL: SELECT * FROM `wfx_vip_monthexp` WHERE `month` = '2019-9' AND `vipid` = 1 LIMIT 1   [ RunTime:0.0003s ]
SQL: SHOW COLUMNS FROM `wfx_vip` [ RunTime:0.0017s ]
SQL: SELECT * FROM `wfx_vip` WHERE ( id=1 ) LIMIT 1   [ RunTime:0.0004s ]
INFO: [ view_parse ] --START--
INFO: [ template_filter ] --START--
INFO: Run Behavior\ContentReplaceBehavior [ RunTime:0.000059s ]
INFO: [ template_filter ] --END-- [ RunTime:0.000123s ]
NOTIC: [8] Undefined index: vipset /Users/gxd/Documents/unknow/wfx/Application/Runtime/Cache/App/b8f8cdd8ca5040454b44a31fbec5764c.php 第 34 行.
INFO: Run Behavior\ParseTemplateBehavior [ RunTime:0.008169s ]
INFO: [ view_parse ] --END-- [ RunTime:0.008225s ]
INFO: [ view_filter ] --START--
INFO: Run Behavior\WriteHtmlCacheBehavior [ RunTime:0.000159s ]
INFO: [ view_filter ] --END-- [ RunTime:0.000206s ]
INFO: [ app_end ] --START--
INFO: Run Behavior\ShowPageTraceBehavior [ RunTime:0.000601s ]
INFO: [ app_end ] --END-- [ RunTime:0.000664s ]

[ 2019-10-21T10:20:39+08:00 ] ::1 /App/Vip/index
INFO: [ app_init ] --START--
INFO: Run Behavior\BuildLiteBehavior [ RunTime:0.000027s ]
INFO: [ app_init ] --END-- [ RunTime:0.000458s ]
INFO: [ app_begin ] --START--
INFO: Run Behavior\ReadHtmlCacheBehavior [ RunTime:0.000505s ]
INFO: [ app_begin ] --END-- [ RunTime:0.000569s ]
SQL: SHOW COLUMNS FROM `wfx_set` [ RunTime:0.0018s ]
SQL: SELECT * FROM `wfx_set` LIMIT 1   [ RunTime:0.0001s ]
NOTIC: [8] Undefined index: ppid /Users/gxd/Documents/unknow/wfx/Application/App/Controller/BaseController.class.php 第 32 行.
NOTIC: [8] Undefined index: employee /Users/gxd/Documents/unknow/wfx/Application/App/Controller/BaseController.class.php 第 33 行.
SQL: SHOW COLUMNS FROM `wfx_vip` [ RunTime:0.0016s ]
SQL: SELECT * FROM `wfx_vip` WHERE `openid` = 'owv5gsyXxBMYOjeM56e5vK33it0Y' LIMIT 1   [ RunTime:0.0001s ]
SQL: SHOW COLUMNS FROM `wfx_vip_set` [ RunTime:0.0015s ]
SQL: SELECT * FROM `wfx_vip_set` LIMIT 1   [ RunTime:0.0001s ]
SQL: SHOW COLUMNS FROM `wfx_shop_set` [ RunTime:0.0015s ]
SQL: SELECT * FROM `wfx_shop_set` LIMIT 1   [ RunTime:0.0002s ]
SQL: SHOW COLUMNS FROM `wfx_vip_level` [ RunTime:0.0011s ]
SQL: SELECT `name` FROM `wfx_vip_level` WHERE ( id=1 ) LIMIT 1   [ RunTime:0.0002s ]
SQL: SHOW COLUMNS FROM `wfx_vip_monthexp` [ RunTime:0.0014s ]
SQL: SELECT * FROM `wfx_vip_monthexp` WHERE `month` = '2019-9' AND `vipid` = 1 LIMIT 1   [ RunTime:0.0001s ]
SQL: SHOW COLUMNS FROM `wfx_vip_message` [ RunTime:0.0010s ]
SQL: SELECT * FROM `wfx_vip_message`  [ RunTime:0.0001s ]
SQL: SHOW COLUMNS FROM `wfx_vip_card` [ RunTime:0.0011s ]
SQL: SELECT COUNT(*) AS tp_count FROM `wfx_vip_card` WHERE `etime` >= 1571587200 AND `vipid` = 1 AND `status` = 1 LIMIT 1   [ RunTime:0.0001s ]
SQL: SELECT * FROM `wfx_vip` WHERE ( id=0 ) LIMIT 1   [ RunTime:0.0001s ]
INFO: [ view_parse ] --START--
INFO: [ template_filter ] --START--
INFO: Run Behavior\ContentReplaceBehavior [ RunTime:0.000062s ]
INFO: [ template_filter ] --END-- [ RunTime:0.000128s ]
NOTIC: [8] Undefined variable: showfather /Users/gxd/Documents/unknow/wfx/Application/Runtime/Cache/App/a18ac47877ff27f7f441cda9c1d7167a.php 第 61 行.
INFO: Run Behavior\ParseTemplateBehavior [ RunTime:0.013846s ]
INFO: [ view_parse ] --END-- [ RunTime:0.013901s ]
INFO: [ view_filter ] --START--
INFO: Run Behavior\WriteHtmlCacheBehavior [ RunTime:0.000163s ]
INFO: [ view_filter ] --END-- [ RunTime:0.000209s ]
INFO: [ app_end ] --START--
INFO: Run Behavior\ShowPageTraceBehavior [ RunTime:0.000649s ]
INFO: [ app_end ] --END-- [ RunTime:0.000718s ]

[ 2019-10-21T10:20:42+08:00 ] ::1 /App/Fx/index
INFO: [ app_init ] --START--
INFO: Run Behavior\BuildLiteBehavior [ RunTime:0.000016s ]
INFO: [ app_init ] --END-- [ RunTime:0.000339s ]
INFO: [ app_begin ] --START--
INFO: Run Behavior\ReadHtmlCacheBehavior [ RunTime:0.000429s ]
INFO: [ app_begin ] --END-- [ RunTime:0.000484s ]
SQL: SHOW COLUMNS FROM `wfx_set` [ RunTime:0.0018s ]
SQL: SELECT * FROM `wfx_set` LIMIT 1   [ RunTime:0.0002s ]
NOTIC: [8] Undefined index: ppid /Users/gxd/Documents/unknow/wfx/Application/App/Controller/BaseController.class.php 第 32 行.
NOTIC: [8] Undefined index: employee /Users/gxd/Documents/unknow/wfx/Application/App/Controller/BaseController.class.php 第 33 行.
SQL: SHOW COLUMNS FROM `wfx_vip` [ RunTime:0.0020s ]
SQL: SELECT * FROM `wfx_vip` WHERE `openid` = 'owv5gsyXxBMYOjeM56e5vK33it0Y' LIMIT 1   [ RunTime:0.0002s ]
SQL: SHOW COLUMNS FROM `wfx_vip_set` [ RunTime:0.0017s ]
SQL: SELECT * FROM `wfx_vip_set` LIMIT 1   [ RunTime:0.0001s ]
SQL: SHOW COLUMNS FROM `wfx_shop_set` [ RunTime:0.0016s ]
SQL: SELECT * FROM `wfx_shop_set` LIMIT 1   [ RunTime:0.0001s ]
SQL: SELECT `id`,`plv`,`path`,`nickname` FROM `wfx_vip` WHERE `plv` = 2 AND `path` = '0-1'  [ RunTime:0.0005s ]
SQL: SHOW COLUMNS FROM `wfx_vip_tx` [ RunTime:0.0021s ]
SQL: SELECT SUM(txprice) AS tp_sum FROM `wfx_vip_tx` WHERE `vipid` = 1 AND `status` = 1 LIMIT 1   [ RunTime:0.0003s ]
INFO: [ view_parse ] --START--
INFO: [ template_filter ] --START--
INFO: Run Behavior\ContentReplaceBehavior [ RunTime:0.000057s ]
INFO: [ template_filter ] --END-- [ RunTime:0.000120s ]
NOTIC: [8] Undefined variable: 0 /Users/gxd/Documents/unknow/wfx/Application/Runtime/Cache/App/4b548cb4cbfaf090194a1aa7315c304c.php 第 94 行.
INFO: Run Behavior\ParseTemplateBehavior [ RunTime:0.011723s ]
INFO: [ view_parse ] --END-- [ RunTime:0.011771s ]
INFO: [ view_filter ] --START--
INFO: Run Behavior\WriteHtmlCacheBehavior [ RunTime:0.000155s ]
INFO: [ view_filter ] --END-- [ RunTime:0.000196s ]
INFO: [ app_end ] --START--
INFO: Run Behavior\ShowPageTraceBehavior [ RunTime:0.000430s ]
INFO: [ app_end ] --END-- [ RunTime:0.000474s ]

[ 2019-10-21T10:20:44+08:00 ] ::1 /App/Fx/fxlog
INFO: [ app_init ] --START--
INFO: Run Behavior\BuildLiteBehavior [ RunTime:0.000016s ]
INFO: [ app_init ] --END-- [ RunTime:0.000347s ]
INFO: [ app_begin ] --START--
INFO: Run Behavior\ReadHtmlCacheBehavior [ RunTime:0.000428s ]
INFO: [ app_begin ] --END-- [ RunTime:0.000483s ]
SQL: SHOW COLUMNS FROM `wfx_set` [ RunTime:0.0017s ]
SQL: SELECT * FROM `wfx_set` LIMIT 1   [ RunTime:0.0002s ]
NOTIC: [8] Undefined index: ppid /Users/gxd/Documents/unknow/wfx/Application/App/Controller/BaseController.class.php 第 32 行.
NOTIC: [8] Undefined index: employee /Users/gxd/Documents/unknow/wfx/Application/App/Controller/BaseController.class.php 第 33 行.
SQL: SHOW COLUMNS FROM `wfx_vip` [ RunTime:0.0019s ]
SQL: SELECT * FROM `wfx_vip` WHERE `openid` = 'owv5gsyXxBMYOjeM56e5vK33it0Y' LIMIT 1   [ RunTime:0.0002s ]
SQL: SHOW COLUMNS FROM `wfx_vip_set` [ RunTime:0.0017s ]
SQL: SELECT * FROM `wfx_vip_set` LIMIT 1   [ RunTime:0.0002s ]
SQL: SHOW COLUMNS FROM `wfx_shop_set` [ RunTime:0.0017s ]
SQL: SELECT * FROM `wfx_shop_set` LIMIT 1   [ RunTime:0.0001s ]
SQL: SHOW COLUMNS FROM `wfx_fx_syslog` [ RunTime:0.0024s ]
SQL: SELECT * FROM `wfx_fx_syslog` WHERE `to` = 1 AND `status` = 1 ORDER BY ctime desc LIMIT 50   [ RunTime:0.0003s ]
INFO: [ view_parse ] --START--
INFO: [ template_filter ] --START--
INFO: Run Behavior\ContentReplaceBehavior [ RunTime:0.000052s ]
INFO: [ template_filter ] --END-- [ RunTime:0.000111s ]
INFO: Run Behavior\ParseTemplateBehavior [ RunTime:0.007966s ]
INFO: [ view_parse ] --END-- [ RunTime:0.008022s ]
INFO: [ view_filter ] --START--
INFO: Run Behavior\WriteHtmlCacheBehavior [ RunTime:0.000185s ]
INFO: [ view_filter ] --END-- [ RunTime:0.000234s ]
INFO: [ app_end ] --START--
INFO: Run Behavior\ShowPageTraceBehavior [ RunTime:0.000487s ]
INFO: [ app_end ] --END-- [ RunTime:0.000536s ]

[ 2019-10-21T10:20:49+08:00 ] ::1 /App/Shop/orderList/sid/0
INFO: [ app_init ] --START--
INFO: Run Behavior\BuildLiteBehavior [ RunTime:0.000016s ]
INFO: [ app_init ] --END-- [ RunTime:0.000342s ]
INFO: [ app_begin ] --START--
INFO: Run Behavior\ReadHtmlCacheBehavior [ RunTime:0.000430s ]
INFO: [ app_begin ] --END-- [ RunTime:0.000486s ]
SQL: SHOW COLUMNS FROM `wfx_set` [ RunTime:0.0017s ]
SQL: SELECT * FROM `wfx_set` LIMIT 1   [ RunTime:0.0001s ]
NOTIC: [8] Undefined index: ppid /Users/gxd/Documents/unknow/wfx/Application/App/Controller/BaseController.class.php 第 32 行.
NOTIC: [8] Undefined index: employee /Users/gxd/Documents/unknow/wfx/Application/App/Controller/BaseController.class.php 第 33 行.
SQL: SHOW COLUMNS FROM `wfx_vip` [ RunTime:0.0022s ]
SQL: SELECT * FROM `wfx_vip` WHERE `openid` = 'owv5gsyXxBMYOjeM56e5vK33it0Y' LIMIT 1   [ RunTime:0.0002s ]
NOTIC: [8] Undefined index: ppid /Users/gxd/Documents/unknow/wfx/Application/App/Controller/BaseController.class.php 第 131 行.
SQL: SHOW COLUMNS FROM `wfx_vip_set` [ RunTime:0.0015s ]
SQL: SELECT * FROM `wfx_vip_set` LIMIT 1   [ RunTime:0.0001s ]
SQL: SHOW COLUMNS FROM `wfx_shop_set` [ RunTime:0.0020s ]
SQL: SELECT * FROM `wfx_shop_set` LIMIT 1   [ RunTime:0.0002s ]
SQL: SELECT * FROM `wfx_shop_set` WHERE ( id=1 ) LIMIT 1   [ RunTime:0.0002s ]
SQL: SHOW COLUMNS FROM `wfx_upload_img` [ RunTime:0.0017s ]
SQL: SELECT * FROM `wfx_upload_img` WHERE `id` = 135 LIMIT 1   [ RunTime:0.0002s ]
SQL: SHOW COLUMNS FROM `wfx_vip_level` [ RunTime:0.0015s ]
SQL: SELECT `name` FROM `wfx_vip_level` WHERE ( id=1 ) LIMIT 1   [ RunTime:0.0001s ]
SQL: SHOW COLUMNS FROM `wfx_vip_monthexp` [ RunTime:0.0011s ]
SQL: SELECT * FROM `wfx_vip_monthexp` WHERE `month` = '2019-9' AND `vipid` = 1 LIMIT 1   [ RunTime:0.0001s ]
SQL: SHOW COLUMNS FROM `wfx_shop_order` [ RunTime:0.0048s ]
SQL: SELECT * FROM `wfx_shop_order` WHERE `sid` = 0 AND `vipid` = 1 AND `status` <> '0' ORDER BY ctime desc  [ RunTime:0.0008s ]
INFO: [ view_parse ] --START--
INFO: [ template_filter ] --START--
INFO: Run Behavior\ContentReplaceBehavior [ RunTime:0.000056s ]
INFO: [ template_filter ] --END-- [ RunTime:0.000121s ]
INFO: Run Behavior\ParseTemplateBehavior [ RunTime:0.017546s ]
INFO: [ view_parse ] --END-- [ RunTime:0.017619s ]
INFO: [ view_filter ] --START--
INFO: Run Behavior\WriteHtmlCacheBehavior [ RunTime:0.000183s ]
INFO: [ view_filter ] --END-- [ RunTime:0.000233s ]
INFO: [ app_end ] --START--
INFO: Run Behavior\ShowPageTraceBehavior [ RunTime:0.000459s ]
INFO: [ app_end ] --END-- [ RunTime:0.000509s ]

[ 2019-10-21T10:20:50+08:00 ] ::1 /App/Shop/basket/sid/0/lasturl/aHR0cDovL3d4OjgxODEvQXBwL1Nob3Avb3JkZXJMaXN0L3NpZC8w
INFO: [ app_init ] --START--
INFO: Run Behavior\BuildLiteBehavior [ RunTime:0.000016s ]
INFO: [ app_init ] --END-- [ RunTime:0.000355s ]
INFO: [ app_begin ] --START--
INFO: Run Behavior\ReadHtmlCacheBehavior [ RunTime:0.000474s ]
INFO: [ app_begin ] --END-- [ RunTime:0.000535s ]
SQL: SHOW COLUMNS FROM `wfx_set` [ RunTime:0.0023s ]
SQL: SELECT * FROM `wfx_set` LIMIT 1   [ RunTime:0.0002s ]
NOTIC: [8] Undefined index: ppid /Users/gxd/Documents/unknow/wfx/Application/App/Controller/BaseController.class.php 第 32 行.
NOTIC: [8] Undefined index: employee /Users/gxd/Documents/unknow/wfx/Application/App/Controller/BaseController.class.php 第 33 行.
SQL: SHOW COLUMNS FROM `wfx_vip` [ RunTime:0.0021s ]
SQL: SELECT * FROM `wfx_vip` WHERE `openid` = 'owv5gsyXxBMYOjeM56e5vK33it0Y' LIMIT 1   [ RunTime:0.0002s ]
NOTIC: [8] Undefined index: ppid /Users/gxd/Documents/unknow/wfx/Application/App/Controller/BaseController.class.php 第 131 行.
SQL: SHOW COLUMNS FROM `wfx_vip_set` [ RunTime:0.0016s ]
SQL: SELECT * FROM `wfx_vip_set` LIMIT 1   [ RunTime:0.0001s ]
SQL: SHOW COLUMNS FROM `wfx_shop_set` [ RunTime:0.0017s ]
SQL: SELECT * FROM `wfx_shop_set` LIMIT 1   [ RunTime:0.0001s ]
SQL: SELECT * FROM `wfx_shop_set` WHERE ( id=1 ) LIMIT 1   [ RunTime:0.0001s ]
SQL: SHOW COLUMNS FROM `wfx_upload_img` [ RunTime:0.0014s ]
SQL: SELECT * FROM `wfx_upload_img` WHERE `id` = 135 LIMIT 1   [ RunTime:0.0001s ]
SQL: SHOW COLUMNS FROM `wfx_vip_level` [ RunTime:0.0011s ]
SQL: SELECT `name` FROM `wfx_vip_level` WHERE ( id=1 ) LIMIT 1   [ RunTime:0.0001s ]
SQL: SHOW COLUMNS FROM `wfx_vip_monthexp` [ RunTime:0.0011s ]
SQL: SELECT * FROM `wfx_vip_monthexp` WHERE `month` = '2019-9' AND `vipid` = 1 LIMIT 1   [ RunTime:0.0001s ]
SQL: SHOW COLUMNS FROM `wfx_shop_basket` [ RunTime:0.0023s ]
SQL: SHOW COLUMNS FROM `wfx_shop_goods` [ RunTime:0.0014s ]
SQL: SHOW COLUMNS FROM `wfx_shop_goods_sku` [ RunTime:0.0020s ]
SQL: SELECT * FROM `wfx_shop_basket` WHERE `sid` = 0 AND `vipid` = 1  [ RunTime:0.0003s ]
INFO: [ view_parse ] --START--
INFO: [ template_filter ] --START--
INFO: Run Behavior\ContentReplaceBehavior [ RunTime:0.000057s ]
INFO: [ template_filter ] --END-- [ RunTime:0.000117s ]
INFO: Run Behavior\ParseTemplateBehavior [ RunTime:0.010520s ]
INFO: [ view_parse ] --END-- [ RunTime:0.010579s ]
INFO: [ view_filter ] --START--
INFO: Run Behavior\WriteHtmlCacheBehavior [ RunTime:0.000173s ]
INFO: [ view_filter ] --END-- [ RunTime:0.000222s ]
INFO: [ app_end ] --START--
INFO: Run Behavior\ShowPageTraceBehavior [ RunTime:0.000481s ]
INFO: [ app_end ] --END-- [ RunTime:0.000531s ]

[ 2019-10-21T10:20:53+08:00 ] ::1 /App/Shop/orderList/sid/0
INFO: [ app_init ] --START--
INFO: Run Behavior\BuildLiteBehavior [ RunTime:0.000016s ]
INFO: [ app_init ] --END-- [ RunTime:0.000319s ]
INFO: [ app_begin ] --START--
INFO: Run Behavior\ReadHtmlCacheBehavior [ RunTime:0.000584s ]
INFO: [ app_begin ] --END-- [ RunTime:0.000661s ]
SQL: SHOW COLUMNS FROM `wfx_set` [ RunTime:0.0014s ]
SQL: SELECT * FROM `wfx_set` LIMIT 1   [ RunTime:0.0001s ]
NOTIC: [8] Undefined index: ppid /Users/gxd/Documents/unknow/wfx/Application/App/Controller/BaseController.class.php 第 32 行.
NOTIC: [8] Undefined index: employee /Users/gxd/Documents/unknow/wfx/Application/App/Controller/BaseController.class.php 第 33 行.
SQL: SHOW COLUMNS FROM `wfx_vip` [ RunTime:0.0014s ]
SQL: SELECT * FROM `wfx_vip` WHERE `openid` = 'owv5gsyXxBMYOjeM56e5vK33it0Y' LIMIT 1   [ RunTime:0.0001s ]
NOTIC: [8] Undefined index: ppid /Users/gxd/Documents/unknow/wfx/Application/App/Controller/BaseController.class.php 第 131 行.
SQL: SHOW COLUMNS FROM `wfx_vip_set` [ RunTime:0.0014s ]
SQL: SELECT * FROM `wfx_vip_set` LIMIT 1   [ RunTime:0.0002s ]
SQL: SHOW COLUMNS FROM `wfx_shop_set` [ RunTime:0.0017s ]
SQL: SELECT * FROM `wfx_shop_set` LIMIT 1   [ RunTime:0.0001s ]
SQL: SELECT * FROM `wfx_shop_set` WHERE ( id=1 ) LIMIT 1   [ RunTime:0.0001s ]
SQL: SHOW COLUMNS FROM `wfx_upload_img` [ RunTime:0.0010s ]
SQL: SELECT * FROM `wfx_upload_img` WHERE `id` = 135 LIMIT 1   [ RunTime:0.0001s ]
SQL: SHOW COLUMNS FROM `wfx_vip_level` [ RunTime:0.0012s ]
SQL: SELECT `name` FROM `wfx_vip_level` WHERE ( id=1 ) LIMIT 1   [ RunTime:0.0001s ]
SQL: SHOW COLUMNS FROM `wfx_vip_monthexp` [ RunTime:0.0011s ]
SQL: SELECT * FROM `wfx_vip_monthexp` WHERE `month` = '2019-9' AND `vipid` = 1 LIMIT 1   [ RunTime:0.0001s ]
SQL: SHOW COLUMNS FROM `wfx_shop_order` [ RunTime:0.0018s ]
SQL: SELECT * FROM `wfx_shop_order` WHERE `sid` = 0 AND `vipid` = 1 AND `status` <> '0' ORDER BY ctime desc  [ RunTime:0.0001s ]
INFO: [ view_parse ] --START--
INFO: [ template_filter ] --START--
INFO: Run Behavior\ContentReplaceBehavior [ RunTime:0.000047s ]
INFO: [ template_filter ] --END-- [ RunTime:0.000098s ]
INFO: Run Behavior\ParseTemplateBehavior [ RunTime:0.013189s ]
INFO: [ view_parse ] --END-- [ RunTime:0.013240s ]
INFO: [ view_filter ] --START--
INFO: Run Behavior\WriteHtmlCacheBehavior [ RunTime:0.000152s ]
INFO: [ view_filter ] --END-- [ RunTime:0.000194s ]
INFO: [ app_end ] --START--
INFO: Run Behavior\ShowPageTraceBehavior [ RunTime:0.000371s ]
INFO: [ app_end ] --END-- [ RunTime:0.000410s ]

[ 2019-10-21T10:20:54+08:00 ] ::1 /App/Shop/index
INFO: [ app_init ] --START--
INFO: Run Behavior\BuildLiteBehavior [ RunTime:0.000020s ]
INFO: [ app_init ] --END-- [ RunTime:0.000420s ]
INFO: [ app_begin ] --START--
INFO: Run Behavior\ReadHtmlCacheBehavior [ RunTime:0.000525s ]
INFO: [ app_begin ] --END-- [ RunTime:0.000584s ]
SQL: SHOW COLUMNS FROM `wfx_set` [ RunTime:0.0017s ]
SQL: SELECT * FROM `wfx_set` LIMIT 1   [ RunTime:0.0001s ]
NOTIC: [8] Undefined index: ppid /Users/gxd/Documents/unknow/wfx/Application/App/Controller/BaseController.class.php 第 32 行.
NOTIC: [8] Undefined index: employee /Users/gxd/Documents/unknow/wfx/Application/App/Controller/BaseController.class.php 第 33 行.
SQL: SHOW COLUMNS FROM `wfx_vip` [ RunTime:0.0017s ]
SQL: SELECT * FROM `wfx_vip` WHERE `openid` = 'owv5gsyXxBMYOjeM56e5vK33it0Y' LIMIT 1   [ RunTime:0.0001s ]
NOTIC: [8] Undefined index: ppid /Users/gxd/Documents/unknow/wfx/Application/App/Controller/BaseController.class.php 第 131 行.

[ 2019-10-21T10:20:54+08:00 ] ::1 /App/Shop/index/ppid/1
INFO: [ app_init ] --START--
INFO: Run Behavior\BuildLiteBehavior [ RunTime:0.000017s ]
INFO: [ app_init ] --END-- [ RunTime:0.000335s ]
INFO: [ app_begin ] --START--
INFO: Run Behavior\ReadHtmlCacheBehavior [ RunTime:0.000428s ]
INFO: [ app_begin ] --END-- [ RunTime:0.000484s ]
SQL: SHOW COLUMNS FROM `wfx_set` [ RunTime:0.0014s ]
SQL: SELECT * FROM `wfx_set` LIMIT 1   [ RunTime:0.0001s ]
NOTIC: [8] Undefined index: employee /Users/gxd/Documents/unknow/wfx/Application/App/Controller/BaseController.class.php 第 33 行.
SQL: SHOW COLUMNS FROM `wfx_vip` [ RunTime:0.0018s ]
SQL: SELECT * FROM `wfx_vip` WHERE `openid` = 'owv5gsyXxBMYOjeM56e5vK33it0Y' LIMIT 1   [ RunTime:0.0001s ]
SQL: SHOW COLUMNS FROM `wfx_vip_set` [ RunTime:0.0014s ]
SQL: SELECT * FROM `wfx_vip_set` LIMIT 1   [ RunTime:0.0001s ]
SQL: SHOW COLUMNS FROM `wfx_shop_set` [ RunTime:0.0016s ]
SQL: SELECT * FROM `wfx_shop_set` LIMIT 1   [ RunTime:0.0002s ]
SQL: SELECT * FROM `wfx_shop_set` WHERE ( id=1 ) LIMIT 1   [ RunTime:0.0001s ]
SQL: SHOW COLUMNS FROM `wfx_upload_img` [ RunTime:0.0012s ]
SQL: SELECT * FROM `wfx_upload_img` WHERE `id` = 135 LIMIT 1   [ RunTime:0.0001s ]
SQL: SHOW COLUMNS FROM `wfx_shop_goods` [ RunTime:0.0030s ]
SQL: SHOW COLUMNS FROM `wfx_shop_group` [ RunTime:0.0016s ]
SQL: SELECT * FROM `wfx_shop_group` WHERE `status` = 1 LIMIT 1   [ RunTime:0.0001s ]
SQL: SELECT * FROM `wfx_shop_goods` WHERE `id` IN ('10')  [ RunTime:0.0001s ]
SQL: SELECT * FROM `wfx_upload_img` WHERE `id` = 154 LIMIT 1   [ RunTime:0.0001s ]
SQL: SELECT * FROM `wfx_shop_goods` WHERE `status` = 1  [ RunTime:0.0001s ]
SQL: SELECT * FROM `wfx_upload_img` WHERE `id` = 154 LIMIT 1   [ RunTime:0.0001s ]
SQL: SELECT * FROM `wfx_upload_img` WHERE `id` = 157 LIMIT 1   [ RunTime:0.0001s ]
SQL: SELECT * FROM `wfx_upload_img` WHERE `id` = 160 LIMIT 1   [ RunTime:0.0001s ]
SQL: SELECT * FROM `wfx_upload_img` WHERE `id` = 160 LIMIT 1   [ RunTime:0.0001s ]
SQL: SHOW COLUMNS FROM `wfx_shop_cate` [ RunTime:0.0013s ]
SQL: SELECT * FROM `wfx_shop_cate` WHERE `id` IN ('20','21','22','23','24','25','27')  [ RunTime:0.0002s ]
SQL: SELECT * FROM `wfx_upload_img` WHERE `id` = 148 LIMIT 1   [ RunTime:0.0002s ]
SQL: SELECT * FROM `wfx_upload_img` WHERE `id` = 149 LIMIT 1   [ RunTime:0.0001s ]
SQL: SELECT * FROM `wfx_upload_img` WHERE `id` = 167 LIMIT 1   [ RunTime:0.0001s ]
SQL: SELECT * FROM `wfx_shop_cate` WHERE `id` IN ('26','')  [ RunTime:0.0001s ]
SQL: SELECT * FROM `wfx_upload_img` WHERE `id` = 166 LIMIT 1   [ RunTime:0.0001s ]
SQL: SELECT * FROM `wfx_upload_img` WHERE `id` = 166 LIMIT 1   [ RunTime:0.0001s ]
SQL: SELECT * FROM `wfx_upload_img` WHERE `id` = 166 LIMIT 1   [ RunTime:0.0001s ]
SQL: SELECT * FROM `wfx_upload_img` WHERE `id` = 167 LIMIT 1   [ RunTime:0.0001s ]
SQL: SHOW COLUMNS FROM `wfx_shop_ads` [ RunTime:0.0012s ]
SQL: SELECT * FROM `wfx_shop_ads` WHERE ( id )  [ RunTime:0.0001s ]
SQL: SELECT * FROM `wfx_upload_img` WHERE `id` = 137 LIMIT 1   [ RunTime:0.0001s ]
SQL: SELECT * FROM `wfx_upload_img` WHERE `id` = 165 LIMIT 1   [ RunTime:0.0001s ]
INFO: [ view_parse ] --START--
INFO: [ template_filter ] --START--
INFO: Run Behavior\ContentReplaceBehavior [ RunTime:0.000082s ]
INFO: [ template_filter ] --END-- [ RunTime:0.000148s ]
NOTIC: [8] Undefined variable: actname /Users/gxd/Documents/unknow/wfx/Application/Runtime/Cache/App/b56b8082e02b1b878a28f8cba0cac826.php 第 233 行.
INFO: Run Behavior\ParseTemplateBehavior [ RunTime:0.025757s ]
INFO: [ view_parse ] --END-- [ RunTime:0.025813s ]
INFO: [ view_filter ] --START--
INFO: Run Behavior\WriteHtmlCacheBehavior [ RunTime:0.000189s ]
INFO: [ view_filter ] --END-- [ RunTime:0.000237s ]
INFO: [ app_end ] --START--
INFO: Run Behavior\ShowPageTraceBehavior [ RunTime:0.000856s ]
INFO: [ app_end ] --END-- [ RunTime:0.000921s ]

[ 2019-10-21T10:20:56+08:00 ] ::1 /App/Shop/goods/sid/0/id/10/ppid/1
INFO: [ app_init ] --START--
INFO: Run Behavior\BuildLiteBehavior [ RunTime:0.000017s ]
INFO: [ app_init ] --END-- [ RunTime:0.000407s ]
INFO: [ app_begin ] --START--
INFO: Run Behavior\ReadHtmlCacheBehavior [ RunTime:0.000466s ]
INFO: [ app_begin ] --END-- [ RunTime:0.000522s ]
SQL: SHOW COLUMNS FROM `wfx_set` [ RunTime:0.0020s ]
SQL: SELECT * FROM `wfx_set` LIMIT 1   [ RunTime:0.0001s ]
NOTIC: [8] Undefined index: employee /Users/gxd/Documents/unknow/wfx/Application/App/Controller/BaseController.class.php 第 33 行.
SQL: SHOW COLUMNS FROM `wfx_vip` [ RunTime:0.0019s ]
SQL: SELECT * FROM `wfx_vip` WHERE `openid` = 'owv5gsyXxBMYOjeM56e5vK33it0Y' LIMIT 1   [ RunTime:0.0002s ]
SQL: SHOW COLUMNS FROM `wfx_vip_set` [ RunTime:0.0018s ]
SQL: SELECT * FROM `wfx_vip_set` LIMIT 1   [ RunTime:0.0002s ]
SQL: SHOW COLUMNS FROM `wfx_shop_set` [ RunTime:0.0017s ]
SQL: SELECT * FROM `wfx_shop_set` LIMIT 1   [ RunTime:0.0001s ]
SQL: SELECT * FROM `wfx_shop_set` WHERE ( id=1 ) LIMIT 1   [ RunTime:0.0002s ]
SQL: SHOW COLUMNS FROM `wfx_upload_img` [ RunTime:0.0018s ]
SQL: SELECT * FROM `wfx_upload_img` WHERE `id` = 135 LIMIT 1   [ RunTime:0.0001s ]

[ 2019-10-21T11:41:07+08:00 ] ::1 /
INFO: [ app_init ] --START--
INFO: Run Behavior\BuildLiteBehavior [ RunTime:0.000025s ]
INFO: [ app_init ] --END-- [ RunTime:0.000711s ]
INFO: [ app_begin ] --START--
INFO: Run Behavior\ReadHtmlCacheBehavior [ RunTime:0.000802s ]
INFO: [ app_begin ] --END-- [ RunTime:0.000868s ]
SQL: SHOW COLUMNS FROM `wfx_set` [ RunTime:0.0017s ]
SQL: SELECT * FROM `wfx_set` LIMIT 1   [ RunTime:0.0002s ]
NOTIC: [8] Undefined index: ppid /Users/gxd/Documents/unknow/wfx/Application/App/Controller/BaseController.class.php 第 32 行.
NOTIC: [8] Undefined index: employee /Users/gxd/Documents/unknow/wfx/Application/App/Controller/BaseController.class.php 第 33 行.
NOTIC: [8] Undefined index: SYS /Users/gxd/Documents/unknow/wfx/Application/App/Controller/BaseController.class.php 第 36 行.
NOTIC: [8] Undefined index: sqmode /Users/gxd/Documents/unknow/wfx/Application/App/Controller/BaseController.class.php 第 45 行.
INFO: [ view_parse ] --START--
INFO: [ template_filter ] --START--
INFO: Run Behavior\ContentReplaceBehavior [ RunTime:0.000047s ]
INFO: [ template_filter ] --END-- [ RunTime:0.000105s ]
INFO: Run Behavior\ParseTemplateBehavior [ RunTime:0.012750s ]
INFO: [ view_parse ] --END-- [ RunTime:0.012810s ]
INFO: [ view_filter ] --START--
INFO: Run Behavior\WriteHtmlCacheBehavior [ RunTime:0.000639s ]
INFO: [ view_filter ] --END-- [ RunTime:0.000701s ]
INFO: [ view_parse ] --START--
INFO: [ template_filter ] --START--
INFO: Run Behavior\ContentReplaceBehavior [ RunTime:0.000058s ]
INFO: [ template_filter ] --END-- [ RunTime:-0.003469s ]
INFO: Run Behavior\ParseTemplateBehavior [ RunTime:0.002600s ]
INFO: [ view_parse ] --END-- [ RunTime:-0.000787s ]
INFO: [ view_filter ] --START--
INFO: Run Behavior\WriteHtmlCacheBehavior [ RunTime:0.000012s ]
INFO: [ view_filter ] --END-- [ RunTime:-0.002744s ]

[ 2019-10-21T11:41:07+08:00 ] ::1 /favicon.ico
INFO: [ app_init ] --START--
INFO: Run Behavior\BuildLiteBehavior [ RunTime:0.000012s ]
INFO: [ app_init ] --END-- [ RunTime:0.000264s ]

[ 2019-10-21T11:41:23+08:00 ] ::1 /
INFO: [ app_init ] --START--
INFO: Run Behavior\BuildLiteBehavior [ RunTime:0.000013s ]
INFO: [ app_init ] --END-- [ RunTime:0.000273s ]
INFO: [ app_begin ] --START--
INFO: Run Behavior\ReadHtmlCacheBehavior [ RunTime:0.000467s ]
INFO: [ app_begin ] --END-- [ RunTime:0.000551s ]
SQL: SHOW COLUMNS FROM `wfx_set` [ RunTime:0.0013s ]
SQL: SELECT * FROM `wfx_set` LIMIT 1   [ RunTime:0.0002s ]
NOTIC: [8] Undefined index: ppid /Users/gxd/Documents/unknow/wfx/Application/App/Controller/BaseController.class.php 第 32 行.
NOTIC: [8] Undefined index: employee /Users/gxd/Documents/unknow/wfx/Application/App/Controller/BaseController.class.php 第 33 行.
SQL: SHOW COLUMNS FROM `wfx_vip` [ RunTime:0.0016s ]
SQL: SELECT * FROM `wfx_vip` WHERE `openid` = 'owv5gsyXxBMYOjeM56e5vK33it0Y' LIMIT 1   [ RunTime:0.0002s ]
NOTIC: [8] Undefined index: ppid /Users/gxd/Documents/unknow/wfx/Application/App/Controller/BaseController.class.php 第 131 行.

[ 2019-10-21T11:41:24+08:00 ] ::1 /App/Shop/index/ppid/1
INFO: [ app_init ] --START--
INFO: Run Behavior\BuildLiteBehavior [ RunTime:0.000015s ]
INFO: [ app_init ] --END-- [ RunTime:0.000339s ]
INFO: [ app_begin ] --START--
INFO: Run Behavior\ReadHtmlCacheBehavior [ RunTime:0.000487s ]
INFO: [ app_begin ] --END-- [ RunTime:0.000548s ]
SQL: SHOW COLUMNS FROM `wfx_set` [ RunTime:0.0020s ]
SQL: SELECT * FROM `wfx_set` LIMIT 1   [ RunTime:0.0001s ]
NOTIC: [8] Undefined index: employee /Users/gxd/Documents/unknow/wfx/Application/App/Controller/BaseController.class.php 第 33 行.
SQL: SHOW COLUMNS FROM `wfx_vip` [ RunTime:0.0018s ]
SQL: SELECT * FROM `wfx_vip` WHERE `openid` = 'owv5gsyXxBMYOjeM56e5vK33it0Y' LIMIT 1   [ RunTime:0.0002s ]
SQL: SHOW COLUMNS FROM `wfx_vip_set` [ RunTime:0.0114s ]
SQL: SELECT * FROM `wfx_vip_set` LIMIT 1   [ RunTime:0.0001s ]
SQL: SHOW COLUMNS FROM `wfx_shop_set` [ RunTime:0.0015s ]
SQL: SELECT * FROM `wfx_shop_set` LIMIT 1   [ RunTime:0.0001s ]
SQL: SELECT * FROM `wfx_shop_set` WHERE ( id=1 ) LIMIT 1   [ RunTime:0.0001s ]
SQL: SHOW COLUMNS FROM `wfx_upload_img` [ RunTime:0.0013s ]
SQL: SELECT * FROM `wfx_upload_img` WHERE `id` = 135 LIMIT 1   [ RunTime:0.0001s ]
SQL: SHOW COLUMNS FROM `wfx_shop_goods` [ RunTime:0.0030s ]
SQL: SHOW COLUMNS FROM `wfx_shop_group` [ RunTime:0.0014s ]
SQL: SELECT * FROM `wfx_shop_group` WHERE `status` = 1 LIMIT 1   [ RunTime:0.0002s ]
SQL: SELECT * FROM `wfx_shop_goods` WHERE `id` IN ('10')  [ RunTime:0.0001s ]
SQL: SELECT * FROM `wfx_upload_img` WHERE `id` = 154 LIMIT 1   [ RunTime:0.0001s ]
SQL: SELECT * FROM `wfx_shop_goods` WHERE `status` = 1  [ RunTime:0.0002s ]
SQL: SELECT * FROM `wfx_upload_img` WHERE `id` = 154 LIMIT 1   [ RunTime:0.0001s ]
SQL: SELECT * FROM `wfx_upload_img` WHERE `id` = 157 LIMIT 1   [ RunTime:0.0001s ]
SQL: SELECT * FROM `wfx_upload_img` WHERE `id` = 160 LIMIT 1   [ RunTime:0.0001s ]
SQL: SELECT * FROM `wfx_upload_img` WHERE `id` = 160 LIMIT 1   [ RunTime:0.0001s ]
SQL: SHOW COLUMNS FROM `wfx_shop_cate` [ RunTime:0.0012s ]
SQL: SELECT * FROM `wfx_shop_cate` WHERE `id` IN ('20','21','22','23','24','25','27')  [ RunTime:0.0002s ]
SQL: SELECT * FROM `wfx_upload_img` WHERE `id` = 148 LIMIT 1   [ RunTime:0.0001s ]
SQL: SELECT * FROM `wfx_upload_img` WHERE `id` = 149 LIMIT 1   [ RunTime:0.0001s ]
SQL: SELECT * FROM `wfx_upload_img` WHERE `id` = 167 LIMIT 1   [ RunTime:0.0002s ]
SQL: SELECT * FROM `wfx_shop_cate` WHERE `id` IN ('26','')  [ RunTime:0.0001s ]
SQL: SELECT * FROM `wfx_upload_img` WHERE `id` = 166 LIMIT 1   [ RunTime:0.0001s ]
SQL: SELECT * FROM `wfx_upload_img` WHERE `id` = 166 LIMIT 1   [ RunTime:0.0001s ]
SQL: SELECT * FROM `wfx_upload_img` WHERE `id` = 166 LIMIT 1   [ RunTime:0.0001s ]
SQL: SELECT * FROM `wfx_upload_img` WHERE `id` = 167 LIMIT 1   [ RunTime:0.0001s ]
SQL: SHOW COLUMNS FROM `wfx_shop_ads` [ RunTime:0.0013s ]
SQL: SELECT * FROM `wfx_shop_ads` WHERE ( id )  [ RunTime:0.0001s ]
SQL: SELECT * FROM `wfx_upload_img` WHERE `id` = 137 LIMIT 1   [ RunTime:0.0001s ]
SQL: SELECT * FROM `wfx_upload_img` WHERE `id` = 165 LIMIT 1   [ RunTime:0.0002s ]
INFO: [ view_parse ] --START--
INFO: [ template_filter ] --START--
INFO: Run Behavior\ContentReplaceBehavior [ RunTime:0.000072s ]
INFO: [ template_filter ] --END-- [ RunTime:0.000130s ]
NOTIC: [8] Undefined variable: actname /Users/gxd/Documents/unknow/wfx/Application/Runtime/Cache/App/b56b8082e02b1b878a28f8cba0cac826.php 第 233 行.
INFO: Run Behavior\ParseTemplateBehavior [ RunTime:0.030258s ]
INFO: [ view_parse ] --END-- [ RunTime:0.030315s ]
INFO: [ view_filter ] --START--
INFO: Run Behavior\WriteHtmlCacheBehavior [ RunTime:0.000453s ]
INFO: [ view_filter ] --END-- [ RunTime:0.000503s ]
INFO: [ app_end ] --START--
INFO: Run Behavior\ShowPageTraceBehavior [ RunTime:0.000841s ]
INFO: [ app_end ] --END-- [ RunTime:0.000896s ]

[ 2019-10-21T11:42:20+08:00 ] ::1 /App/Shop/index/ppid/1
INFO: [ app_init ] --START--
INFO: Run Behavior\BuildLiteBehavior [ RunTime:0.000015s ]
INFO: [ app_init ] --END-- [ RunTime:0.000513s ]
INFO: [ app_begin ] --START--
INFO: Run Behavior\ReadHtmlCacheBehavior [ RunTime:0.000413s ]
INFO: [ app_begin ] --END-- [ RunTime:0.000462s ]
SQL: SHOW COLUMNS FROM `wfx_set` [ RunTime:0.0014s ]
SQL: SELECT * FROM `wfx_set` LIMIT 1   [ RunTime:0.0001s ]
NOTIC: [8] Undefined index: employee /Users/gxd/Documents/unknow/wfx/Application/App/Controller/BaseController.class.php 第 33 行.
SQL: SHOW COLUMNS FROM `wfx_vip` [ RunTime:0.0017s ]
SQL: SELECT * FROM `wfx_vip` WHERE `openid` = 'owv5gsyXxBMYOjeM56e5vK33it0Y' LIMIT 1   [ RunTime:0.0002s ]
SQL: SHOW COLUMNS FROM `wfx_vip_set` [ RunTime:0.0012s ]
SQL: SELECT * FROM `wfx_vip_set` LIMIT 1   [ RunTime:0.0001s ]
SQL: SHOW COLUMNS FROM `wfx_shop_set` [ RunTime:0.0013s ]
SQL: SELECT * FROM `wfx_shop_set` LIMIT 1   [ RunTime:0.0001s ]
SQL: SELECT * FROM `wfx_shop_set` WHERE ( id=1 ) LIMIT 1   [ RunTime:0.0001s ]
SQL: SHOW COLUMNS FROM `wfx_upload_img` [ RunTime:0.0010s ]
SQL: SELECT * FROM `wfx_upload_img` WHERE `id` = 135 LIMIT 1   [ RunTime:0.0001s ]
NOTIC: [8] Undefined index: m /Users/gxd/Documents/unknow/wfx/Application/App/Controller/ShopController.class.php 第 1525 行.

[ 2019-10-21T11:42:52+08:00 ] ::1 /App/Shop/index/ppid/1
INFO: [ app_init ] --START--
INFO: Run Behavior\BuildLiteBehavior [ RunTime:0.000026s ]
INFO: [ app_init ] --END-- [ RunTime:0.000453s ]
INFO: [ app_begin ] --START--
INFO: Run Behavior\ReadHtmlCacheBehavior [ RunTime:0.000500s ]
INFO: [ app_begin ] --END-- [ RunTime:0.000565s ]
SQL: SHOW COLUMNS FROM `wfx_set` [ RunTime:0.0017s ]
SQL: SELECT * FROM `wfx_set` LIMIT 1   [ RunTime:0.0002s ]
NOTIC: [8] Undefined index: employee /Users/gxd/Documents/unknow/wfx/Application/App/Controller/BaseController.class.php 第 33 行.
SQL: SHOW COLUMNS FROM `wfx_vip` [ RunTime:0.0019s ]
SQL: SELECT * FROM `wfx_vip` WHERE `openid` = 'owv5gsyXxBMYOjeM56e5vK33it0Y' LIMIT 1   [ RunTime:0.0002s ]
SQL: SHOW COLUMNS FROM `wfx_vip_set` [ RunTime:0.0015s ]
SQL: SELECT * FROM `wfx_vip_set` LIMIT 1   [ RunTime:0.0002s ]
SQL: SHOW COLUMNS FROM `wfx_shop_set` [ RunTime:0.0015s ]
SQL: SELECT * FROM `wfx_shop_set` LIMIT 1   [ RunTime:0.0002s ]
SQL: SELECT * FROM `wfx_shop_set` WHERE ( id=1 ) LIMIT 1   [ RunTime:0.0001s ]
SQL: SHOW COLUMNS FROM `wfx_upload_img` [ RunTime:0.0012s ]
SQL: SELECT * FROM `wfx_upload_img` WHERE `id` = 135 LIMIT 1   [ RunTime:0.0001s ]
NOTIC: [8] Undefined index: m /Users/gxd/Documents/unknow/wfx/Application/App/Controller/ShopController.class.php 第 1525 行.

[ 2019-10-21T11:43:13+08:00 ] ::1 /App/Shop/index/ppid/1
INFO: [ app_init ] --START--
INFO: Run Behavior\BuildLiteBehavior [ RunTime:0.000017s ]
INFO: [ app_init ] --END-- [ RunTime:0.000385s ]
INFO: [ app_begin ] --START--
INFO: Run Behavior\ReadHtmlCacheBehavior [ RunTime:0.000381s ]
INFO: [ app_begin ] --END-- [ RunTime:0.000434s ]
SQL: SHOW COLUMNS FROM `wfx_set` [ RunTime:0.0019s ]
SQL: SELECT * FROM `wfx_set` LIMIT 1   [ RunTime:0.0001s ]
NOTIC: [8] Undefined index: employee /Users/gxd/Documents/unknow/wfx/Application/App/Controller/BaseController.class.php 第 33 行.
SQL: SHOW COLUMNS FROM `wfx_vip` [ RunTime:0.0017s ]
SQL: SELECT * FROM `wfx_vip` WHERE `openid` = 'owv5gsyXxBMYOjeM56e5vK33it0Y' LIMIT 1   [ RunTime:0.0001s ]
SQL: SHOW COLUMNS FROM `wfx_vip_set` [ RunTime:0.0012s ]
SQL: SELECT * FROM `wfx_vip_set` LIMIT 1   [ RunTime:0.0002s ]
SQL: SHOW COLUMNS FROM `wfx_shop_set` [ RunTime:0.0015s ]
SQL: SELECT * FROM `wfx_shop_set` LIMIT 1   [ RunTime:0.0001s ]
SQL: SELECT * FROM `wfx_shop_set` WHERE ( id=1 ) LIMIT 1   [ RunTime:0.0001s ]
SQL: SHOW COLUMNS FROM `wfx_upload_img` [ RunTime:0.0010s ]
SQL: SELECT * FROM `wfx_upload_img` WHERE `id` = 135 LIMIT 1   [ RunTime:0.0001s ]
NOTIC: [8] Undefined index: m /Users/gxd/Documents/unknow/wfx/Application/App/Controller/ShopController.class.php 第 1525 行.

[ 2019-10-21T11:43:32+08:00 ] ::1 /App/Shop/index/ppid/1
INFO: [ app_init ] --START--
INFO: Run Behavior\BuildLiteBehavior [ RunTime:0.000016s ]
INFO: [ app_init ] --END-- [ RunTime:0.000335s ]
INFO: [ app_begin ] --START--
INFO: Run Behavior\ReadHtmlCacheBehavior [ RunTime:0.000481s ]
INFO: [ app_begin ] --END-- [ RunTime:0.000541s ]
SQL: SHOW COLUMNS FROM `wfx_set` [ RunTime:0.0016s ]
SQL: SELECT * FROM `wfx_set` LIMIT 1   [ RunTime:0.0001s ]
NOTIC: [8] Undefined index: employee /Users/gxd/Documents/unknow/wfx/Application/App/Controller/BaseController.class.php 第 33 行.
SQL: SHOW COLUMNS FROM `wfx_vip` [ RunTime:0.0018s ]
SQL: SELECT * FROM `wfx_vip` WHERE `openid` = 'owv5gsyXxBMYOjeM56e5vK33it0Y' LIMIT 1   [ RunTime:0.0002s ]
SQL: SHOW COLUMNS FROM `wfx_vip_set` [ RunTime:0.0013s ]
SQL: SELECT * FROM `wfx_vip_set` LIMIT 1   [ RunTime:0.0001s ]
SQL: SHOW COLUMNS FROM `wfx_shop_set` [ RunTime:0.0015s ]
SQL: SELECT * FROM `wfx_shop_set` LIMIT 1   [ RunTime:0.0001s ]
SQL: SELECT * FROM `wfx_shop_set` WHERE ( id=1 ) LIMIT 1   [ RunTime:0.0001s ]
SQL: SHOW COLUMNS FROM `wfx_upload_img` [ RunTime:0.0012s ]
SQL: SELECT * FROM `wfx_upload_img` WHERE `id` = 135 LIMIT 1   [ RunTime:0.0001s ]
NOTIC: [8] Undefined index: m /Users/gxd/Documents/unknow/wfx/Application/App/Controller/ShopController.class.php 第 1525 行.

[ 2019-10-21T11:44:10+08:00 ] ::1 /App/Shop/index/ppid/1
INFO: [ app_init ] --START--
INFO: Run Behavior\BuildLiteBehavior [ RunTime:0.000016s ]
INFO: [ app_init ] --END-- [ RunTime:0.000340s ]
INFO: [ app_begin ] --START--
INFO: Run Behavior\ReadHtmlCacheBehavior [ RunTime:0.000424s ]
INFO: [ app_begin ] --END-- [ RunTime:0.000480s ]
SQL: SHOW COLUMNS FROM `wfx_set` [ RunTime:0.0019s ]
SQL: SELECT * FROM `wfx_set` LIMIT 1   [ RunTime:0.0002s ]
NOTIC: [8] Undefined index: employee /Users/gxd/Documents/unknow/wfx/Application/App/Controller/BaseController.class.php 第 33 行.
SQL: SHOW COLUMNS FROM `wfx_vip` [ RunTime:0.0019s ]
SQL: SELECT * FROM `wfx_vip` WHERE `openid` = 'owv5gsyXxBMYOjeM56e5vK33it0Y' LIMIT 1   [ RunTime:0.0001s ]
SQL: SHOW COLUMNS FROM `wfx_vip_set` [ RunTime:0.0017s ]
SQL: SELECT * FROM `wfx_vip_set` LIMIT 1   [ RunTime:0.0002s ]
SQL: SHOW COLUMNS FROM `wfx_shop_set` [ RunTime:0.0018s ]
SQL: SELECT * FROM `wfx_shop_set` LIMIT 1   [ RunTime:0.0001s ]
SQL: SELECT * FROM `wfx_shop_set` WHERE ( id=1 ) LIMIT 1   [ RunTime:0.0001s ]
SQL: SHOW COLUMNS FROM `wfx_upload_img` [ RunTime:0.0011s ]
SQL: SELECT * FROM `wfx_upload_img` WHERE `id` = 135 LIMIT 1   [ RunTime:0.0001s ]
NOTIC: [8] Undefined index: m /Users/gxd/Documents/unknow/wfx/Application/App/Controller/ShopController.class.php 第 1525 行.

[ 2019-10-21T11:44:11+08:00 ] ::1 /App/Shop/index/ppid/1
INFO: [ app_init ] --START--
INFO: Run Behavior\BuildLiteBehavior [ RunTime:0.000016s ]
INFO: [ app_init ] --END-- [ RunTime:0.000525s ]
INFO: [ app_begin ] --START--
INFO: Run Behavior\ReadHtmlCacheBehavior [ RunTime:0.000660s ]
INFO: [ app_begin ] --END-- [ RunTime:0.000729s ]
SQL: SHOW COLUMNS FROM `wfx_set` [ RunTime:0.0018s ]
SQL: SELECT * FROM `wfx_set` LIMIT 1   [ RunTime:0.0002s ]
NOTIC: [8] Undefined index: employee /Users/gxd/Documents/unknow/wfx/Application/App/Controller/BaseController.class.php 第 33 行.
SQL: SHOW COLUMNS FROM `wfx_vip` [ RunTime:0.0016s ]
SQL: SELECT * FROM `wfx_vip` WHERE `openid` = 'owv5gsyXxBMYOjeM56e5vK33it0Y' LIMIT 1   [ RunTime:0.0001s ]
SQL: SHOW COLUMNS FROM `wfx_vip_set` [ RunTime:0.0013s ]
SQL: SELECT * FROM `wfx_vip_set` LIMIT 1   [ RunTime:0.0001s ]
SQL: SHOW COLUMNS FROM `wfx_shop_set` [ RunTime:0.0013s ]
SQL: SELECT * FROM `wfx_shop_set` LIMIT 1   [ RunTime:0.0001s ]
SQL: SELECT * FROM `wfx_shop_set` WHERE ( id=1 ) LIMIT 1   [ RunTime:0.0001s ]
SQL: SHOW COLUMNS FROM `wfx_upload_img` [ RunTime:0.0011s ]
SQL: SELECT * FROM `wfx_upload_img` WHERE `id` = 135 LIMIT 1   [ RunTime:0.0001s ]
NOTIC: [8] Undefined index: m /Users/gxd/Documents/unknow/wfx/Application/App/Controller/ShopController.class.php 第 1525 行.

[ 2019-10-21T11:49:35+08:00 ] ::1 /App/Shop/index/ppid/1
INFO: [ app_init ] --START--
INFO: Run Behavior\BuildLiteBehavior [ RunTime:0.000015s ]
INFO: [ app_init ] --END-- [ RunTime:0.000348s ]
INFO: [ app_begin ] --START--
INFO: Run Behavior\ReadHtmlCacheBehavior [ RunTime:0.000433s ]
INFO: [ app_begin ] --END-- [ RunTime:0.000490s ]
SQL: SHOW COLUMNS FROM `wfx_set` [ RunTime:0.0018s ]
SQL: SELECT * FROM `wfx_set` LIMIT 1   [ RunTime:0.0002s ]
NOTIC: [8] Undefined index: employee /Users/gxd/Documents/unknow/wfx/Application/App/Controller/BaseController.class.php 第 33 行.
SQL: SHOW COLUMNS FROM `wfx_vip` [ RunTime:0.0024s ]
SQL: SELECT * FROM `wfx_vip` WHERE `openid` = 'owv5gsyXxBMYOjeM56e5vK33it0Y' LIMIT 1   [ RunTime:0.0002s ]
SQL: SHOW COLUMNS FROM `wfx_vip_set` [ RunTime:0.0019s ]
SQL: SELECT * FROM `wfx_vip_set` LIMIT 1   [ RunTime:0.0001s ]
SQL: SHOW COLUMNS FROM `wfx_shop_set` [ RunTime:0.0014s ]
SQL: SELECT * FROM `wfx_shop_set` LIMIT 1   [ RunTime:0.0001s ]
SQL: SELECT * FROM `wfx_shop_set` WHERE ( id=1 ) LIMIT 1   [ RunTime:0.0001s ]
SQL: SHOW COLUMNS FROM `wfx_upload_img` [ RunTime:0.0010s ]
SQL: SELECT * FROM `wfx_upload_img` WHERE `id` = 135 LIMIT 1   [ RunTime:0.0001s ]
NOTIC: [8] Undefined index: m /Users/gxd/Documents/unknow/wfx/Application/App/Controller/ShopController.class.php 第 1526 行.

[ 2019-10-21T11:52:58+08:00 ] ::1 /App/Shop/index/ppid/1
INFO: [ app_init ] --START--
INFO: Run Behavior\BuildLiteBehavior [ RunTime:0.000013s ]
INFO: [ app_init ] --END-- [ RunTime:0.000311s ]
INFO: [ app_begin ] --START--
INFO: Run Behavior\ReadHtmlCacheBehavior [ RunTime:0.000401s ]
INFO: [ app_begin ] --END-- [ RunTime:0.000453s ]
SQL: SHOW COLUMNS FROM `wfx_set` [ RunTime:0.0016s ]
SQL: SELECT * FROM `wfx_set` LIMIT 1   [ RunTime:0.0001s ]
NOTIC: [8] Undefined index: employee /Users/gxd/Documents/unknow/wfx/Application/App/Controller/BaseController.class.php 第 33 行.
SQL: SHOW COLUMNS FROM `wfx_vip` [ RunTime:0.0015s ]
SQL: SELECT * FROM `wfx_vip` WHERE `openid` = 'owv5gsyXxBMYOjeM56e5vK33it0Y' LIMIT 1   [ RunTime:0.0002s ]
SQL: SHOW COLUMNS FROM `wfx_vip_set` [ RunTime:0.0013s ]
SQL: SELECT * FROM `wfx_vip_set` LIMIT 1   [ RunTime:0.0001s ]
SQL: SHOW COLUMNS FROM `wfx_shop_set` [ RunTime:0.0012s ]
SQL: SELECT * FROM `wfx_shop_set` LIMIT 1   [ RunTime:0.0001s ]
SQL: SELECT * FROM `wfx_shop_set` WHERE ( id=1 ) LIMIT 1   [ RunTime:0.0001s ]
SQL: SHOW COLUMNS FROM `wfx_upload_img` [ RunTime:0.0008s ]
SQL: SELECT * FROM `wfx_upload_img` WHERE `id` = 135 LIMIT 1   [ RunTime:0.0001s ]
NOTIC: [8] Undefined index: m /Users/gxd/Documents/unknow/wfx/Application/App/Controller/ShopController.class.php 第 1526 行.

[ 2019-10-21T14:59:21+08:00 ] ::1 /
INFO: [ app_init ] --START--
INFO: Run Behavior\BuildLiteBehavior [ RunTime:0.000014s ]
INFO: [ app_init ] --END-- [ RunTime:0.001113s ]
INFO: [ app_begin ] --START--
INFO: Run Behavior\ReadHtmlCacheBehavior [ RunTime:0.001641s ]
INFO: [ app_begin ] --END-- [ RunTime:0.001883s ]
SQL: SHOW COLUMNS FROM `wfx_set` [ RunTime:0.0038s ]
SQL: SELECT * FROM `wfx_set` LIMIT 1   [ RunTime:0.0002s ]
NOTIC: [8] Undefined index: ppid /Users/gxd/Documents/unknow/wfx/Application/App/Controller/BaseController.class.php 第 32 行.
NOTIC: [8] Undefined index: employee /Users/gxd/Documents/unknow/wfx/Application/App/Controller/BaseController.class.php 第 33 行.
SQL: SHOW COLUMNS FROM `wfx_vip` [ RunTime:0.0018s ]
SQL: SELECT * FROM `wfx_vip` WHERE `openid` = 'owv5gsyXxBMYOjeM56e5vK33it0Y' LIMIT 1   [ RunTime:0.0002s ]
NOTIC: [8] Undefined index: ppid /Users/gxd/Documents/unknow/wfx/Application/App/Controller/BaseController.class.php 第 131 行.

[ 2019-10-21T14:59:22+08:00 ] ::1 /App/Shop/index/ppid/1
INFO: [ app_init ] --START--
INFO: Run Behavior\BuildLiteBehavior [ RunTime:0.000015s ]
INFO: [ app_init ] --END-- [ RunTime:0.000331s ]
INFO: [ app_begin ] --START--
INFO: Run Behavior\ReadHtmlCacheBehavior [ RunTime:0.000431s ]
INFO: [ app_begin ] --END-- [ RunTime:0.000486s ]
SQL: SHOW COLUMNS FROM `wfx_set` [ RunTime:0.0015s ]
SQL: SELECT * FROM `wfx_set` LIMIT 1   [ RunTime:0.0002s ]
NOTIC: [8] Undefined index: employee /Users/gxd/Documents/unknow/wfx/Application/App/Controller/BaseController.class.php 第 33 行.
SQL: SHOW COLUMNS FROM `wfx_vip` [ RunTime:0.0016s ]
SQL: SELECT * FROM `wfx_vip` WHERE `openid` = 'owv5gsyXxBMYOjeM56e5vK33it0Y' LIMIT 1   [ RunTime:0.0002s ]
SQL: SHOW COLUMNS FROM `wfx_vip_set` [ RunTime:0.0014s ]
SQL: SELECT * FROM `wfx_vip_set` LIMIT 1   [ RunTime:0.0001s ]
SQL: SHOW COLUMNS FROM `wfx_shop_set` [ RunTime:0.0016s ]
SQL: SELECT * FROM `wfx_shop_set` LIMIT 1   [ RunTime:0.0001s ]
SQL: SELECT * FROM `wfx_shop_set` WHERE ( id=1 ) LIMIT 1   [ RunTime:0.0001s ]
SQL: SHOW COLUMNS FROM `wfx_upload_img` [ RunTime:0.0011s ]
SQL: SELECT * FROM `wfx_upload_img` WHERE `id` = 135 LIMIT 1   [ RunTime:0.0001s ]

[ 2019-10-21T14:59:43+08:00 ] ::1 /App/Shop/index/ppid/1
INFO: [ app_init ] --START--
INFO: Run Behavior\BuildLiteBehavior [ RunTime:0.000016s ]
INFO: [ app_init ] --END-- [ RunTime:0.000340s ]
INFO: [ app_begin ] --START--
INFO: Run Behavior\ReadHtmlCacheBehavior [ RunTime:0.000473s ]
INFO: [ app_begin ] --END-- [ RunTime:0.000537s ]
SQL: SHOW COLUMNS FROM `wfx_set` [ RunTime:0.0017s ]
SQL: SELECT * FROM `wfx_set` LIMIT 1   [ RunTime:0.0001s ]
NOTIC: [8] Undefined index: employee /Users/gxd/Documents/unknow/wfx/Application/App/Controller/BaseController.class.php 第 33 行.
SQL: SHOW COLUMNS FROM `wfx_vip` [ RunTime:0.0019s ]
SQL: SELECT * FROM `wfx_vip` WHERE `openid` = 'owv5gsyXxBMYOjeM56e5vK33it0Y' LIMIT 1   [ RunTime:0.0002s ]
SQL: SHOW COLUMNS FROM `wfx_vip_set` [ RunTime:0.0014s ]
SQL: SELECT * FROM `wfx_vip_set` LIMIT 1   [ RunTime:0.0001s ]
SQL: SHOW COLUMNS FROM `wfx_shop_set` [ RunTime:0.0014s ]
SQL: SELECT * FROM `wfx_shop_set` LIMIT 1   [ RunTime:0.0001s ]
SQL: SELECT * FROM `wfx_shop_set` WHERE ( id=1 ) LIMIT 1   [ RunTime:0.0001s ]
SQL: SHOW COLUMNS FROM `wfx_upload_img` [ RunTime:0.0011s ]
SQL: SELECT * FROM `wfx_upload_img` WHERE `id` = 135 LIMIT 1   [ RunTime:0.0001s ]

[ 2019-10-21T14:59:45+08:00 ] ::1 /App/Shop/index/ppid/1
INFO: [ app_init ] --START--
INFO: Run Behavior\BuildLiteBehavior [ RunTime:0.000015s ]
INFO: [ app_init ] --END-- [ RunTime:0.000333s ]
INFO: [ app_begin ] --START--
INFO: Run Behavior\ReadHtmlCacheBehavior [ RunTime:0.000555s ]
INFO: [ app_begin ] --END-- [ RunTime:0.000741s ]
SQL: SHOW COLUMNS FROM `wfx_set` [ RunTime:0.0017s ]
SQL: SELECT * FROM `wfx_set` LIMIT 1   [ RunTime:0.0001s ]
NOTIC: [8] Undefined index: employee /Users/gxd/Documents/unknow/wfx/Application/App/Controller/BaseController.class.php 第 33 行.
SQL: SHOW COLUMNS FROM `wfx_vip` [ RunTime:0.0017s ]
SQL: SELECT * FROM `wfx_vip` WHERE `openid` = 'owv5gsyXxBMYOjeM56e5vK33it0Y' LIMIT 1   [ RunTime:0.0002s ]
SQL: SHOW COLUMNS FROM `wfx_vip_set` [ RunTime:0.0013s ]
SQL: SELECT * FROM `wfx_vip_set` LIMIT 1   [ RunTime:0.0001s ]
SQL: SHOW COLUMNS FROM `wfx_shop_set` [ RunTime:0.0015s ]
SQL: SELECT * FROM `wfx_shop_set` LIMIT 1   [ RunTime:0.0001s ]
SQL: SELECT * FROM `wfx_shop_set` WHERE ( id=1 ) LIMIT 1   [ RunTime:0.0001s ]
SQL: SHOW COLUMNS FROM `wfx_upload_img` [ RunTime:0.0014s ]
SQL: SELECT * FROM `wfx_upload_img` WHERE `id` = 135 LIMIT 1   [ RunTime:0.0001s ]

[ 2019-10-21T15:00:05+08:00 ] ::1 /App/Shop/index/ppid/1
INFO: [ app_init ] --START--
INFO: Run Behavior\BuildLiteBehavior [ RunTime:0.000014s ]
INFO: [ app_init ] --END-- [ RunTime:0.000320s ]
INFO: [ app_begin ] --START--
INFO: Run Behavior\ReadHtmlCacheBehavior [ RunTime:0.000466s ]
INFO: [ app_begin ] --END-- [ RunTime:0.000551s ]
SQL: SHOW COLUMNS FROM `wfx_set` [ RunTime:0.0016s ]
SQL: SELECT * FROM `wfx_set` LIMIT 1   [ RunTime:0.0002s ]
NOTIC: [8] Undefined index: employee /Users/gxd/Documents/unknow/wfx/Application/App/Controller/BaseController.class.php 第 33 行.
SQL: SHOW COLUMNS FROM `wfx_vip` [ RunTime:0.0019s ]
SQL: SELECT * FROM `wfx_vip` WHERE `openid` = 'owv5gsyXxBMYOjeM56e5vK33it0Y' LIMIT 1   [ RunTime:0.0001s ]
SQL: SHOW COLUMNS FROM `wfx_vip_set` [ RunTime:0.0013s ]
SQL: SELECT * FROM `wfx_vip_set` LIMIT 1   [ RunTime:0.0001s ]
SQL: SHOW COLUMNS FROM `wfx_shop_set` [ RunTime:0.0015s ]
SQL: SELECT * FROM `wfx_shop_set` LIMIT 1   [ RunTime:0.0001s ]
SQL: SELECT * FROM `wfx_shop_set` WHERE ( id=1 ) LIMIT 1   [ RunTime:0.0001s ]
SQL: SHOW COLUMNS FROM `wfx_upload_img` [ RunTime:0.0009s ]
SQL: SELECT * FROM `wfx_upload_img` WHERE `id` = 135 LIMIT 1   [ RunTime:0.0001s ]
SQL: SHOW COLUMNS FROM `wfx_shop_goods` [ RunTime:0.0027s ]
SQL: SHOW COLUMNS FROM `wfx_shop_group` [ RunTime:0.0014s ]
SQL: SELECT * FROM `wfx_shop_group` WHERE `status` = 1 LIMIT 1   [ RunTime:0.0001s ]
SQL: SELECT * FROM `wfx_shop_goods` WHERE `id` IN ('10')  [ RunTime:0.0002s ]
SQL: SELECT * FROM `wfx_upload_img` WHERE `id` = 154 LIMIT 1   [ RunTime:0.0001s ]
SQL: SELECT * FROM `wfx_shop_goods` WHERE `status` = 1  [ RunTime:0.0002s ]
SQL: SELECT * FROM `wfx_upload_img` WHERE `id` = 154 LIMIT 1   [ RunTime:0.0001s ]
SQL: SELECT * FROM `wfx_upload_img` WHERE `id` = 157 LIMIT 1   [ RunTime:0.0001s ]
SQL: SELECT * FROM `wfx_upload_img` WHERE `id` = 160 LIMIT 1   [ RunTime:0.0001s ]
SQL: SELECT * FROM `wfx_upload_img` WHERE `id` = 160 LIMIT 1   [ RunTime:0.0001s ]
SQL: SHOW COLUMNS FROM `wfx_shop_cate` [ RunTime:0.0017s ]
SQL: SELECT * FROM `wfx_shop_cate` WHERE `id` IN ('20','21','22','23','24','25','27')  [ RunTime:0.0001s ]
SQL: SELECT * FROM `wfx_upload_img` WHERE `id` = 148 LIMIT 1   [ RunTime:0.0001s ]
SQL: SELECT * FROM `wfx_upload_img` WHERE `id` = 149 LIMIT 1   [ RunTime:0.0002s ]
SQL: SELECT * FROM `wfx_upload_img` WHERE `id` = 167 LIMIT 1   [ RunTime:0.0001s ]
SQL: SELECT * FROM `wfx_shop_cate` WHERE `id` IN ('26','')  [ RunTime:0.0001s ]
SQL: SELECT * FROM `wfx_upload_img` WHERE `id` = 166 LIMIT 1   [ RunTime:0.0001s ]
SQL: SELECT * FROM `wfx_upload_img` WHERE `id` = 166 LIMIT 1   [ RunTime:0.0001s ]
SQL: SELECT * FROM `wfx_upload_img` WHERE `id` = 166 LIMIT 1   [ RunTime:0.0001s ]
SQL: SELECT * FROM `wfx_upload_img` WHERE `id` = 167 LIMIT 1   [ RunTime:0.0001s ]
SQL: SHOW COLUMNS FROM `wfx_shop_ads` [ RunTime:0.0012s ]
SQL: SELECT * FROM `wfx_shop_ads` WHERE ( id )  [ RunTime:0.0001s ]
SQL: SELECT * FROM `wfx_upload_img` WHERE `id` = 137 LIMIT 1   [ RunTime:0.0001s ]
SQL: SELECT * FROM `wfx_upload_img` WHERE `id` = 165 LIMIT 1   [ RunTime:0.0001s ]
INFO: [ view_parse ] --START--
INFO: [ template_filter ] --START--
INFO: Run Behavior\ContentReplaceBehavior [ RunTime:0.000081s ]
INFO: [ template_filter ] --END-- [ RunTime:0.000151s ]
NOTIC: [8] Undefined variable: actname /Users/gxd/Documents/unknow/wfx/Application/Runtime/Cache/App/b56b8082e02b1b878a28f8cba0cac826.php 第 233 行.
INFO: Run Behavior\ParseTemplateBehavior [ RunTime:0.028631s ]
INFO: [ view_parse ] --END-- [ RunTime:0.028699s ]
INFO: [ view_filter ] --START--
INFO: Run Behavior\WriteHtmlCacheBehavior [ RunTime:0.000710s ]
INFO: [ view_filter ] --END-- [ RunTime:0.000780s ]
INFO: [ app_end ] --START--
INFO: Run Behavior\ShowPageTraceBehavior [ RunTime:0.001113s ]
INFO: [ app_end ] --END-- [ RunTime:0.001186s ]

