[ 2018-11-26T10:29:41+08:00 ] ::1 /wfx/
INFO: [ app_init ] --START--
INFO: Run Behavior\BuildLiteBehavior [ RunTime:0.000000s ]
INFO: [ app_init ] --END-- [ RunTime:0.001001s ]
INFO: [ app_begin ] --START--
INFO: Run Behavior\ReadHtmlCacheBehavior [ RunTime:0.005000s ]
INFO: [ app_begin ] --END-- [ RunTime:0.006000s ]
SQL: SHOW COLUMNS FROM `wfx_set` [ RunTime:0.0810s ]
SQL: SELECT * FROM `wfx_set` LIMIT 1   [ RunTime:0.0000s ]
SQL: SHOW COLUMNS FROM `wfx_cms_set` [ RunTime:0.0240s ]
SQL: SELECT * FROM `wfx_cms_set` LIMIT 1   [ RunTime:0.0010s ]
SQL: SHOW COLUMNS FROM `wfx_shop_set` [ RunTime:0.0290s ]
SQL: SELECT * FROM `wfx_shop_set` LIMIT 1   [ RunTime:0.0000s ]

[ 2018-11-26T10:29:41+08:00 ] ::1 /wfx/Admin/Public/login
INFO: [ app_init ] --START--
INFO: Run Behavior\BuildLiteBehavior [ RunTime:0.000000s ]
INFO: [ app_init ] --END-- [ RunTime:0.001000s ]
INFO: [ app_begin ] --START--
INFO: Run Behavior\ReadHtmlCacheBehavior [ RunTime:0.007000s ]
INFO: [ app_begin ] --END-- [ RunTime:0.008000s ]
SQL: SHOW COLUMNS FROM `wfx_set` [ RunTime:0.0050s ]
SQL: SELECT * FROM `wfx_set` LIMIT 1   [ RunTime:0.0000s ]
SQL: SHOW COLUMNS FROM `wfx_cms_set` [ RunTime:0.0080s ]
SQL: SELECT * FROM `wfx_cms_set` LIMIT 1   [ RunTime:0.0000s ]
SQL: SHOW COLUMNS FROM `wfx_shop_set` [ RunTime:0.0050s ]
SQL: SELECT * FROM `wfx_shop_set` LIMIT 1   [ RunTime:0.0010s ]
NOTIC: [8] Undefined index: uid D:\wamp64\www\wfx\Application\Admin\Controller\PublicController.class.php 第 49 行.
INFO: [ view_parse ] --START--
INFO: [ template_filter ] --START--
INFO: Run Behavior\ContentReplaceBehavior [ RunTime:0.000000s ]
INFO: [ template_filter ] --END-- [ RunTime:0.000000s ]
INFO: Run Behavior\ParseTemplateBehavior [ RunTime:0.021002s ]
INFO: [ view_parse ] --END-- [ RunTime:0.021002s ]
INFO: [ view_filter ] --START--
INFO: Run Behavior\WriteHtmlCacheBehavior [ RunTime:0.003000s ]
INFO: [ view_filter ] --END-- [ RunTime:0.003000s ]
INFO: [ app_end ] --START--
INFO: Run Behavior\ShowPageTraceBehavior [ RunTime:0.004000s ]
INFO: [ app_end ] --END-- [ RunTime:0.006000s ]

[ 2018-11-26T10:29:42+08:00 ] ::1 /wfx/Admin/Public/verify
INFO: [ app_init ] --START--
INFO: Run Behavior\BuildLiteBehavior [ RunTime:0.000000s ]
INFO: [ app_init ] --END-- [ RunTime:0.002001s ]
INFO: [ app_begin ] --START--
INFO: Run Behavior\ReadHtmlCacheBehavior [ RunTime:0.003000s ]
INFO: [ app_begin ] --END-- [ RunTime:0.003000s ]
SQL: SHOW COLUMNS FROM `wfx_set` [ RunTime:0.0070s ]
SQL: SELECT * FROM `wfx_set` LIMIT 1   [ RunTime:0.0010s ]
SQL: SHOW COLUMNS FROM `wfx_cms_set` [ RunTime:0.0080s ]
SQL: SELECT * FROM `wfx_cms_set` LIMIT 1   [ RunTime:0.0010s ]
SQL: SHOW COLUMNS FROM `wfx_shop_set` [ RunTime:0.0100s ]
SQL: SELECT * FROM `wfx_shop_set` LIMIT 1   [ RunTime:0.0010s ]
INFO: [ app_end ] --START--
INFO: Run Behavior\ShowPageTraceBehavior [ RunTime:0.004000s ]
INFO: [ app_end ] --END-- [ RunTime:0.004000s ]

[ 2018-11-26T10:29:49+08:00 ] ::1 /wfx/Admin/Public/login
INFO: [ app_init ] --START--
INFO: Run Behavior\BuildLiteBehavior [ RunTime:0.000000s ]
INFO: [ app_init ] --END-- [ RunTime:0.002000s ]
INFO: [ app_begin ] --START--
INFO: Run Behavior\ReadHtmlCacheBehavior [ RunTime:0.002000s ]
INFO: [ app_begin ] --END-- [ RunTime:0.003000s ]
SQL: SHOW COLUMNS FROM `wfx_set` [ RunTime:0.0070s ]
SQL: SELECT * FROM `wfx_set` LIMIT 1   [ RunTime:0.0000s ]
SQL: SHOW COLUMNS FROM `wfx_cms_set` [ RunTime:0.0040s ]
SQL: SELECT * FROM `wfx_cms_set` LIMIT 1   [ RunTime:0.0000s ]
SQL: SHOW COLUMNS FROM `wfx_shop_set` [ RunTime:0.0080s ]
SQL: SELECT * FROM `wfx_shop_set` LIMIT 1   [ RunTime:0.0000s ]
SQL: SHOW COLUMNS FROM `wfx_user` [ RunTime:0.0630s ]
SQL: SELECT * FROM `wfx_user` WHERE `username` = 'admin' AND `userpass` = 'e10adc3949ba59abbe56e057f20f883e' LIMIT 1   [ RunTime:0.0000s ]
SQL: SHOW COLUMNS FROM `wfx_employee` [ RunTime:0.0200s ]
SQL: SELECT * FROM `wfx_employee` WHERE `username` = 'admin' AND `userpass` = 'e10adc3949ba59abbe56e057f20f883e' LIMIT 1   [ RunTime:0.0000s ]
INFO: [ view_parse ] --START--
INFO: [ template_filter ] --START--
INFO: Run Behavior\ContentReplaceBehavior [ RunTime:0.000000s ]
INFO: [ template_filter ] --END-- [ RunTime:0.001001s ]
INFO: Run Behavior\ParseTemplateBehavior [ RunTime:0.055003s ]
INFO: [ view_parse ] --END-- [ RunTime:0.055003s ]
INFO: [ view_filter ] --START--
INFO: Run Behavior\WriteHtmlCacheBehavior [ RunTime:0.005000s ]
INFO: [ view_filter ] --END-- [ RunTime:0.005000s ]

[ 2018-11-26T10:29:51+08:00 ] ::1 /wfx/Admin/Public/login
INFO: [ app_init ] --START--
INFO: Run Behavior\BuildLiteBehavior [ RunTime:0.001000s ]
INFO: [ app_init ] --END-- [ RunTime:0.001000s ]
INFO: [ app_begin ] --START--
INFO: Run Behavior\ReadHtmlCacheBehavior [ RunTime:0.003000s ]
INFO: [ app_begin ] --END-- [ RunTime:0.003000s ]
SQL: SHOW COLUMNS FROM `wfx_set` [ RunTime:0.0060s ]
SQL: SELECT * FROM `wfx_set` LIMIT 1   [ RunTime:0.0010s ]
SQL: SHOW COLUMNS FROM `wfx_cms_set` [ RunTime:0.0390s ]
SQL: SELECT * FROM `wfx_cms_set` LIMIT 1   [ RunTime:0.0010s ]
SQL: SHOW COLUMNS FROM `wfx_shop_set` [ RunTime:0.0070s ]
SQL: SELECT * FROM `wfx_shop_set` LIMIT 1   [ RunTime:0.0010s ]
NOTIC: [8] Undefined index: uid D:\wamp64\www\wfx\Application\Admin\Controller\PublicController.class.php 第 49 行.
INFO: [ view_parse ] --START--
INFO: [ template_filter ] --START--
INFO: Run Behavior\ContentReplaceBehavior [ RunTime:0.000000s ]
INFO: [ template_filter ] --END-- [ RunTime:0.000000s ]
INFO: Run Behavior\ParseTemplateBehavior [ RunTime:0.027002s ]
INFO: [ view_parse ] --END-- [ RunTime:0.027002s ]
INFO: [ view_filter ] --START--
INFO: Run Behavior\WriteHtmlCacheBehavior [ RunTime:0.003000s ]
INFO: [ view_filter ] --END-- [ RunTime:0.004000s ]
INFO: [ app_end ] --START--
INFO: Run Behavior\ShowPageTraceBehavior [ RunTime:0.002000s ]
INFO: [ app_end ] --END-- [ RunTime:0.003000s ]

[ 2018-11-26T10:29:51+08:00 ] ::1 /wfx/Admin/Public/verify
INFO: [ app_init ] --START--
INFO: Run Behavior\BuildLiteBehavior [ RunTime:0.000000s ]
INFO: [ app_init ] --END-- [ RunTime:0.002000s ]
INFO: [ app_begin ] --START--
INFO: Run Behavior\ReadHtmlCacheBehavior [ RunTime:0.004000s ]
INFO: [ app_begin ] --END-- [ RunTime:0.004000s ]
SQL: SHOW COLUMNS FROM `wfx_set` [ RunTime:0.0080s ]
SQL: SELECT * FROM `wfx_set` LIMIT 1   [ RunTime:0.0020s ]
SQL: SHOW COLUMNS FROM `wfx_cms_set` [ RunTime:0.0090s ]
SQL: SELECT * FROM `wfx_cms_set` LIMIT 1   [ RunTime:0.0010s ]
SQL: SHOW COLUMNS FROM `wfx_shop_set` [ RunTime:0.0080s ]
SQL: SELECT * FROM `wfx_shop_set` LIMIT 1   [ RunTime:0.0010s ]
INFO: [ app_end ] --START--
INFO: Run Behavior\ShowPageTraceBehavior [ RunTime:0.004000s ]
INFO: [ app_end ] --END-- [ RunTime:0.004000s ]

[ 2018-11-26T10:29:59+08:00 ] ::1 /wfx/Admin/Public/login
INFO: [ app_init ] --START--
INFO: Run Behavior\BuildLiteBehavior [ RunTime:0.001000s ]
INFO: [ app_init ] --END-- [ RunTime:0.001000s ]
INFO: [ app_begin ] --START--
INFO: Run Behavior\ReadHtmlCacheBehavior [ RunTime:0.002000s ]
INFO: [ app_begin ] --END-- [ RunTime:0.002000s ]
SQL: SHOW COLUMNS FROM `wfx_set` [ RunTime:0.0070s ]
SQL: SELECT * FROM `wfx_set` LIMIT 1   [ RunTime:0.0000s ]
SQL: SHOW COLUMNS FROM `wfx_cms_set` [ RunTime:0.0050s ]
SQL: SELECT * FROM `wfx_cms_set` LIMIT 1   [ RunTime:0.0010s ]
SQL: SHOW COLUMNS FROM `wfx_shop_set` [ RunTime:0.0080s ]
SQL: SELECT * FROM `wfx_shop_set` LIMIT 1   [ RunTime:0.0010s ]
SQL: SHOW COLUMNS FROM `wfx_user` [ RunTime:0.0070s ]
SQL: SELECT * FROM `wfx_user` WHERE `username` = 'admin' AND `userpass` = 'e10adc3949ba59abbe56e057f20f883e' LIMIT 1   [ RunTime:0.0010s ]
SQL: SHOW COLUMNS FROM `wfx_employee` [ RunTime:0.0060s ]
SQL: SELECT * FROM `wfx_employee` WHERE `username` = 'admin' AND `userpass` = 'e10adc3949ba59abbe56e057f20f883e' LIMIT 1   [ RunTime:0.0010s ]
INFO: [ view_parse ] --START--
INFO: [ template_filter ] --START--
INFO: Run Behavior\ContentReplaceBehavior [ RunTime:0.000000s ]
INFO: [ template_filter ] --END-- [ RunTime:0.000000s ]
INFO: Run Behavior\ParseTemplateBehavior [ RunTime:0.020001s ]
INFO: [ view_parse ] --END-- [ RunTime:0.020001s ]
INFO: [ view_filter ] --START--
INFO: Run Behavior\WriteHtmlCacheBehavior [ RunTime:0.004000s ]
INFO: [ view_filter ] --END-- [ RunTime:0.004000s ]

[ 2018-11-26T10:30:00+08:00 ] ::1 /wfx/Admin/Public/login
INFO: [ app_init ] --START--
INFO: Run Behavior\BuildLiteBehavior [ RunTime:0.000000s ]
INFO: [ app_init ] --END-- [ RunTime:0.001000s ]
INFO: [ app_begin ] --START--
INFO: Run Behavior\ReadHtmlCacheBehavior [ RunTime:0.002000s ]
INFO: [ app_begin ] --END-- [ RunTime:0.002000s ]
SQL: SHOW COLUMNS FROM `wfx_set` [ RunTime:0.0070s ]
SQL: SELECT * FROM `wfx_set` LIMIT 1   [ RunTime:0.0010s ]
SQL: SHOW COLUMNS FROM `wfx_cms_set` [ RunTime:0.0050s ]
SQL: SELECT * FROM `wfx_cms_set` LIMIT 1   [ RunTime:0.0000s ]
SQL: SHOW COLUMNS FROM `wfx_shop_set` [ RunTime:0.0050s ]
SQL: SELECT * FROM `wfx_shop_set` LIMIT 1   [ RunTime:0.0000s ]
NOTIC: [8] Undefined index: uid D:\wamp64\www\wfx\Application\Admin\Controller\PublicController.class.php 第 49 行.
INFO: [ view_parse ] --START--
INFO: [ template_filter ] --START--
INFO: Run Behavior\ContentReplaceBehavior [ RunTime:0.000000s ]
INFO: [ template_filter ] --END-- [ RunTime:0.001000s ]
INFO: Run Behavior\ParseTemplateBehavior [ RunTime:0.017001s ]
INFO: [ view_parse ] --END-- [ RunTime:0.018001s ]
INFO: [ view_filter ] --START--
INFO: Run Behavior\WriteHtmlCacheBehavior [ RunTime:0.003000s ]
INFO: [ view_filter ] --END-- [ RunTime:0.003000s ]
INFO: [ app_end ] --START--
INFO: Run Behavior\ShowPageTraceBehavior [ RunTime:0.002000s ]
INFO: [ app_end ] --END-- [ RunTime:0.003000s ]

[ 2018-11-26T10:30:01+08:00 ] ::1 /wfx/Admin/Public/verify
INFO: [ app_init ] --START--
INFO: Run Behavior\BuildLiteBehavior [ RunTime:0.000000s ]
INFO: [ app_init ] --END-- [ RunTime:0.001000s ]
INFO: [ app_begin ] --START--
INFO: Run Behavior\ReadHtmlCacheBehavior [ RunTime:0.006001s ]
INFO: [ app_begin ] --END-- [ RunTime:0.006001s ]
SQL: SHOW COLUMNS FROM `wfx_set` [ RunTime:0.0060s ]
SQL: SELECT * FROM `wfx_set` LIMIT 1   [ RunTime:0.0010s ]
SQL: SHOW COLUMNS FROM `wfx_cms_set` [ RunTime:0.0070s ]
SQL: SELECT * FROM `wfx_cms_set` LIMIT 1   [ RunTime:0.0000s ]
SQL: SHOW COLUMNS FROM `wfx_shop_set` [ RunTime:0.0060s ]
SQL: SELECT * FROM `wfx_shop_set` LIMIT 1   [ RunTime:0.0000s ]
INFO: [ app_end ] --START--
INFO: Run Behavior\ShowPageTraceBehavior [ RunTime:0.003000s ]
INFO: [ app_end ] --END-- [ RunTime:0.004000s ]

[ 2018-11-26T10:30:07+08:00 ] ::1 /wfx/Admin/Public/login
INFO: [ app_init ] --START--
INFO: Run Behavior\BuildLiteBehavior [ RunTime:0.000000s ]
INFO: [ app_init ] --END-- [ RunTime:0.001000s ]
INFO: [ app_begin ] --START--
INFO: Run Behavior\ReadHtmlCacheBehavior [ RunTime:0.003000s ]
INFO: [ app_begin ] --END-- [ RunTime:0.003000s ]
SQL: SHOW COLUMNS FROM `wfx_set` [ RunTime:0.0070s ]
SQL: SELECT * FROM `wfx_set` LIMIT 1   [ RunTime:0.0010s ]
SQL: SHOW COLUMNS FROM `wfx_cms_set` [ RunTime:0.0060s ]
SQL: SELECT * FROM `wfx_cms_set` LIMIT 1   [ RunTime:0.0010s ]
SQL: SHOW COLUMNS FROM `wfx_shop_set` [ RunTime:0.0080s ]
SQL: SELECT * FROM `wfx_shop_set` LIMIT 1   [ RunTime:0.0010s ]
SQL: SHOW COLUMNS FROM `wfx_user` [ RunTime:0.0070s ]
SQL: SELECT * FROM `wfx_user` WHERE `username` = 'admin' AND `userpass` = '21232f297a57a5a743894a0e4a801fc3' LIMIT 1   [ RunTime:0.0010s ]
SQL: SHOW COLUMNS FROM `wfx_employee` [ RunTime:0.0060s ]
SQL: SELECT * FROM `wfx_employee` WHERE `username` = 'admin' AND `userpass` = '21232f297a57a5a743894a0e4a801fc3' LIMIT 1   [ RunTime:0.0020s ]

[ 2018-11-26T10:30:07+08:00 ] ::1 /wfx/Admin/Index/index
INFO: [ app_init ] --START--
INFO: Run Behavior\BuildLiteBehavior [ RunTime:0.000000s ]
INFO: [ app_init ] --END-- [ RunTime:0.001000s ]
INFO: [ app_begin ] --START--
INFO: Run Behavior\ReadHtmlCacheBehavior [ RunTime:0.003000s ]
INFO: [ app_begin ] --END-- [ RunTime:0.003000s ]
SQL: SHOW COLUMNS FROM `wfx_set` [ RunTime:0.0070s ]
SQL: SELECT * FROM `wfx_set` LIMIT 1   [ RunTime:0.0010s ]
SQL: SHOW COLUMNS FROM `wfx_cms_set` [ RunTime:0.0060s ]
SQL: SELECT * FROM `wfx_cms_set` LIMIT 1   [ RunTime:0.0010s ]
SQL: SHOW COLUMNS FROM `wfx_shop_set` [ RunTime:0.0080s ]
SQL: SELECT * FROM `wfx_shop_set` LIMIT 1   [ RunTime:0.0000s ]
SQL: SHOW COLUMNS FROM `wfx_user_oath` [ RunTime:0.0330s ]
SQL: SELECT * FROM `wfx_user_oath`  [ RunTime:0.0000s ]
INFO: [ view_parse ] --START--
INFO: [ template_filter ] --START--
INFO: Run Behavior\ContentReplaceBehavior [ RunTime:0.002000s ]
INFO: [ template_filter ] --END-- [ RunTime:0.002000s ]
INFO: Run Behavior\ParseTemplateBehavior [ RunTime:0.112007s ]
INFO: [ view_parse ] --END-- [ RunTime:0.112007s ]
INFO: [ view_filter ] --START--
INFO: Run Behavior\WriteHtmlCacheBehavior [ RunTime:0.003000s ]
INFO: [ view_filter ] --END-- [ RunTime:0.004000s ]
INFO: [ app_end ] --START--
INFO: Run Behavior\ShowPageTraceBehavior [ RunTime:0.003000s ]
INFO: [ app_end ] --END-- [ RunTime:0.003000s ]

[ 2018-11-26T10:30:08+08:00 ] ::1 /wfx/Admin/Index/main
INFO: [ app_init ] --START--
INFO: Run Behavior\BuildLiteBehavior [ RunTime:0.000000s ]
INFO: [ app_init ] --END-- [ RunTime:0.002000s ]
INFO: [ app_begin ] --START--
INFO: Run Behavior\ReadHtmlCacheBehavior [ RunTime:0.051003s ]
INFO: [ app_begin ] --END-- [ RunTime:0.051003s ]
SQL: SHOW COLUMNS FROM `wfx_set` [ RunTime:0.0130s ]
SQL: SELECT * FROM `wfx_set` LIMIT 1   [ RunTime:0.0010s ]
SQL: SHOW COLUMNS FROM `wfx_cms_set` [ RunTime:0.0070s ]
SQL: SELECT * FROM `wfx_cms_set` LIMIT 1   [ RunTime:0.0020s ]
SQL: SHOW COLUMNS FROM `wfx_shop_set` [ RunTime:0.0070s ]
SQL: SELECT * FROM `wfx_shop_set` LIMIT 1   [ RunTime:0.0010s ]
INFO: [ view_parse ] --START--
INFO: [ template_filter ] --START--
INFO: Run Behavior\ContentReplaceBehavior [ RunTime:0.000000s ]
INFO: [ template_filter ] --END-- [ RunTime:0.001000s ]
INFO: Run Behavior\ParseTemplateBehavior [ RunTime:0.028002s ]
INFO: [ view_parse ] --END-- [ RunTime:0.028002s ]
INFO: [ view_filter ] --START--
INFO: Run Behavior\WriteHtmlCacheBehavior [ RunTime:0.003000s ]
INFO: [ view_filter ] --END-- [ RunTime:0.003000s ]
SQL: SHOW COLUMNS FROM `wfx_vip` [ RunTime:0.0330s ]
SQL: SELECT COUNT(*) AS tp_count FROM `wfx_vip` LIMIT 1   [ RunTime:0.0000s ]
SQL: SELECT COUNT(*) AS tp_count FROM `wfx_vip` WHERE ( subscribe=1 ) LIMIT 1   [ RunTime:0.0010s ]
SQL: SELECT COUNT(*) AS tp_count FROM `wfx_vip` WHERE `ctime` BETWEEN 1543161600 AND 1543247999 LIMIT 1   [ RunTime:0.0000s ]
SQL: SELECT COUNT(*) AS tp_count FROM `wfx_vip` WHERE `ctime` BETWEEN 1543075200 AND 1543161599 LIMIT 1   [ RunTime:0.0010s ]
SQL: SHOW COLUMNS FROM `wfx_shop_order` [ RunTime:0.0280s ]
SQL: SELECT COUNT(*) AS tp_count FROM `wfx_shop_order` LIMIT 1   [ RunTime:0.0000s ]
SQL: SELECT COUNT(*) AS tp_count FROM `wfx_shop_order` WHERE ( status=0 ) LIMIT 1   [ RunTime:0.0010s ]
SQL: SELECT COUNT(*) AS tp_count FROM `wfx_shop_order` WHERE ( status=1 ) LIMIT 1   [ RunTime:0.0010s ]
SQL: SELECT COUNT(*) AS tp_count FROM `wfx_shop_order` WHERE ( status=2 ) LIMIT 1   [ RunTime:0.0000s ]
SQL: SELECT COUNT(*) AS tp_count FROM `wfx_shop_order` WHERE ( status=3 ) LIMIT 1   [ RunTime:0.0010s ]
SQL: SELECT COUNT(*) AS tp_count FROM `wfx_shop_order` WHERE ( status=4 ) LIMIT 1   [ RunTime:0.0010s ]
SQL: SELECT COUNT(*) AS tp_count FROM `wfx_shop_order` WHERE ( status=5 ) LIMIT 1   [ RunTime:0.0010s ]
SQL: SELECT COUNT(*) AS tp_count FROM `wfx_shop_order` WHERE ( status=6 ) LIMIT 1   [ RunTime:0.0010s ]
SQL: SELECT COUNT(*) AS tp_count FROM `wfx_shop_order` WHERE `ctime` BETWEEN 1543161600 AND 1543247999 LIMIT 1   [ RunTime:0.0000s ]
SQL: SELECT COUNT(*) AS tp_count FROM `wfx_shop_order` WHERE `ctime` BETWEEN 1543075200 AND 1543161599 LIMIT 1   [ RunTime:0.0010s ]
SQL: SHOW COLUMNS FROM `wfx_fx_syslog` [ RunTime:0.0260s ]
SQL: SELECT SUM(fxyj) AS tp_sum FROM `wfx_fx_syslog` LIMIT 1   [ RunTime:0.0010s ]
SQL: SELECT SUM(fxyj) AS tp_sum FROM `wfx_fx_syslog` WHERE `ctime` BETWEEN 1543161600 AND 1543247999 LIMIT 1   [ RunTime:0.0000s ]
SQL: SELECT SUM(fxyj) AS tp_sum FROM `wfx_fx_syslog` WHERE `ctime` BETWEEN 1543075200 AND 1543161599 LIMIT 1   [ RunTime:0.0000s ]
NOTIC: [2] Division by zero D:\wamp64\www\wfx\Application\Admin\Controller\IndexController.class.php 第 138 行.
SQL: SELECT COUNT(*) AS tp_count FROM `wfx_vip` WHERE `isfx` = 0 AND `isfxgd` = 0 LIMIT 1   [ RunTime:0.0010s ]
SQL: SELECT COUNT(*) AS tp_count FROM `wfx_vip` WHERE `isfx` = 1 AND `isfxgd` = 0 LIMIT 1   [ RunTime:0.0010s ]
SQL: SELECT COUNT(*) AS tp_count FROM `wfx_vip` WHERE ( isfxgd=1 ) LIMIT 1   [ RunTime:0.0010s ]
SQL: SHOW COLUMNS FROM `wfx_vip_log_sub` [ RunTime:0.0270s ]
SQL: SELECT * FROM `wfx_vip_log_sub` ORDER BY ctime desc LIMIT 5   [ RunTime:0.0010s ]
SQL: SELECT * FROM `wfx_fx_syslog` ORDER BY ctime desc LIMIT 5   [ RunTime:0.0010s ]
SQL: SHOW COLUMNS FROM `wfx_fx_log_tj` [ RunTime:0.0340s ]
SQL: SELECT * FROM `wfx_fx_log_tj` ORDER BY ctime desc LIMIT 5   [ RunTime:0.0010s ]
SQL: SELECT * FROM `wfx_shop_order` WHERE `ispay` = 1 AND `status` = 2 ORDER BY ctime desc LIMIT 5   [ RunTime:0.0010s ]
SQL: SELECT SUM(totalprice) AS tp_sum FROM `wfx_shop_order` WHERE `ispay` = 1 LIMIT 1   [ RunTime:0.0000s ]
SQL: SELECT SUM(totalprice) AS tp_sum FROM `wfx_shop_order` WHERE `status` = 5 LIMIT 1   [ RunTime:0.0010s ]
SQL: SELECT SUM(totalnum) AS tp_sum FROM `wfx_shop_order` WHERE `ispay` = 1 LIMIT 1   [ RunTime:0.0000s ]
SQL: SHOW COLUMNS FROM `wfx_vip_tx` [ RunTime:0.0240s ]
SQL: SELECT SUM(txprice) AS tp_sum FROM `wfx_vip_tx` WHERE `status` = 2 LIMIT 1   [ RunTime:0.0010s ]
INFO: [ view_parse ] --START--
INFO: [ template_filter ] --START--
INFO: Run Behavior\ContentReplaceBehavior [ RunTime:0.001000s ]
INFO: [ template_filter ] --END-- [ RunTime:-0.293017s ]
INFO: Run Behavior\ParseTemplateBehavior [ RunTime:0.055003s ]
INFO: [ view_parse ] --END-- [ RunTime:-0.248014s ]
INFO: [ view_filter ] --START--
INFO: Run Behavior\WriteHtmlCacheBehavior [ RunTime:0.000000s ]
INFO: [ view_filter ] --END-- [ RunTime:-0.300017s ]
INFO: [ app_end ] --START--
INFO: Run Behavior\ShowPageTraceBehavior [ RunTime:0.003001s ]
INFO: [ app_end ] --END-- [ RunTime:0.004001s ]

[ 2018-11-26T10:30:13+08:00 ] ::1 /wfx/Admin/Vip/vipList
INFO: [ app_init ] --START--
INFO: Run Behavior\BuildLiteBehavior [ RunTime:0.000000s ]
INFO: [ app_init ] --END-- [ RunTime:0.001000s ]
INFO: [ app_begin ] --START--
INFO: Run Behavior\ReadHtmlCacheBehavior [ RunTime:0.006001s ]
INFO: [ app_begin ] --END-- [ RunTime:0.006001s ]
SQL: SHOW COLUMNS FROM `wfx_set` [ RunTime:0.0060s ]
SQL: SELECT * FROM `wfx_set` LIMIT 1   [ RunTime:0.0000s ]
SQL: SHOW COLUMNS FROM `wfx_cms_set` [ RunTime:0.0050s ]
SQL: SELECT * FROM `wfx_cms_set` LIMIT 1   [ RunTime:0.0010s ]
SQL: SHOW COLUMNS FROM `wfx_shop_set` [ RunTime:0.0070s ]
SQL: SELECT * FROM `wfx_shop_set` LIMIT 1   [ RunTime:0.0010s ]
INFO: [ view_parse ] --START--
INFO: [ template_filter ] --START--
INFO: Run Behavior\ContentReplaceBehavior [ RunTime:0.001000s ]
INFO: [ template_filter ] --END-- [ RunTime:0.001000s ]
INFO: Run Behavior\ParseTemplateBehavior [ RunTime:0.026002s ]
INFO: [ view_parse ] --END-- [ RunTime:0.026002s ]
INFO: [ view_filter ] --START--
INFO: Run Behavior\WriteHtmlCacheBehavior [ RunTime:0.004000s ]
INFO: [ view_filter ] --END-- [ RunTime:0.004000s ]
SQL: SHOW COLUMNS FROM `wfx_employee` [ RunTime:0.0060s ]
SQL: SELECT * FROM `wfx_employee`  [ RunTime:0.0000s ]
SQL: SHOW COLUMNS FROM `wfx_vip` [ RunTime:0.0060s ]
NOTIC: [8] Undefined index: p D:\wamp64\www\wfx\Application\Admin\Controller\VipController.class.php 第 327 行.
NOTIC: [8] Undefined variable: map D:\wamp64\www\wfx\Application\Admin\Controller\VipController.class.php 第 339 行.
SQL: SELECT * FROM `wfx_vip` LIMIT 0,20   [ RunTime:0.0010s ]
SQL: SHOW COLUMNS FROM `wfx_vip_level` [ RunTime:0.0250s ]
SQL: SELECT `name` FROM `wfx_vip_level` WHERE ( id=1 ) LIMIT 1   [ RunTime:0.0010s ]
NOTIC: [8] Undefined variable: map D:\wamp64\www\wfx\Application\Admin\Controller\VipController.class.php 第 358 行.
SQL: SELECT COUNT(*) AS tp_count FROM `wfx_vip` LIMIT 1   [ RunTime:0.0020s ]
NOTIC: [2] Missing argument 6 for Admin\Controller\BaseController::getPage(), called in D:\wamp64\www\wfx\Application\Admin\Controller\VipController.class.php on line 359 and defined D:\wamp64\www\wfx\Application\Admin\Controller\BaseController.class.php 第 91 行.
NOTIC: [8] Undefined variable: map D:\wamp64\www\wfx\Application\Admin\Controller\BaseController.class.php 第 103 行.
INFO: [ view_parse ] --START--
INFO: [ template_filter ] --START--
INFO: Run Behavior\ContentReplaceBehavior [ RunTime:0.000000s ]
INFO: [ template_filter ] --END-- [ RunTime:-0.088005s ]
NOTIC: [8] Undefined variable: plv D:\wamp64\www\wfx\Application\Runtime\Cache\Admin\749beb32de2ab4786077c3e0cb80130c.php 第 33 行.
NOTIC: [8] Undefined variable: search D:\wamp64\www\wfx\Application\Runtime\Cache\Admin\749beb32de2ab4786077c3e0cb80130c.php 第 36 行.
INFO: Run Behavior\ParseTemplateBehavior [ RunTime:0.024001s ]
INFO: [ view_parse ] --END-- [ RunTime:-0.069004s ]
INFO: [ view_filter ] --START--
INFO: Run Behavior\WriteHtmlCacheBehavior [ RunTime:0.000000s ]
INFO: [ view_filter ] --END-- [ RunTime:-0.090005s ]
INFO: [ app_end ] --START--
INFO: Run Behavior\ShowPageTraceBehavior [ RunTime:0.003000s ]
INFO: [ app_end ] --END-- [ RunTime:0.003000s ]

[ 2018-11-26T10:30:17+08:00 ] ::1 /wfx/Admin/Vip/vipTree
INFO: [ app_init ] --START--
INFO: Run Behavior\BuildLiteBehavior [ RunTime:0.000000s ]
INFO: [ app_init ] --END-- [ RunTime:0.001000s ]
INFO: [ app_begin ] --START--
INFO: Run Behavior\ReadHtmlCacheBehavior [ RunTime:0.003001s ]
INFO: [ app_begin ] --END-- [ RunTime:0.003001s ]
SQL: SHOW COLUMNS FROM `wfx_set` [ RunTime:0.0050s ]
SQL: SELECT * FROM `wfx_set` LIMIT 1   [ RunTime:0.0010s ]
SQL: SHOW COLUMNS FROM `wfx_cms_set` [ RunTime:0.0050s ]
SQL: SELECT * FROM `wfx_cms_set` LIMIT 1   [ RunTime:0.0000s ]
SQL: SHOW COLUMNS FROM `wfx_shop_set` [ RunTime:0.0050s ]
SQL: SELECT * FROM `wfx_shop_set` LIMIT 1   [ RunTime:0.0010s ]
SQL: SHOW COLUMNS FROM `wfx_vip` [ RunTime:0.0060s ]
SQL: SELECT * FROM `wfx_vip` WHERE ( id=1 ) LIMIT 1   [ RunTime:0.0010s ]

[ 2018-11-26T10:30:20+08:00 ] ::1 /wfx/Admin/Vip/vipSet/id/1
INFO: [ app_init ] --START--
INFO: Run Behavior\BuildLiteBehavior [ RunTime:0.000000s ]
INFO: [ app_init ] --END-- [ RunTime:0.001000s ]
INFO: [ app_begin ] --START--
INFO: Run Behavior\ReadHtmlCacheBehavior [ RunTime:0.005000s ]
INFO: [ app_begin ] --END-- [ RunTime:0.006000s ]
SQL: SHOW COLUMNS FROM `wfx_set` [ RunTime:0.0060s ]
SQL: SELECT * FROM `wfx_set` LIMIT 1   [ RunTime:0.0010s ]
SQL: SHOW COLUMNS FROM `wfx_cms_set` [ RunTime:0.0050s ]
SQL: SELECT * FROM `wfx_cms_set` LIMIT 1   [ RunTime:0.0010s ]
SQL: SHOW COLUMNS FROM `wfx_shop_set` [ RunTime:0.0060s ]
SQL: SELECT * FROM `wfx_shop_set` LIMIT 1   [ RunTime:0.0010s ]
SQL: SHOW COLUMNS FROM `wfx_vip` [ RunTime:0.0060s ]
INFO: [ view_parse ] --START--
INFO: [ template_filter ] --START--
INFO: Run Behavior\ContentReplaceBehavior [ RunTime:0.000000s ]
INFO: [ template_filter ] --END-- [ RunTime:0.001000s ]
INFO: Run Behavior\ParseTemplateBehavior [ RunTime:0.024001s ]
INFO: [ view_parse ] --END-- [ RunTime:0.024001s ]
INFO: [ view_filter ] --START--
INFO: Run Behavior\WriteHtmlCacheBehavior [ RunTime:0.003000s ]
INFO: [ view_filter ] --END-- [ RunTime:0.003000s ]
SQL: SELECT * FROM `wfx_vip` WHERE ( id=1 ) LIMIT 1   [ RunTime:0.0010s ]
INFO: [ view_parse ] --START--
INFO: [ template_filter ] --START--
INFO: Run Behavior\ContentReplaceBehavior [ RunTime:0.001000s ]
INFO: [ template_filter ] --END-- [ RunTime:-0.023001s ]
INFO: Run Behavior\ParseTemplateBehavior [ RunTime:0.020001s ]
INFO: [ view_parse ] --END-- [ RunTime:-0.006001s ]
INFO: [ view_filter ] --START--
INFO: Run Behavior\WriteHtmlCacheBehavior [ RunTime:0.000000s ]
INFO: [ view_filter ] --END-- [ RunTime:-0.023002s ]
INFO: [ app_end ] --START--
INFO: Run Behavior\ShowPageTraceBehavior [ RunTime:0.003000s ]
INFO: [ app_end ] --END-- [ RunTime:0.003000s ]

[ 2018-11-26T10:30:23+08:00 ] ::1 /wfx/Admin/Index/help
INFO: [ app_init ] --START--
INFO: Run Behavior\BuildLiteBehavior [ RunTime:0.000000s ]
INFO: [ app_init ] --END-- [ RunTime:0.001000s ]
INFO: [ app_begin ] --START--
INFO: Run Behavior\ReadHtmlCacheBehavior [ RunTime:0.005000s ]
INFO: [ app_begin ] --END-- [ RunTime:0.005000s ]
SQL: SHOW COLUMNS FROM `wfx_set` [ RunTime:0.0050s ]
SQL: SELECT * FROM `wfx_set` LIMIT 1   [ RunTime:0.0010s ]
SQL: SHOW COLUMNS FROM `wfx_cms_set` [ RunTime:0.0060s ]
SQL: SELECT * FROM `wfx_cms_set` LIMIT 1   [ RunTime:0.0000s ]
SQL: SHOW COLUMNS FROM `wfx_shop_set` [ RunTime:0.0050s ]
SQL: SELECT * FROM `wfx_shop_set` LIMIT 1   [ RunTime:0.0000s ]
INFO: [ view_parse ] --START--
INFO: [ template_filter ] --START--
INFO: Run Behavior\ContentReplaceBehavior [ RunTime:0.001000s ]
INFO: [ template_filter ] --END-- [ RunTime:0.001000s ]
INFO: Run Behavior\ParseTemplateBehavior [ RunTime:0.020001s ]
INFO: [ view_parse ] --END-- [ RunTime:0.021001s ]
INFO: [ view_filter ] --START--
INFO: Run Behavior\WriteHtmlCacheBehavior [ RunTime:0.003000s ]
INFO: [ view_filter ] --END-- [ RunTime:0.003000s ]
INFO: [ app_end ] --START--
INFO: Run Behavior\ShowPageTraceBehavior [ RunTime:0.005000s ]
INFO: [ app_end ] --END-- [ RunTime:0.005000s ]

[ 2018-11-26T10:30:29+08:00 ] ::1 /wfx/Admin/Vip/message
INFO: [ app_init ] --START--
INFO: Run Behavior\BuildLiteBehavior [ RunTime:0.000000s ]
INFO: [ app_init ] --END-- [ RunTime:0.001000s ]
INFO: [ app_begin ] --START--
INFO: Run Behavior\ReadHtmlCacheBehavior [ RunTime:0.004000s ]
INFO: [ app_begin ] --END-- [ RunTime:0.005000s ]
SQL: SHOW COLUMNS FROM `wfx_set` [ RunTime:0.0010s ]
SQL: SELECT * FROM `wfx_set` LIMIT 1   [ RunTime:0.0000s ]
SQL: SHOW COLUMNS FROM `wfx_cms_set` [ RunTime:0.0010s ]
SQL: SELECT * FROM `wfx_cms_set` LIMIT 1   [ RunTime:0.0000s ]
SQL: SHOW COLUMNS FROM `wfx_shop_set` [ RunTime:0.0010s ]
SQL: SELECT * FROM `wfx_shop_set` LIMIT 1   [ RunTime:0.0000s ]
INFO: [ view_parse ] --START--
INFO: [ template_filter ] --START--
INFO: Run Behavior\ContentReplaceBehavior [ RunTime:0.000000s ]
INFO: [ template_filter ] --END-- [ RunTime:0.000000s ]
INFO: Run Behavior\ParseTemplateBehavior [ RunTime:0.017001s ]
INFO: [ view_parse ] --END-- [ RunTime:0.018001s ]
INFO: [ view_filter ] --START--
INFO: Run Behavior\WriteHtmlCacheBehavior [ RunTime:0.002000s ]
INFO: [ view_filter ] --END-- [ RunTime:0.002000s ]
SQL: SHOW COLUMNS FROM `wfx_vip_message` [ RunTime:0.0370s ]
NOTIC: [8] Undefined index: p D:\wamp64\www\wfx\Application\Admin\Controller\VipController.class.php 第 655 行.
NOTIC: [8] Undefined variable: map D:\wamp64\www\wfx\Application\Admin\Controller\VipController.class.php 第 662 行.
SQL: SELECT * FROM `wfx_vip_message` ORDER BY id desc LIMIT 0,20   [ RunTime:0.0000s ]
NOTIC: [8] Undefined variable: map D:\wamp64\www\wfx\Application\Admin\Controller\VipController.class.php 第 663 行.
SQL: SELECT COUNT(*) AS tp_count FROM `wfx_vip_message` LIMIT 1   [ RunTime:0.0010s ]
NOTIC: [2] Missing argument 6 for Admin\Controller\BaseController::getPage(), called in D:\wamp64\www\wfx\Application\Admin\Controller\VipController.class.php on line 664 and defined D:\wamp64\www\wfx\Application\Admin\Controller\BaseController.class.php 第 91 行.
NOTIC: [8] Undefined variable: map D:\wamp64\www\wfx\Application\Admin\Controller\BaseController.class.php 第 103 行.
INFO: [ view_parse ] --START--
INFO: [ template_filter ] --START--
INFO: Run Behavior\ContentReplaceBehavior [ RunTime:0.000000s ]
INFO: [ template_filter ] --END-- [ RunTime:-0.058004s ]
INFO: Run Behavior\ParseTemplateBehavior [ RunTime:0.014001s ]
INFO: [ view_parse ] --END-- [ RunTime:-0.045002s ]
INFO: [ view_filter ] --START--
INFO: Run Behavior\WriteHtmlCacheBehavior [ RunTime:0.001000s ]
INFO: [ view_filter ] --END-- [ RunTime:-0.057003s ]
INFO: [ app_end ] --START--
INFO: Run Behavior\ShowPageTraceBehavior [ RunTime:0.002000s ]
INFO: [ app_end ] --END-- [ RunTime:0.002000s ]

[ 2018-11-26T10:30:32+08:00 ] ::1 /wfx/Admin/Vip/vipList
INFO: [ app_init ] --START--
INFO: Run Behavior\BuildLiteBehavior [ RunTime:0.000000s ]
INFO: [ app_init ] --END-- [ RunTime:0.001000s ]
INFO: [ app_begin ] --START--
INFO: Run Behavior\ReadHtmlCacheBehavior [ RunTime:0.003000s ]
INFO: [ app_begin ] --END-- [ RunTime:0.003000s ]
SQL: SHOW COLUMNS FROM `wfx_set` [ RunTime:0.0010s ]
SQL: SELECT * FROM `wfx_set` LIMIT 1   [ RunTime:0.0010s ]
SQL: SHOW COLUMNS FROM `wfx_cms_set` [ RunTime:0.0020s ]
SQL: SELECT * FROM `wfx_cms_set` LIMIT 1   [ RunTime:0.0010s ]
SQL: SHOW COLUMNS FROM `wfx_shop_set` [ RunTime:0.0020s ]
SQL: SELECT * FROM `wfx_shop_set` LIMIT 1   [ RunTime:0.0010s ]
INFO: [ view_parse ] --START--
INFO: [ template_filter ] --START--
INFO: Run Behavior\ContentReplaceBehavior [ RunTime:0.000000s ]
INFO: [ template_filter ] --END-- [ RunTime:0.000000s ]
INFO: Run Behavior\ParseTemplateBehavior [ RunTime:0.021001s ]
INFO: [ view_parse ] --END-- [ RunTime:0.021001s ]
INFO: [ view_filter ] --START--
INFO: Run Behavior\WriteHtmlCacheBehavior [ RunTime:0.002000s ]
INFO: [ view_filter ] --END-- [ RunTime:0.002000s ]
SQL: SHOW COLUMNS FROM `wfx_employee` [ RunTime:0.0060s ]
SQL: SELECT * FROM `wfx_employee`  [ RunTime:0.0000s ]
SQL: SHOW COLUMNS FROM `wfx_vip` [ RunTime:0.0390s ]
NOTIC: [8] Undefined index: p D:\wamp64\www\wfx\Application\Admin\Controller\VipController.class.php 第 327 行.
NOTIC: [8] Undefined variable: map D:\wamp64\www\wfx\Application\Admin\Controller\VipController.class.php 第 339 行.
SQL: SELECT * FROM `wfx_vip` LIMIT 0,20   [ RunTime:0.0010s ]
SQL: SHOW COLUMNS FROM `wfx_vip_level` [ RunTime:0.0060s ]
SQL: SELECT `name` FROM `wfx_vip_level` WHERE ( id=1 ) LIMIT 1   [ RunTime:0.0000s ]
NOTIC: [8] Undefined variable: map D:\wamp64\www\wfx\Application\Admin\Controller\VipController.class.php 第 358 行.
SQL: SELECT COUNT(*) AS tp_count FROM `wfx_vip` LIMIT 1   [ RunTime:0.0010s ]
NOTIC: [2] Missing argument 6 for Admin\Controller\BaseController::getPage(), called in D:\wamp64\www\wfx\Application\Admin\Controller\VipController.class.php on line 359 and defined D:\wamp64\www\wfx\Application\Admin\Controller\BaseController.class.php 第 91 行.
NOTIC: [8] Undefined variable: map D:\wamp64\www\wfx\Application\Admin\Controller\BaseController.class.php 第 103 行.
INFO: [ view_parse ] --START--
INFO: [ template_filter ] --START--
INFO: Run Behavior\ContentReplaceBehavior [ RunTime:0.000000s ]
INFO: [ template_filter ] --END-- [ RunTime:-0.084004s ]
NOTIC: [8] Undefined variable: plv D:\wamp64\www\wfx\Application\Runtime\Cache\Admin\749beb32de2ab4786077c3e0cb80130c.php 第 33 行.
NOTIC: [8] Undefined variable: search D:\wamp64\www\wfx\Application\Runtime\Cache\Admin\749beb32de2ab4786077c3e0cb80130c.php 第 36 行.
INFO: Run Behavior\ParseTemplateBehavior [ RunTime:0.025001s ]
INFO: [ view_parse ] --END-- [ RunTime:-0.068004s ]
INFO: [ view_filter ] --START--
INFO: Run Behavior\WriteHtmlCacheBehavior [ RunTime:0.000000s ]
INFO: [ view_filter ] --END-- [ RunTime:-0.090005s ]
INFO: [ app_end ] --START--
INFO: Run Behavior\ShowPageTraceBehavior [ RunTime:0.004000s ]
INFO: [ app_end ] --END-- [ RunTime:0.004000s ]

[ 2018-11-26T10:30:33+08:00 ] ::1 /wfx/Admin/Vip/message
INFO: [ app_init ] --START--
INFO: Run Behavior\BuildLiteBehavior [ RunTime:0.000000s ]
INFO: [ app_init ] --END-- [ RunTime:0.000000s ]
INFO: [ app_begin ] --START--
INFO: Run Behavior\ReadHtmlCacheBehavior [ RunTime:0.003000s ]
INFO: [ app_begin ] --END-- [ RunTime:0.003000s ]
SQL: SHOW COLUMNS FROM `wfx_set` [ RunTime:0.0020s ]
SQL: SELECT * FROM `wfx_set` LIMIT 1   [ RunTime:0.0000s ]
SQL: SHOW COLUMNS FROM `wfx_cms_set` [ RunTime:0.0010s ]
SQL: SELECT * FROM `wfx_cms_set` LIMIT 1   [ RunTime:0.0000s ]
SQL: SHOW COLUMNS FROM `wfx_shop_set` [ RunTime:0.0010s ]
SQL: SELECT * FROM `wfx_shop_set` LIMIT 1   [ RunTime:0.0010s ]
INFO: [ view_parse ] --START--
INFO: [ template_filter ] --START--
INFO: Run Behavior\ContentReplaceBehavior [ RunTime:0.000000s ]
INFO: [ template_filter ] --END-- [ RunTime:0.000000s ]
INFO: Run Behavior\ParseTemplateBehavior [ RunTime:0.021001s ]
INFO: [ view_parse ] --END-- [ RunTime:0.021001s ]
INFO: [ view_filter ] --START--
INFO: Run Behavior\WriteHtmlCacheBehavior [ RunTime:0.002000s ]
INFO: [ view_filter ] --END-- [ RunTime:0.002000s ]
SQL: SHOW COLUMNS FROM `wfx_vip_message` [ RunTime:0.0050s ]
NOTIC: [8] Undefined index: p D:\wamp64\www\wfx\Application\Admin\Controller\VipController.class.php 第 655 行.
NOTIC: [8] Undefined variable: map D:\wamp64\www\wfx\Application\Admin\Controller\VipController.class.php 第 662 行.
SQL: SELECT * FROM `wfx_vip_message` ORDER BY id desc LIMIT 0,20   [ RunTime:0.0010s ]
NOTIC: [8] Undefined variable: map D:\wamp64\www\wfx\Application\Admin\Controller\VipController.class.php 第 663 行.
SQL: SELECT COUNT(*) AS tp_count FROM `wfx_vip_message` LIMIT 1   [ RunTime:0.0000s ]
NOTIC: [2] Missing argument 6 for Admin\Controller\BaseController::getPage(), called in D:\wamp64\www\wfx\Application\Admin\Controller\VipController.class.php on line 664 and defined D:\wamp64\www\wfx\Application\Admin\Controller\BaseController.class.php 第 91 行.
NOTIC: [8] Undefined variable: map D:\wamp64\www\wfx\Application\Admin\Controller\BaseController.class.php 第 103 行.
INFO: [ view_parse ] --START--
INFO: [ template_filter ] --START--
INFO: Run Behavior\ContentReplaceBehavior [ RunTime:0.000000s ]
INFO: [ template_filter ] --END-- [ RunTime:-0.029002s ]
INFO: Run Behavior\ParseTemplateBehavior [ RunTime:0.017001s ]
INFO: [ view_parse ] --END-- [ RunTime:-0.015001s ]
INFO: [ view_filter ] --START--
INFO: Run Behavior\WriteHtmlCacheBehavior [ RunTime:0.000000s ]
INFO: [ view_filter ] --END-- [ RunTime:-0.031002s ]
INFO: [ app_end ] --START--
INFO: Run Behavior\ShowPageTraceBehavior [ RunTime:0.003000s ]
INFO: [ app_end ] --END-- [ RunTime:0.003000s ]

[ 2018-11-26T10:30:34+08:00 ] ::1 /wfx/Admin/Vip/messageSet
INFO: [ app_init ] --START--
INFO: Run Behavior\BuildLiteBehavior [ RunTime:0.000000s ]
INFO: [ app_init ] --END-- [ RunTime:0.001000s ]
INFO: [ app_begin ] --START--
INFO: Run Behavior\ReadHtmlCacheBehavior [ RunTime:0.002000s ]
INFO: [ app_begin ] --END-- [ RunTime:0.002000s ]
SQL: SHOW COLUMNS FROM `wfx_set` [ RunTime:0.0010s ]
SQL: SELECT * FROM `wfx_set` LIMIT 1   [ RunTime:0.0000s ]
SQL: SHOW COLUMNS FROM `wfx_cms_set` [ RunTime:0.0020s ]
SQL: SELECT * FROM `wfx_cms_set` LIMIT 1   [ RunTime:0.0010s ]
SQL: SHOW COLUMNS FROM `wfx_shop_set` [ RunTime:0.0020s ]
SQL: SELECT * FROM `wfx_shop_set` LIMIT 1   [ RunTime:0.0000s ]
SQL: SHOW COLUMNS FROM `wfx_vip_message` [ RunTime:0.0050s ]
INFO: [ view_parse ] --START--
INFO: [ template_filter ] --START--
INFO: Run Behavior\ContentReplaceBehavior [ RunTime:0.000000s ]
INFO: [ template_filter ] --END-- [ RunTime:0.001000s ]
INFO: Run Behavior\ParseTemplateBehavior [ RunTime:0.021001s ]
INFO: [ view_parse ] --END-- [ RunTime:0.021001s ]
INFO: [ view_filter ] --START--
INFO: Run Behavior\WriteHtmlCacheBehavior [ RunTime:0.002000s ]
INFO: [ view_filter ] --END-- [ RunTime:0.002000s ]
INFO: [ view_parse ] --START--
INFO: [ template_filter ] --START--
INFO: Run Behavior\ContentReplaceBehavior [ RunTime:0.001000s ]
INFO: [ template_filter ] --END-- [ RunTime:-0.014001s ]
NOTIC: [8] Undefined variable: cache D:\wamp64\www\wfx\Application\Runtime\Cache\Admin\4767a266b29396a86e6870f2fd070f1b.php 第 21 行.
NOTIC: [8] Undefined variable: cache D:\wamp64\www\wfx\Application\Runtime\Cache\Admin\4767a266b29396a86e6870f2fd070f1b.php 第 30 行.
NOTIC: [8] Undefined variable: cache D:\wamp64\www\wfx\Application\Runtime\Cache\Admin\4767a266b29396a86e6870f2fd070f1b.php 第 36 行.
NOTIC: [8] Undefined variable: cache D:\wamp64\www\wfx\Application\Runtime\Cache\Admin\4767a266b29396a86e6870f2fd070f1b.php 第 42 行.
INFO: Run Behavior\ParseTemplateBehavior [ RunTime:0.013001s ]
INFO: [ view_parse ] --END-- [ RunTime:-0.004000s ]
INFO: [ view_filter ] --START--
INFO: Run Behavior\WriteHtmlCacheBehavior [ RunTime:0.000000s ]
INFO: [ view_filter ] --END-- [ RunTime:-0.015001s ]
INFO: [ app_end ] --START--
INFO: Run Behavior\ShowPageTraceBehavior [ RunTime:0.002000s ]
INFO: [ app_end ] --END-- [ RunTime:0.002000s ]

[ 2018-11-26T10:30:40+08:00 ] ::1 /wfx/Admin/Wx/qrcodeBgEmpSet
INFO: [ app_init ] --START--
INFO: Run Behavior\BuildLiteBehavior [ RunTime:0.000000s ]
INFO: [ app_init ] --END-- [ RunTime:0.001000s ]
INFO: [ app_begin ] --START--
INFO: Run Behavior\ReadHtmlCacheBehavior [ RunTime:0.002000s ]
INFO: [ app_begin ] --END-- [ RunTime:0.002000s ]
SQL: SHOW COLUMNS FROM `wfx_set` [ RunTime:0.0010s ]
SQL: SELECT * FROM `wfx_set` LIMIT 1   [ RunTime:0.0000s ]
SQL: SHOW COLUMNS FROM `wfx_cms_set` [ RunTime:0.0010s ]
SQL: SELECT * FROM `wfx_cms_set` LIMIT 1   [ RunTime:0.0000s ]
SQL: SHOW COLUMNS FROM `wfx_shop_set` [ RunTime:0.0020s ]
SQL: SELECT * FROM `wfx_shop_set` LIMIT 1   [ RunTime:0.0010s ]
INFO: [ view_parse ] --START--
INFO: [ template_filter ] --START--
INFO: Run Behavior\ContentReplaceBehavior [ RunTime:0.000000s ]
INFO: [ template_filter ] --END-- [ RunTime:0.001000s ]
INFO: Run Behavior\ParseTemplateBehavior [ RunTime:0.023002s ]
INFO: [ view_parse ] --END-- [ RunTime:0.023002s ]
INFO: [ view_filter ] --START--
INFO: Run Behavior\WriteHtmlCacheBehavior [ RunTime:0.002000s ]
INFO: [ view_filter ] --END-- [ RunTime:0.003000s ]
SQL: SHOW COLUMNS FROM `wfx_autoset` [ RunTime:0.0310s ]
SQL: SELECT * FROM `wfx_autoset` LIMIT 1   [ RunTime:0.0010s ]
INFO: [ view_parse ] --START--
INFO: [ template_filter ] --START--
INFO: Run Behavior\ContentReplaceBehavior [ RunTime:0.000000s ]
INFO: [ template_filter ] --END-- [ RunTime:-0.047003s ]
INFO: Run Behavior\ParseTemplateBehavior [ RunTime:0.010000s ]
INFO: [ view_parse ] --END-- [ RunTime:-0.037002s ]
INFO: [ view_filter ] --START--
INFO: Run Behavior\WriteHtmlCacheBehavior [ RunTime:0.000000s ]
INFO: [ view_filter ] --END-- [ RunTime:-0.044002s ]
INFO: [ app_end ] --START--
INFO: Run Behavior\ShowPageTraceBehavior [ RunTime:0.003000s ]
INFO: [ app_end ] --END-- [ RunTime:0.003000s ]

[ 2018-11-26T10:30:41+08:00 ] ::1 /wfx/Admin/Employee/employeeList
INFO: [ app_init ] --START--
INFO: Run Behavior\BuildLiteBehavior [ RunTime:0.000000s ]
INFO: [ app_init ] --END-- [ RunTime:0.001000s ]
INFO: [ app_begin ] --START--
INFO: Run Behavior\ReadHtmlCacheBehavior [ RunTime:0.006000s ]
INFO: [ app_begin ] --END-- [ RunTime:0.007000s ]
SQL: SHOW COLUMNS FROM `wfx_set` [ RunTime:0.0010s ]
SQL: SELECT * FROM `wfx_set` LIMIT 1   [ RunTime:0.0000s ]
SQL: SHOW COLUMNS FROM `wfx_cms_set` [ RunTime:0.0010s ]
SQL: SELECT * FROM `wfx_cms_set` LIMIT 1   [ RunTime:0.0000s ]
SQL: SHOW COLUMNS FROM `wfx_shop_set` [ RunTime:0.0010s ]
SQL: SELECT * FROM `wfx_shop_set` LIMIT 1   [ RunTime:0.0000s ]
SQL: SHOW COLUMNS FROM `wfx_employee` [ RunTime:0.0070s ]
INFO: [ view_parse ] --START--
INFO: [ template_filter ] --START--
INFO: Run Behavior\ContentReplaceBehavior [ RunTime:0.000000s ]
INFO: [ template_filter ] --END-- [ RunTime:0.000000s ]
INFO: Run Behavior\ParseTemplateBehavior [ RunTime:0.025001s ]
INFO: [ view_parse ] --END-- [ RunTime:0.025001s ]
INFO: [ view_filter ] --START--
INFO: Run Behavior\WriteHtmlCacheBehavior [ RunTime:0.003000s ]
INFO: [ view_filter ] --END-- [ RunTime:0.003000s ]
SQL: SHOW COLUMNS FROM `wfx_employee` [ RunTime:0.0010s ]
NOTIC: [8] Undefined index: p D:\wamp64\www\wfx\Application\Admin\Controller\EmployeeController.class.php 第 38 行.
NOTIC: [8] Undefined variable: map D:\wamp64\www\wfx\Application\Admin\Controller\EmployeeController.class.php 第 45 行.
SQL: SELECT * FROM `wfx_employee` LIMIT 0,20   [ RunTime:0.0000s ]
NOTIC: [8] Undefined variable: map D:\wamp64\www\wfx\Application\Admin\Controller\EmployeeController.class.php 第 46 行.
SQL: SELECT COUNT(*) AS tp_count FROM `wfx_employee` LIMIT 1   [ RunTime:0.0010s ]
NOTIC: [2] Missing argument 6 for Admin\Controller\BaseController::getPage(), called in D:\wamp64\www\wfx\Application\Admin\Controller\EmployeeController.class.php on line 47 and defined D:\wamp64\www\wfx\Application\Admin\Controller\BaseController.class.php 第 91 行.
NOTIC: [8] Undefined variable: map D:\wamp64\www\wfx\Application\Admin\Controller\BaseController.class.php 第 103 行.
INFO: [ view_parse ] --START--
INFO: [ template_filter ] --START--
INFO: Run Behavior\ContentReplaceBehavior [ RunTime:0.000000s ]
INFO: [ template_filter ] --END-- [ RunTime:-0.030002s ]
NOTIC: [8] Undefined variable: name D:\wamp64\www\wfx\Application\Runtime\Cache\Admin\abf38069b0d28112fb748f4aa788ce7a.php 第 27 行.
INFO: Run Behavior\ParseTemplateBehavior [ RunTime:0.020001s ]
INFO: [ view_parse ] --END-- [ RunTime:-0.014001s ]
INFO: [ view_filter ] --START--
INFO: Run Behavior\WriteHtmlCacheBehavior [ RunTime:0.000000s ]
INFO: [ view_filter ] --END-- [ RunTime:-0.031002s ]
INFO: [ app_end ] --START--
INFO: Run Behavior\ShowPageTraceBehavior [ RunTime:0.003000s ]
INFO: [ app_end ] --END-- [ RunTime:0.003000s ]

[ 2018-11-26T10:30:42+08:00 ] ::1 /wfx/Admin/Employee/achievement
INFO: [ app_init ] --START--
INFO: Run Behavior\BuildLiteBehavior [ RunTime:0.000000s ]
INFO: [ app_init ] --END-- [ RunTime:0.000000s ]
INFO: [ app_begin ] --START--
INFO: Run Behavior\ReadHtmlCacheBehavior [ RunTime:0.003000s ]
INFO: [ app_begin ] --END-- [ RunTime:0.003000s ]
SQL: SHOW COLUMNS FROM `wfx_set` [ RunTime:0.0010s ]
SQL: SELECT * FROM `wfx_set` LIMIT 1   [ RunTime:0.0010s ]
SQL: SHOW COLUMNS FROM `wfx_cms_set` [ RunTime:0.0010s ]
SQL: SELECT * FROM `wfx_cms_set` LIMIT 1   [ RunTime:0.0000s ]
SQL: SHOW COLUMNS FROM `wfx_shop_set` [ RunTime:0.0010s ]
SQL: SELECT * FROM `wfx_shop_set` LIMIT 1   [ RunTime:0.0000s ]
SQL: SHOW COLUMNS FROM `wfx_employee` [ RunTime:0.0020s ]
INFO: [ view_parse ] --START--
INFO: [ template_filter ] --START--
INFO: Run Behavior\ContentReplaceBehavior [ RunTime:0.000000s ]
INFO: [ template_filter ] --END-- [ RunTime:0.000000s ]
INFO: Run Behavior\ParseTemplateBehavior [ RunTime:0.022002s ]
INFO: [ view_parse ] --END-- [ RunTime:0.022002s ]
INFO: [ view_filter ] --START--
INFO: Run Behavior\WriteHtmlCacheBehavior [ RunTime:0.002000s ]
INFO: [ view_filter ] --END-- [ RunTime:0.002000s ]
SQL: SHOW COLUMNS FROM `wfx_employee` [ RunTime:0.0010s ]
NOTIC: [8] Undefined index: p D:\wamp64\www\wfx\Application\Admin\Controller\EmployeeController.class.php 第 68 行.
NOTIC: [8] Undefined variable: map D:\wamp64\www\wfx\Application\Admin\Controller\EmployeeController.class.php 第 75 行.
SQL: SELECT * FROM `wfx_employee` LIMIT 0,20   [ RunTime:0.0010s ]
SQL: SHOW COLUMNS FROM `wfx_shop_order` [ RunTime:0.0060s ]
SQL: SHOW COLUMNS FROM `wfx_vip` [ RunTime:0.0060s ]
NOTIC: [8] Undefined variable: map D:\wamp64\www\wfx\Application\Admin\Controller\EmployeeController.class.php 第 77 行.
SQL: SELECT COUNT(*) AS tp_count FROM `wfx_employee` LIMIT 1   [ RunTime:0.0010s ]
NOTIC: [2] Missing argument 6 for Admin\Controller\BaseController::getPage(), called in D:\wamp64\www\wfx\Application\Admin\Controller\EmployeeController.class.php on line 78 and defined D:\wamp64\www\wfx\Application\Admin\Controller\BaseController.class.php 第 91 行.
NOTIC: [8] Undefined variable: map D:\wamp64\www\wfx\Application\Admin\Controller\BaseController.class.php 第 103 行.
INFO: [ view_parse ] --START--
INFO: [ template_filter ] --START--
INFO: Run Behavior\ContentReplaceBehavior [ RunTime:0.001000s ]
INFO: [ template_filter ] --END-- [ RunTime:-0.044003s ]
INFO: Run Behavior\ParseTemplateBehavior [ RunTime:0.019001s ]
INFO: [ view_parse ] --END-- [ RunTime:-0.027001s ]
INFO: [ view_filter ] --START--
INFO: Run Behavior\WriteHtmlCacheBehavior [ RunTime:0.000000s ]
INFO: [ view_filter ] --END-- [ RunTime:-0.045002s ]
INFO: [ app_end ] --START--
INFO: Run Behavior\ShowPageTraceBehavior [ RunTime:0.003001s ]
INFO: [ app_end ] --END-- [ RunTime:0.005001s ]

[ 2018-11-26T10:30:43+08:00 ] ::1 /wfx/Admin/Wx/qrcodeBgEmpSet
INFO: [ app_init ] --START--
INFO: Run Behavior\BuildLiteBehavior [ RunTime:0.000000s ]
INFO: [ app_init ] --END-- [ RunTime:0.001000s ]
INFO: [ app_begin ] --START--
INFO: Run Behavior\ReadHtmlCacheBehavior [ RunTime:0.003000s ]
INFO: [ app_begin ] --END-- [ RunTime:0.003000s ]
SQL: SHOW COLUMNS FROM `wfx_set` [ RunTime:0.0010s ]
SQL: SELECT * FROM `wfx_set` LIMIT 1   [ RunTime:0.0000s ]
SQL: SHOW COLUMNS FROM `wfx_cms_set` [ RunTime:0.0010s ]
SQL: SELECT * FROM `wfx_cms_set` LIMIT 1   [ RunTime:0.0010s ]
SQL: SHOW COLUMNS FROM `wfx_shop_set` [ RunTime:0.0010s ]
SQL: SELECT * FROM `wfx_shop_set` LIMIT 1   [ RunTime:0.0010s ]
INFO: [ view_parse ] --START--
INFO: [ template_filter ] --START--
INFO: Run Behavior\ContentReplaceBehavior [ RunTime:0.000000s ]
INFO: [ template_filter ] --END-- [ RunTime:0.000000s ]
INFO: Run Behavior\ParseTemplateBehavior [ RunTime:0.019001s ]
INFO: [ view_parse ] --END-- [ RunTime:0.021001s ]
INFO: [ view_filter ] --START--
INFO: Run Behavior\WriteHtmlCacheBehavior [ RunTime:0.003000s ]
INFO: [ view_filter ] --END-- [ RunTime:0.004000s ]
SQL: SHOW COLUMNS FROM `wfx_autoset` [ RunTime:0.0060s ]
SQL: SELECT * FROM `wfx_autoset` LIMIT 1   [ RunTime:0.0010s ]
INFO: [ view_parse ] --START--
INFO: [ template_filter ] --START--
INFO: Run Behavior\ContentReplaceBehavior [ RunTime:0.000000s ]
INFO: [ template_filter ] --END-- [ RunTime:-0.022001s ]
INFO: Run Behavior\ParseTemplateBehavior [ RunTime:0.008000s ]
INFO: [ view_parse ] --END-- [ RunTime:-0.012001s ]
INFO: [ view_filter ] --START--
INFO: Run Behavior\WriteHtmlCacheBehavior [ RunTime:0.000000s ]
INFO: [ view_filter ] --END-- [ RunTime:-0.018001s ]
INFO: [ app_end ] --START--
INFO: Run Behavior\ShowPageTraceBehavior [ RunTime:0.003000s ]
INFO: [ app_end ] --END-- [ RunTime:0.003000s ]

[ 2018-11-26T10:31:40+08:00 ] ::1 /wfx/Admin/Employee/employeeList
INFO: [ app_init ] --START--
INFO: Run Behavior\BuildLiteBehavior [ RunTime:0.000000s ]
INFO: [ app_init ] --END-- [ RunTime:0.001000s ]
INFO: [ app_begin ] --START--
INFO: Run Behavior\ReadHtmlCacheBehavior [ RunTime:0.002000s ]
INFO: [ app_begin ] --END-- [ RunTime:0.002000s ]
SQL: SHOW COLUMNS FROM `wfx_set` [ RunTime:0.0010s ]
SQL: SELECT * FROM `wfx_set` LIMIT 1   [ RunTime:0.0000s ]
SQL: SHOW COLUMNS FROM `wfx_cms_set` [ RunTime:0.0010s ]
SQL: SELECT * FROM `wfx_cms_set` LIMIT 1   [ RunTime:0.0010s ]
SQL: SHOW COLUMNS FROM `wfx_shop_set` [ RunTime:0.0020s ]
SQL: SELECT * FROM `wfx_shop_set` LIMIT 1   [ RunTime:0.0000s ]
SQL: SHOW COLUMNS FROM `wfx_employee` [ RunTime:0.0050s ]
INFO: [ view_parse ] --START--
INFO: [ template_filter ] --START--
INFO: Run Behavior\ContentReplaceBehavior [ RunTime:0.000000s ]
INFO: [ template_filter ] --END-- [ RunTime:0.001000s ]
INFO: Run Behavior\ParseTemplateBehavior [ RunTime:0.018001s ]
INFO: [ view_parse ] --END-- [ RunTime:0.019001s ]
INFO: [ view_filter ] --START--
INFO: Run Behavior\WriteHtmlCacheBehavior [ RunTime:0.002001s ]
INFO: [ view_filter ] --END-- [ RunTime:0.002001s ]
SQL: SHOW COLUMNS FROM `wfx_employee` [ RunTime:0.0010s ]
NOTIC: [8] Undefined index: p D:\wamp64\www\wfx\Application\Admin\Controller\EmployeeController.class.php 第 38 行.
NOTIC: [8] Undefined variable: map D:\wamp64\www\wfx\Application\Admin\Controller\EmployeeController.class.php 第 45 行.
SQL: SELECT * FROM `wfx_employee` LIMIT 0,20   [ RunTime:0.0000s ]
NOTIC: [8] Undefined variable: map D:\wamp64\www\wfx\Application\Admin\Controller\EmployeeController.class.php 第 46 行.
SQL: SELECT COUNT(*) AS tp_count FROM `wfx_employee` LIMIT 1   [ RunTime:0.0000s ]
NOTIC: [2] Missing argument 6 for Admin\Controller\BaseController::getPage(), called in D:\wamp64\www\wfx\Application\Admin\Controller\EmployeeController.class.php on line 47 and defined D:\wamp64\www\wfx\Application\Admin\Controller\BaseController.class.php 第 91 行.
NOTIC: [8] Undefined variable: map D:\wamp64\www\wfx\Application\Admin\Controller\BaseController.class.php 第 103 行.
INFO: [ view_parse ] --START--
INFO: [ template_filter ] --START--
INFO: Run Behavior\ContentReplaceBehavior [ RunTime:0.000000s ]
INFO: [ template_filter ] --END-- [ RunTime:-0.024002s ]
NOTIC: [8] Undefined variable: name D:\wamp64\www\wfx\Application\Runtime\Cache\Admin\abf38069b0d28112fb748f4aa788ce7a.php 第 27 行.
INFO: Run Behavior\ParseTemplateBehavior [ RunTime:0.016001s ]
INFO: [ view_parse ] --END-- [ RunTime:-0.011001s ]
INFO: [ view_filter ] --START--
INFO: Run Behavior\WriteHtmlCacheBehavior [ RunTime:0.001000s ]
INFO: [ view_filter ] --END-- [ RunTime:-0.025001s ]
INFO: [ app_end ] --START--
INFO: Run Behavior\ShowPageTraceBehavior [ RunTime:0.002000s ]
INFO: [ app_end ] --END-- [ RunTime:0.002000s ]

[ 2018-11-26T10:31:40+08:00 ] ::1 /wfx/Admin/Wx/qrcodeBgEmpSet
INFO: [ app_init ] --START--
INFO: Run Behavior\BuildLiteBehavior [ RunTime:0.000000s ]
INFO: [ app_init ] --END-- [ RunTime:0.002000s ]
INFO: [ app_begin ] --START--
INFO: Run Behavior\ReadHtmlCacheBehavior [ RunTime:0.003000s ]
INFO: [ app_begin ] --END-- [ RunTime:0.003000s ]
SQL: SHOW COLUMNS FROM `wfx_set` [ RunTime:0.0010s ]
SQL: SELECT * FROM `wfx_set` LIMIT 1   [ RunTime:0.0010s ]
SQL: SHOW COLUMNS FROM `wfx_cms_set` [ RunTime:0.0020s ]
SQL: SELECT * FROM `wfx_cms_set` LIMIT 1   [ RunTime:0.0000s ]
SQL: SHOW COLUMNS FROM `wfx_shop_set` [ RunTime:0.0020s ]
SQL: SELECT * FROM `wfx_shop_set` LIMIT 1   [ RunTime:0.0020s ]
INFO: [ view_parse ] --START--
INFO: [ template_filter ] --START--
INFO: Run Behavior\ContentReplaceBehavior [ RunTime:0.000000s ]
INFO: [ template_filter ] --END-- [ RunTime:0.001000s ]
INFO: Run Behavior\ParseTemplateBehavior [ RunTime:0.023001s ]
INFO: [ view_parse ] --END-- [ RunTime:0.023001s ]
INFO: [ view_filter ] --START--
INFO: Run Behavior\WriteHtmlCacheBehavior [ RunTime:0.003000s ]
INFO: [ view_filter ] --END-- [ RunTime:0.004000s ]
SQL: SHOW COLUMNS FROM `wfx_autoset` [ RunTime:0.0090s ]
SQL: SELECT * FROM `wfx_autoset` LIMIT 1   [ RunTime:0.0010s ]
INFO: [ view_parse ] --START--
INFO: [ template_filter ] --START--
INFO: Run Behavior\ContentReplaceBehavior [ RunTime:0.001000s ]
INFO: [ template_filter ] --END-- [ RunTime:-0.030002s ]
INFO: Run Behavior\ParseTemplateBehavior [ RunTime:0.017001s ]
INFO: [ view_parse ] --END-- [ RunTime:-0.018001s ]
INFO: [ view_filter ] --START--
INFO: Run Behavior\WriteHtmlCacheBehavior [ RunTime:0.000000s ]
INFO: [ view_filter ] --END-- [ RunTime:-0.031002s ]
INFO: [ app_end ] --START--
INFO: Run Behavior\ShowPageTraceBehavior [ RunTime:0.008001s ]
INFO: [ app_end ] --END-- [ RunTime:0.008001s ]

