[ 2019-07-16T10:01:27+08:00 ] 127.0.0.1 /
INFO: [ app_init ] --START--
INFO: Run Behavior\BuildLiteBehavior [ RunTime:0.000052s ]
INFO: [ app_init ] --END-- [ RunTime:0.001847s ]
INFO: [ app_begin ] --START--
INFO: Run Behavior\ReadHtmlCacheBehavior [ RunTime:0.002093s ]
INFO: [ app_begin ] --END-- [ RunTime:0.002336s ]
SQL: SHOW COLUMNS FROM `wfx_set` [ RunTime:0.0619s ]
SQL: SELECT * FROM `wfx_set` LIMIT 1   [ RunTime:0.0005s ]
SQL: SHOW COLUMNS FROM `wfx_cms_set` [ RunTime:0.0312s ]
SQL: SELECT * FROM `wfx_cms_set` LIMIT 1   [ RunTime:0.0004s ]
SQL: SHOW COLUMNS FROM `wfx_shop_set` [ RunTime:0.0376s ]
SQL: SELECT * FROM `wfx_shop_set` LIMIT 1   [ RunTime:0.0006s ]

[ 2019-07-16T10:01:28+08:00 ] 127.0.0.1 /Admin/Public/login
INFO: [ app_init ] --START--
INFO: Run Behavior\BuildLiteBehavior [ RunTime:0.000055s ]
INFO: [ app_init ] --END-- [ RunTime:0.000922s ]
INFO: [ app_begin ] --START--
INFO: Run Behavior\ReadHtmlCacheBehavior [ RunTime:0.001036s ]
INFO: [ app_begin ] --END-- [ RunTime:0.001308s ]
SQL: SHOW COLUMNS FROM `wfx_set` [ RunTime:0.0056s ]
SQL: SELECT * FROM `wfx_set` LIMIT 1   [ RunTime:0.0004s ]
SQL: SHOW COLUMNS FROM `wfx_cms_set` [ RunTime:0.0068s ]
SQL: SELECT * FROM `wfx_cms_set` LIMIT 1   [ RunTime:0.0004s ]
SQL: SHOW COLUMNS FROM `wfx_shop_set` [ RunTime:0.0055s ]
SQL: SELECT * FROM `wfx_shop_set` LIMIT 1   [ RunTime:0.0007s ]
NOTIC: [8] Undefined index: uid D:\wamp64\www\wfx\Application\Admin\Controller\PublicController.class.php 第 49 行.
INFO: [ view_parse ] --START--
INFO: [ template_filter ] --START--
INFO: Run Behavior\ContentReplaceBehavior [ RunTime:0.000195s ]
INFO: [ template_filter ] --END-- [ RunTime:0.000432s ]
INFO: Run Behavior\ParseTemplateBehavior [ RunTime:0.047360s ]
INFO: [ view_parse ] --END-- [ RunTime:0.047584s ]
INFO: [ view_filter ] --START--
INFO: Run Behavior\WriteHtmlCacheBehavior [ RunTime:0.019575s ]
INFO: [ view_filter ] --END-- [ RunTime:0.019815s ]
INFO: [ app_end ] --START--
INFO: Run Behavior\ShowPageTraceBehavior [ RunTime:0.002696s ]
INFO: [ app_end ] --END-- [ RunTime:0.002918s ]

[ 2019-07-16T10:01:28+08:00 ] 127.0.0.1 /Admin/Public/verify
INFO: [ app_init ] --START--
INFO: Run Behavior\BuildLiteBehavior [ RunTime:0.000055s ]
INFO: [ app_init ] --END-- [ RunTime:0.001100s ]
INFO: [ app_begin ] --START--
INFO: Run Behavior\ReadHtmlCacheBehavior [ RunTime:0.002000s ]
INFO: [ app_begin ] --END-- [ RunTime:0.002283s ]
SQL: SHOW COLUMNS FROM `wfx_set` [ RunTime:0.0058s ]
SQL: SELECT * FROM `wfx_set` LIMIT 1   [ RunTime:0.0004s ]
SQL: SHOW COLUMNS FROM `wfx_cms_set` [ RunTime:0.0049s ]
SQL: SELECT * FROM `wfx_cms_set` LIMIT 1   [ RunTime:0.0005s ]
SQL: SHOW COLUMNS FROM `wfx_shop_set` [ RunTime:0.0050s ]
SQL: SELECT * FROM `wfx_shop_set` LIMIT 1   [ RunTime:0.0006s ]
INFO: [ app_end ] --START--
INFO: Run Behavior\ShowPageTraceBehavior [ RunTime:0.001944s ]
INFO: [ app_end ] --END-- [ RunTime:0.002209s ]

[ 2019-07-16T10:01:35+08:00 ] 127.0.0.1 /Admin/Public/login
INFO: [ app_init ] --START--
INFO: Run Behavior\BuildLiteBehavior [ RunTime:0.000045s ]
INFO: [ app_init ] --END-- [ RunTime:0.000916s ]
INFO: [ app_begin ] --START--
INFO: Run Behavior\ReadHtmlCacheBehavior [ RunTime:0.001074s ]
INFO: [ app_begin ] --END-- [ RunTime:0.001284s ]
SQL: SHOW COLUMNS FROM `wfx_set` [ RunTime:0.0051s ]
SQL: SELECT * FROM `wfx_set` LIMIT 1   [ RunTime:0.0007s ]
SQL: SHOW COLUMNS FROM `wfx_cms_set` [ RunTime:0.0048s ]
SQL: SELECT * FROM `wfx_cms_set` LIMIT 1   [ RunTime:0.0007s ]
SQL: SHOW COLUMNS FROM `wfx_shop_set` [ RunTime:0.0061s ]
SQL: SELECT * FROM `wfx_shop_set` LIMIT 1   [ RunTime:0.0005s ]
SQL: SHOW COLUMNS FROM `wfx_user` [ RunTime:0.2240s ]
SQL: SELECT * FROM `wfx_user` WHERE `username` = 'admin' AND `userpass` = '21232f297a57a5a743894a0e4a801fc3' LIMIT 1   [ RunTime:0.0006s ]
SQL: SHOW COLUMNS FROM `wfx_employee` [ RunTime:0.1694s ]
SQL: SELECT * FROM `wfx_employee` WHERE `username` = 'admin' AND `userpass` = '21232f297a57a5a743894a0e4a801fc3' LIMIT 1   [ RunTime:0.0005s ]

[ 2019-07-16T10:01:36+08:00 ] 127.0.0.1 /Admin/Index/index
INFO: [ app_init ] --START--
INFO: Run Behavior\BuildLiteBehavior [ RunTime:0.000039s ]
INFO: [ app_init ] --END-- [ RunTime:0.000598s ]
INFO: [ app_begin ] --START--
INFO: Run Behavior\ReadHtmlCacheBehavior [ RunTime:0.000777s ]
INFO: [ app_begin ] --END-- [ RunTime:0.000977s ]
SQL: SHOW COLUMNS FROM `wfx_set` [ RunTime:0.0046s ]
SQL: SELECT * FROM `wfx_set` LIMIT 1   [ RunTime:0.0005s ]
SQL: SHOW COLUMNS FROM `wfx_cms_set` [ RunTime:0.0053s ]
SQL: SELECT * FROM `wfx_cms_set` LIMIT 1   [ RunTime:0.0004s ]
SQL: SHOW COLUMNS FROM `wfx_shop_set` [ RunTime:0.0050s ]
SQL: SELECT * FROM `wfx_shop_set` LIMIT 1   [ RunTime:0.0006s ]
SQL: SHOW COLUMNS FROM `wfx_user_oath` [ RunTime:0.1821s ]
SQL: SELECT * FROM `wfx_user_oath`  [ RunTime:0.0005s ]
INFO: [ view_parse ] --START--
INFO: [ template_filter ] --START--
INFO: Run Behavior\ContentReplaceBehavior [ RunTime:0.000777s ]
INFO: [ template_filter ] --END-- [ RunTime:0.000967s ]
INFO: Run Behavior\ParseTemplateBehavior [ RunTime:0.644029s ]
INFO: [ view_parse ] --END-- [ RunTime:0.644256s ]
INFO: [ view_filter ] --START--
INFO: Run Behavior\WriteHtmlCacheBehavior [ RunTime:0.001008s ]
INFO: [ view_filter ] --END-- [ RunTime:0.001185s ]
INFO: [ app_end ] --START--
INFO: Run Behavior\ShowPageTraceBehavior [ RunTime:0.002803s ]
INFO: [ app_end ] --END-- [ RunTime:0.003050s ]

[ 2019-07-16T10:01:37+08:00 ] 127.0.0.1 /Admin/Index/main
INFO: [ app_init ] --START--
INFO: Run Behavior\BuildLiteBehavior [ RunTime:0.000060s ]
INFO: [ app_init ] --END-- [ RunTime:0.001485s ]
INFO: [ app_begin ] --START--
INFO: Run Behavior\ReadHtmlCacheBehavior [ RunTime:0.001138s ]
INFO: [ app_begin ] --END-- [ RunTime:0.001362s ]
SQL: SHOW COLUMNS FROM `wfx_set` [ RunTime:0.0085s ]
SQL: SELECT * FROM `wfx_set` LIMIT 1   [ RunTime:0.0008s ]
SQL: SHOW COLUMNS FROM `wfx_cms_set` [ RunTime:0.0063s ]
SQL: SELECT * FROM `wfx_cms_set` LIMIT 1   [ RunTime:0.0005s ]
SQL: SHOW COLUMNS FROM `wfx_shop_set` [ RunTime:0.0069s ]
SQL: SELECT * FROM `wfx_shop_set` LIMIT 1   [ RunTime:0.0006s ]
INFO: [ view_parse ] --START--
INFO: [ template_filter ] --START--
INFO: Run Behavior\ContentReplaceBehavior [ RunTime:0.000138s ]
INFO: [ template_filter ] --END-- [ RunTime:0.000325s ]
INFO: Run Behavior\ParseTemplateBehavior [ RunTime:0.106673s ]
INFO: [ view_parse ] --END-- [ RunTime:0.106906s ]
INFO: [ view_filter ] --START--
INFO: Run Behavior\WriteHtmlCacheBehavior [ RunTime:0.000890s ]
INFO: [ view_filter ] --END-- [ RunTime:0.001070s ]
SQL: SHOW COLUMNS FROM `wfx_vip` [ RunTime:0.1319s ]
SQL: SELECT COUNT(*) AS tp_count FROM `wfx_vip` LIMIT 1   [ RunTime:0.0024s ]
SQL: SELECT COUNT(*) AS tp_count FROM `wfx_vip` WHERE ( subscribe=1 ) LIMIT 1   [ RunTime:0.0005s ]
SQL: SELECT COUNT(*) AS tp_count FROM `wfx_vip` WHERE `ctime` BETWEEN 1563206400 AND 1563292799 LIMIT 1   [ RunTime:0.0005s ]
SQL: SELECT COUNT(*) AS tp_count FROM `wfx_vip` WHERE `ctime` BETWEEN 1563120000 AND 1563206399 LIMIT 1   [ RunTime:0.0006s ]
SQL: SHOW COLUMNS FROM `wfx_shop_order` [ RunTime:0.0251s ]
SQL: SELECT COUNT(*) AS tp_count FROM `wfx_shop_order` LIMIT 1   [ RunTime:0.0004s ]
SQL: SELECT COUNT(*) AS tp_count FROM `wfx_shop_order` WHERE ( status=0 ) LIMIT 1   [ RunTime:0.0005s ]
SQL: SELECT COUNT(*) AS tp_count FROM `wfx_shop_order` WHERE ( status=1 ) LIMIT 1   [ RunTime:0.0004s ]
SQL: SELECT COUNT(*) AS tp_count FROM `wfx_shop_order` WHERE ( status=2 ) LIMIT 1   [ RunTime:0.0004s ]
SQL: SELECT COUNT(*) AS tp_count FROM `wfx_shop_order` WHERE ( status=3 ) LIMIT 1   [ RunTime:0.0004s ]
SQL: SELECT COUNT(*) AS tp_count FROM `wfx_shop_order` WHERE ( status=4 ) LIMIT 1   [ RunTime:0.0005s ]
SQL: SELECT COUNT(*) AS tp_count FROM `wfx_shop_order` WHERE ( status=5 ) LIMIT 1   [ RunTime:0.0004s ]
SQL: SELECT COUNT(*) AS tp_count FROM `wfx_shop_order` WHERE ( status=6 ) LIMIT 1   [ RunTime:0.0004s ]
SQL: SELECT COUNT(*) AS tp_count FROM `wfx_shop_order` WHERE `ctime` BETWEEN 1563206400 AND 1563292799 LIMIT 1   [ RunTime:0.0006s ]
SQL: SELECT COUNT(*) AS tp_count FROM `wfx_shop_order` WHERE `ctime` BETWEEN 1563120000 AND 1563206399 LIMIT 1   [ RunTime:0.0004s ]
SQL: SHOW COLUMNS FROM `wfx_fx_syslog` [ RunTime:0.0314s ]
SQL: SELECT SUM(fxyj) AS tp_sum FROM `wfx_fx_syslog` LIMIT 1   [ RunTime:0.0005s ]
SQL: SELECT SUM(fxyj) AS tp_sum FROM `wfx_fx_syslog` WHERE `ctime` BETWEEN 1563206400 AND 1563292799 LIMIT 1   [ RunTime:0.0005s ]
SQL: SELECT SUM(fxyj) AS tp_sum FROM `wfx_fx_syslog` WHERE `ctime` BETWEEN 1563120000 AND 1563206399 LIMIT 1   [ RunTime:0.0006s ]
NOTIC: [2] Division by zero D:\wamp64\www\wfx\Application\Admin\Controller\IndexController.class.php 第 138 行.
SQL: SELECT COUNT(*) AS tp_count FROM `wfx_vip` WHERE `isfx` = 0 AND `isfxgd` = 0 LIMIT 1   [ RunTime:0.0006s ]
SQL: SELECT COUNT(*) AS tp_count FROM `wfx_vip` WHERE `isfx` = 1 AND `isfxgd` = 0 LIMIT 1   [ RunTime:0.0007s ]
SQL: SELECT COUNT(*) AS tp_count FROM `wfx_vip` WHERE ( isfxgd=1 ) LIMIT 1   [ RunTime:0.0004s ]
SQL: SHOW COLUMNS FROM `wfx_vip_log_sub` [ RunTime:0.0314s ]
SQL: SELECT * FROM `wfx_vip_log_sub` ORDER BY ctime desc LIMIT 5   [ RunTime:0.0005s ]
SQL: SELECT * FROM `wfx_fx_syslog` ORDER BY ctime desc LIMIT 5   [ RunTime:0.0005s ]
SQL: SHOW COLUMNS FROM `wfx_fx_log_tj` [ RunTime:0.0252s ]
SQL: SELECT * FROM `wfx_fx_log_tj` ORDER BY ctime desc LIMIT 5   [ RunTime:0.0005s ]
SQL: SELECT * FROM `wfx_shop_order` WHERE `ispay` = 1 AND `status` = 2 ORDER BY ctime desc LIMIT 5   [ RunTime:0.0007s ]
SQL: SELECT SUM(totalprice) AS tp_sum FROM `wfx_shop_order` WHERE `ispay` = 1 LIMIT 1   [ RunTime:0.0004s ]
SQL: SELECT SUM(totalprice) AS tp_sum FROM `wfx_shop_order` WHERE `status` = 5 LIMIT 1   [ RunTime:0.0004s ]
SQL: SELECT SUM(totalnum) AS tp_sum FROM `wfx_shop_order` WHERE `ispay` = 1 LIMIT 1   [ RunTime:0.0004s ]
SQL: SHOW COLUMNS FROM `wfx_vip_tx` [ RunTime:0.0211s ]
SQL: SELECT SUM(txprice) AS tp_sum FROM `wfx_vip_tx` WHERE `status` = 2 LIMIT 1   [ RunTime:0.0005s ]
INFO: [ view_parse ] --START--
INFO: [ template_filter ] --START--
INFO: Run Behavior\ContentReplaceBehavior [ RunTime:0.000544s ]
INFO: [ template_filter ] --END-- [ RunTime:-0.455447s ]
INFO: Run Behavior\ParseTemplateBehavior [ RunTime:0.059237s ]
INFO: [ view_parse ] --END-- [ RunTime:-0.326621s ]
INFO: [ view_filter ] --START--
INFO: Run Behavior\WriteHtmlCacheBehavior [ RunTime:0.000050s ]
INFO: [ view_filter ] --END-- [ RunTime:-0.384965s ]
INFO: [ app_end ] --START--
INFO: Run Behavior\ShowPageTraceBehavior [ RunTime:0.001871s ]
INFO: [ app_end ] --END-- [ RunTime:0.002093s ]

[ 2019-07-16T10:07:47+08:00 ] 127.0.0.1 /Admin/Wx/keyword
INFO: [ app_init ] --START--
INFO: Run Behavior\BuildLiteBehavior [ RunTime:0.000056s ]
INFO: [ app_init ] --END-- [ RunTime:0.002278s ]
INFO: [ app_begin ] --START--
INFO: Run Behavior\ReadHtmlCacheBehavior [ RunTime:0.007108s ]
INFO: [ app_begin ] --END-- [ RunTime:0.007357s ]
SQL: SHOW COLUMNS FROM `wfx_set` [ RunTime:0.0049s ]
SQL: SELECT * FROM `wfx_set` LIMIT 1   [ RunTime:0.0005s ]
SQL: SHOW COLUMNS FROM `wfx_cms_set` [ RunTime:0.0056s ]
SQL: SELECT * FROM `wfx_cms_set` LIMIT 1   [ RunTime:0.0005s ]
SQL: SHOW COLUMNS FROM `wfx_shop_set` [ RunTime:0.0052s ]
SQL: SELECT * FROM `wfx_shop_set` LIMIT 1   [ RunTime:0.0006s ]
INFO: [ view_parse ] --START--
INFO: [ template_filter ] --START--
INFO: Run Behavior\ContentReplaceBehavior [ RunTime:0.000158s ]
INFO: [ template_filter ] --END-- [ RunTime:0.000464s ]
INFO: Run Behavior\ParseTemplateBehavior [ RunTime:0.028809s ]
INFO: [ view_parse ] --END-- [ RunTime:0.029025s ]
INFO: [ view_filter ] --START--
INFO: Run Behavior\WriteHtmlCacheBehavior [ RunTime:0.003259s ]
INFO: [ view_filter ] --END-- [ RunTime:0.003443s ]
SQL: SHOW COLUMNS FROM `wfx_wx_keyword` [ RunTime:0.0474s ]
NOTIC: [8] Undefined index: p D:\wamp64\www\wfx\Application\Admin\Controller\WxController.class.php 第 88 行.
NOTIC: [8] Undefined variable: map D:\wamp64\www\wfx\Application\Admin\Controller\WxController.class.php 第 95 行.
SQL: SELECT * FROM `wfx_wx_keyword` LIMIT 0,20   [ RunTime:0.0005s ]
NOTIC: [8] Undefined variable: map D:\wamp64\www\wfx\Application\Admin\Controller\WxController.class.php 第 96 行.
SQL: SELECT COUNT(*) AS tp_count FROM `wfx_wx_keyword` LIMIT 1   [ RunTime:0.0004s ]
NOTIC: [2] Missing argument 6 for Admin\Controller\BaseController::getPage(), called in D:\wamp64\www\wfx\Application\Admin\Controller\WxController.class.php on line 97 and defined D:\wamp64\www\wfx\Application\Admin\Controller\BaseController.class.php 第 91 行.
NOTIC: [8] Undefined variable: map D:\wamp64\www\wfx\Application\Admin\Controller\BaseController.class.php 第 103 行.
INFO: [ view_parse ] --START--
INFO: [ template_filter ] --START--
INFO: Run Behavior\ContentReplaceBehavior [ RunTime:0.000206s ]
INFO: [ template_filter ] --END-- [ RunTime:-0.117319s ]
NOTIC: [8] Undefined variable: name D:\wamp64\www\wfx\Application\Runtime\Cache\Admin\7b16152e50fee5aadc318ad2f438664b.php 第 30 行.
INFO: Run Behavior\ParseTemplateBehavior [ RunTime:0.036118s ]
INFO: [ view_parse ] --END-- [ RunTime:-0.095052s ]
INFO: [ view_filter ] --START--
INFO: Run Behavior\WriteHtmlCacheBehavior [ RunTime:0.000049s ]
INFO: [ view_filter ] --END-- [ RunTime:-0.127880s ]
INFO: [ app_end ] --START--
INFO: Run Behavior\ShowPageTraceBehavior [ RunTime:0.003208s ]
INFO: [ app_end ] --END-- [ RunTime:0.003403s ]

[ 2019-07-16T10:07:47+08:00 ] 127.0.0.1 /Admin/Wx/qrcodeBgSet
INFO: [ app_init ] --START--
INFO: Run Behavior\BuildLiteBehavior [ RunTime:0.000051s ]
INFO: [ app_init ] --END-- [ RunTime:0.001467s ]
INFO: [ app_begin ] --START--
INFO: Run Behavior\ReadHtmlCacheBehavior [ RunTime:0.004205s ]
INFO: [ app_begin ] --END-- [ RunTime:0.004418s ]
SQL: SHOW COLUMNS FROM `wfx_set` [ RunTime:0.0010s ]
SQL: SELECT * FROM `wfx_set` LIMIT 1   [ RunTime:0.0011s ]
SQL: SHOW COLUMNS FROM `wfx_cms_set` [ RunTime:0.0014s ]
SQL: SELECT * FROM `wfx_cms_set` LIMIT 1   [ RunTime:0.0006s ]
SQL: SHOW COLUMNS FROM `wfx_shop_set` [ RunTime:0.0012s ]
SQL: SELECT * FROM `wfx_shop_set` LIMIT 1   [ RunTime:0.0007s ]
INFO: [ view_parse ] --START--
INFO: [ template_filter ] --START--
INFO: Run Behavior\ContentReplaceBehavior [ RunTime:0.000121s ]
INFO: [ template_filter ] --END-- [ RunTime:0.000312s ]
INFO: Run Behavior\ParseTemplateBehavior [ RunTime:0.026749s ]
INFO: [ view_parse ] --END-- [ RunTime:0.026972s ]
INFO: [ view_filter ] --START--
INFO: Run Behavior\WriteHtmlCacheBehavior [ RunTime:0.002393s ]
INFO: [ view_filter ] --END-- [ RunTime:0.002552s ]
SQL: SHOW COLUMNS FROM `wfx_autoset` [ RunTime:0.0365s ]
SQL: SELECT * FROM `wfx_autoset` LIMIT 1   [ RunTime:0.0004s ]
INFO: [ view_parse ] --START--
INFO: [ template_filter ] --START--
INFO: Run Behavior\ContentReplaceBehavior [ RunTime:0.000132s ]
INFO: [ template_filter ] --END-- [ RunTime:-0.060385s ]
INFO: Run Behavior\ParseTemplateBehavior [ RunTime:0.018542s ]
INFO: [ view_parse ] --END-- [ RunTime:-0.041832s ]
INFO: [ view_filter ] --START--
INFO: Run Behavior\WriteHtmlCacheBehavior [ RunTime:0.000067s ]
INFO: [ view_filter ] --END-- [ RunTime:-0.058026s ]
INFO: [ app_end ] --START--
INFO: Run Behavior\ShowPageTraceBehavior [ RunTime:0.003200s ]
INFO: [ app_end ] --END-- [ RunTime:0.003370s ]

[ 2019-07-16T10:07:47+08:00 ] 127.0.0.1 /Admin/Wx/customer
INFO: [ app_init ] --START--
INFO: Run Behavior\BuildLiteBehavior [ RunTime:0.000043s ]
INFO: [ app_init ] --END-- [ RunTime:0.001507s ]
INFO: [ app_begin ] --START--
INFO: Run Behavior\ReadHtmlCacheBehavior [ RunTime:0.003192s ]
INFO: [ app_begin ] --END-- [ RunTime:0.003369s ]
SQL: SHOW COLUMNS FROM `wfx_set` [ RunTime:0.0009s ]
SQL: SELECT * FROM `wfx_set` LIMIT 1   [ RunTime:0.0003s ]
SQL: SHOW COLUMNS FROM `wfx_cms_set` [ RunTime:0.0010s ]
SQL: SELECT * FROM `wfx_cms_set` LIMIT 1   [ RunTime:0.0005s ]
SQL: SHOW COLUMNS FROM `wfx_shop_set` [ RunTime:0.0011s ]
SQL: SELECT * FROM `wfx_shop_set` LIMIT 1   [ RunTime:0.0005s ]
INFO: [ view_parse ] --START--
INFO: [ template_filter ] --START--
INFO: Run Behavior\ContentReplaceBehavior [ RunTime:0.000120s ]
INFO: [ template_filter ] --END-- [ RunTime:0.000286s ]
INFO: Run Behavior\ParseTemplateBehavior [ RunTime:0.023348s ]
INFO: [ view_parse ] --END-- [ RunTime:0.023562s ]
INFO: [ view_filter ] --START--
INFO: Run Behavior\WriteHtmlCacheBehavior [ RunTime:0.002766s ]
INFO: [ view_filter ] --END-- [ RunTime:0.002919s ]
SQL: SHOW COLUMNS FROM `wfx_wx_customer` [ RunTime:0.0443s ]
SQL: SELECT * FROM `wfx_wx_customer`  [ RunTime:0.0004s ]
INFO: [ view_parse ] --START--
INFO: [ template_filter ] --START--
INFO: Run Behavior\ContentReplaceBehavior [ RunTime:0.000190s ]
INFO: [ template_filter ] --END-- [ RunTime:-0.075003s ]
INFO: Run Behavior\ParseTemplateBehavior [ RunTime:0.037953s ]
INFO: [ view_parse ] --END-- [ RunTime:-0.049766s ]
INFO: [ view_filter ] --START--
INFO: Run Behavior\WriteHtmlCacheBehavior [ RunTime:0.000049s ]
INFO: [ view_filter ] --END-- [ RunTime:-0.084973s ]
INFO: [ app_end ] --START--
INFO: Run Behavior\ShowPageTraceBehavior [ RunTime:0.003507s ]
INFO: [ app_end ] --END-- [ RunTime:0.003676s ]

[ 2019-07-16T10:07:48+08:00 ] 127.0.0.1 /Admin/Wx/template
INFO: [ app_init ] --START--
INFO: Run Behavior\BuildLiteBehavior [ RunTime:0.000039s ]
INFO: [ app_init ] --END-- [ RunTime:0.001166s ]
INFO: [ app_begin ] --START--
INFO: Run Behavior\ReadHtmlCacheBehavior [ RunTime:0.003121s ]
INFO: [ app_begin ] --END-- [ RunTime:0.003296s ]
SQL: SHOW COLUMNS FROM `wfx_set` [ RunTime:0.0048s ]
SQL: SELECT * FROM `wfx_set` LIMIT 1   [ RunTime:0.0005s ]
SQL: SHOW COLUMNS FROM `wfx_cms_set` [ RunTime:0.0052s ]
SQL: SELECT * FROM `wfx_cms_set` LIMIT 1   [ RunTime:0.0004s ]
SQL: SHOW COLUMNS FROM `wfx_shop_set` [ RunTime:0.0048s ]
SQL: SELECT * FROM `wfx_shop_set` LIMIT 1   [ RunTime:0.0005s ]
INFO: [ view_parse ] --START--
INFO: [ template_filter ] --START--
INFO: Run Behavior\ContentReplaceBehavior [ RunTime:0.000199s ]
INFO: [ template_filter ] --END-- [ RunTime:0.000484s ]
INFO: Run Behavior\ParseTemplateBehavior [ RunTime:0.028006s ]
INFO: [ view_parse ] --END-- [ RunTime:0.028178s ]
INFO: [ view_filter ] --START--
INFO: Run Behavior\WriteHtmlCacheBehavior [ RunTime:0.003237s ]
INFO: [ view_filter ] --END-- [ RunTime:0.003401s ]
SQL: SHOW COLUMNS FROM `wfx_wx_template` [ RunTime:0.0305s ]
SQL: SELECT * FROM `wfx_wx_template`  [ RunTime:0.0004s ]
INFO: [ view_parse ] --START--
INFO: [ template_filter ] --START--
INFO: Run Behavior\ContentReplaceBehavior [ RunTime:0.000231s ]
INFO: [ template_filter ] --END-- [ RunTime:-0.059980s ]
INFO: Run Behavior\ParseTemplateBehavior [ RunTime:0.034514s ]
INFO: [ view_parse ] --END-- [ RunTime:-0.041222s ]
INFO: [ view_filter ] --START--
INFO: Run Behavior\WriteHtmlCacheBehavior [ RunTime:0.000048s ]
INFO: [ view_filter ] --END-- [ RunTime:-0.072516s ]
INFO: [ app_end ] --START--
INFO: Run Behavior\ShowPageTraceBehavior [ RunTime:0.003294s ]
INFO: [ app_end ] --END-- [ RunTime:0.003457s ]

[ 2019-07-16T10:07:49+08:00 ] 127.0.0.1 /Admin/Vip/message
INFO: [ app_init ] --START--
INFO: Run Behavior\BuildLiteBehavior [ RunTime:0.000075s ]
INFO: [ app_init ] --END-- [ RunTime:0.002468s ]
INFO: [ app_begin ] --START--
INFO: Run Behavior\ReadHtmlCacheBehavior [ RunTime:0.004007s ]
INFO: [ app_begin ] --END-- [ RunTime:0.004230s ]
SQL: SHOW COLUMNS FROM `wfx_set` [ RunTime:0.0010s ]
SQL: SELECT * FROM `wfx_set` LIMIT 1   [ RunTime:0.0005s ]
SQL: SHOW COLUMNS FROM `wfx_cms_set` [ RunTime:0.0009s ]
SQL: SELECT * FROM `wfx_cms_set` LIMIT 1   [ RunTime:0.0003s ]
SQL: SHOW COLUMNS FROM `wfx_shop_set` [ RunTime:0.0010s ]
SQL: SELECT * FROM `wfx_shop_set` LIMIT 1   [ RunTime:0.0005s ]
INFO: [ view_parse ] --START--
INFO: [ template_filter ] --START--
INFO: Run Behavior\ContentReplaceBehavior [ RunTime:0.000108s ]
INFO: [ template_filter ] --END-- [ RunTime:0.000287s ]
INFO: Run Behavior\ParseTemplateBehavior [ RunTime:0.025054s ]
INFO: [ view_parse ] --END-- [ RunTime:0.025253s ]
INFO: [ view_filter ] --START--
INFO: Run Behavior\WriteHtmlCacheBehavior [ RunTime:0.002695s ]
INFO: [ view_filter ] --END-- [ RunTime:0.002843s ]
SQL: SHOW COLUMNS FROM `wfx_vip_message` [ RunTime:0.0308s ]
NOTIC: [8] Undefined index: p D:\wamp64\www\wfx\Application\Admin\Controller\VipController.class.php 第 655 行.
NOTIC: [8] Undefined variable: map D:\wamp64\www\wfx\Application\Admin\Controller\VipController.class.php 第 662 行.
SQL: SELECT * FROM `wfx_vip_message` ORDER BY id desc LIMIT 0,20   [ RunTime:0.0004s ]
NOTIC: [8] Undefined variable: map D:\wamp64\www\wfx\Application\Admin\Controller\VipController.class.php 第 663 行.
SQL: SELECT COUNT(*) AS tp_count FROM `wfx_vip_message` LIMIT 1   [ RunTime:0.0003s ]
NOTIC: [2] Missing argument 6 for Admin\Controller\BaseController::getPage(), called in D:\wamp64\www\wfx\Application\Admin\Controller\VipController.class.php on line 664 and defined D:\wamp64\www\wfx\Application\Admin\Controller\BaseController.class.php 第 91 行.
NOTIC: [8] Undefined variable: map D:\wamp64\www\wfx\Application\Admin\Controller\BaseController.class.php 第 103 行.
INFO: [ view_parse ] --START--
INFO: [ template_filter ] --START--
INFO: Run Behavior\ContentReplaceBehavior [ RunTime:0.000151s ]
INFO: [ template_filter ] --END-- [ RunTime:-0.084796s ]
INFO: Run Behavior\ParseTemplateBehavior [ RunTime:0.058835s ]
INFO: [ view_parse ] --END-- [ RunTime:-0.062832s ]
INFO: [ view_filter ] --START--
INFO: Run Behavior\WriteHtmlCacheBehavior [ RunTime:0.000050s ]
INFO: [ view_filter ] --END-- [ RunTime:-0.119019s ]
INFO: [ app_end ] --START--
INFO: Run Behavior\ShowPageTraceBehavior [ RunTime:0.002883s ]
INFO: [ app_end ] --END-- [ RunTime:0.003028s ]

[ 2019-07-16T10:07:51+08:00 ] 127.0.0.1 /Admin/Index/help
INFO: [ app_init ] --START--
INFO: Run Behavior\BuildLiteBehavior [ RunTime:0.000042s ]
INFO: [ app_init ] --END-- [ RunTime:0.001408s ]
INFO: [ app_begin ] --START--
INFO: Run Behavior\ReadHtmlCacheBehavior [ RunTime:0.003159s ]
INFO: [ app_begin ] --END-- [ RunTime:0.003344s ]
SQL: SHOW COLUMNS FROM `wfx_set` [ RunTime:0.0015s ]
SQL: SELECT * FROM `wfx_set` LIMIT 1   [ RunTime:0.0006s ]
SQL: SHOW COLUMNS FROM `wfx_cms_set` [ RunTime:0.0010s ]
SQL: SELECT * FROM `wfx_cms_set` LIMIT 1   [ RunTime:0.0005s ]
SQL: SHOW COLUMNS FROM `wfx_shop_set` [ RunTime:0.0013s ]
SQL: SELECT * FROM `wfx_shop_set` LIMIT 1   [ RunTime:0.0004s ]
INFO: [ view_parse ] --START--
INFO: [ template_filter ] --START--
INFO: Run Behavior\ContentReplaceBehavior [ RunTime:0.000194s ]
INFO: [ template_filter ] --END-- [ RunTime:0.000382s ]
INFO: Run Behavior\ParseTemplateBehavior [ RunTime:0.047584s ]
INFO: [ view_parse ] --END-- [ RunTime:0.047829s ]
INFO: [ view_filter ] --START--
INFO: Run Behavior\WriteHtmlCacheBehavior [ RunTime:0.002958s ]
INFO: [ view_filter ] --END-- [ RunTime:0.003145s ]
INFO: [ app_end ] --START--
INFO: Run Behavior\ShowPageTraceBehavior [ RunTime:0.004151s ]
INFO: [ app_end ] --END-- [ RunTime:0.004338s ]

[ 2019-07-16T10:07:52+08:00 ] 127.0.0.1 /Admin/Artical/index
INFO: [ app_init ] --START--
INFO: Run Behavior\BuildLiteBehavior [ RunTime:0.000039s ]
INFO: [ app_init ] --END-- [ RunTime:0.001122s ]
INFO: [ app_begin ] --START--
INFO: Run Behavior\ReadHtmlCacheBehavior [ RunTime:0.003129s ]
INFO: [ app_begin ] --END-- [ RunTime:0.003335s ]
SQL: SHOW COLUMNS FROM `wfx_set` [ RunTime:0.0051s ]
SQL: SELECT * FROM `wfx_set` LIMIT 1   [ RunTime:0.0005s ]
SQL: SHOW COLUMNS FROM `wfx_cms_set` [ RunTime:0.0058s ]
SQL: SELECT * FROM `wfx_cms_set` LIMIT 1   [ RunTime:0.0005s ]
SQL: SHOW COLUMNS FROM `wfx_shop_set` [ RunTime:0.0051s ]
SQL: SELECT * FROM `wfx_shop_set` LIMIT 1   [ RunTime:0.0003s ]
SQL: SHOW COLUMNS FROM `wfx_artical` [ RunTime:0.1494s ]
SQL: SELECT COUNT(*) AS tp_count FROM `wfx_artical` LIMIT 1   [ RunTime:0.0005s ]
SQL: SELECT * FROM `wfx_artical` LIMIT 0,12   [ RunTime:0.0006s ]
INFO: [ view_parse ] --START--
INFO: [ template_filter ] --START--
INFO: Run Behavior\ContentReplaceBehavior [ RunTime:0.000206s ]
INFO: [ template_filter ] --END-- [ RunTime:0.000438s ]
NOTIC: [8] Undefined variable: vo D:\wamp64\www\wfx\Application\Runtime\Cache\Admin\7e5dbafb29008ca3ce98c23ac1c723c3.php 第 40 行.
NOTIC: [8] Undefined variable: vo D:\wamp64\www\wfx\Application\Runtime\Cache\Admin\7e5dbafb29008ca3ce98c23ac1c723c3.php 第 44 行.
NOTIC: [8] Undefined variable: breadhtml D:\wamp64\www\wfx\Application\Runtime\Cache\Admin\7e5dbafb29008ca3ce98c23ac1c723c3.php 第 93 行.
INFO: Run Behavior\ParseTemplateBehavior [ RunTime:0.070864s ]
INFO: [ view_parse ] --END-- [ RunTime:0.071054s ]
INFO: [ view_filter ] --START--
INFO: Run Behavior\WriteHtmlCacheBehavior [ RunTime:0.003147s ]
INFO: [ view_filter ] --END-- [ RunTime:0.003344s ]
INFO: [ app_end ] --START--
INFO: Run Behavior\ShowPageTraceBehavior [ RunTime:0.004418s ]
INFO: [ app_end ] --END-- [ RunTime:0.004861s ]

[ 2019-07-16T10:07:52+08:00 ] 127.0.0.1 /Admin/Vip/message
INFO: [ app_init ] --START--
INFO: Run Behavior\BuildLiteBehavior [ RunTime:0.000056s ]
INFO: [ app_init ] --END-- [ RunTime:0.001227s ]
INFO: [ app_begin ] --START--
INFO: Run Behavior\ReadHtmlCacheBehavior [ RunTime:0.003794s ]
INFO: [ app_begin ] --END-- [ RunTime:0.004096s ]
SQL: SHOW COLUMNS FROM `wfx_set` [ RunTime:0.0058s ]
SQL: SELECT * FROM `wfx_set` LIMIT 1   [ RunTime:0.0005s ]
SQL: SHOW COLUMNS FROM `wfx_cms_set` [ RunTime:0.0052s ]
SQL: SELECT * FROM `wfx_cms_set` LIMIT 1   [ RunTime:0.0005s ]
SQL: SHOW COLUMNS FROM `wfx_shop_set` [ RunTime:0.0057s ]
SQL: SELECT * FROM `wfx_shop_set` LIMIT 1   [ RunTime:0.0007s ]
INFO: [ view_parse ] --START--
INFO: [ template_filter ] --START--
INFO: Run Behavior\ContentReplaceBehavior [ RunTime:0.000149s ]
INFO: [ template_filter ] --END-- [ RunTime:0.000459s ]
INFO: Run Behavior\ParseTemplateBehavior [ RunTime:0.022456s ]
INFO: [ view_parse ] --END-- [ RunTime:0.022666s ]
INFO: [ view_filter ] --START--
INFO: Run Behavior\WriteHtmlCacheBehavior [ RunTime:0.002140s ]
INFO: [ view_filter ] --END-- [ RunTime:0.002304s ]
SQL: SHOW COLUMNS FROM `wfx_vip_message` [ RunTime:0.0021s ]
NOTIC: [8] Undefined index: p D:\wamp64\www\wfx\Application\Admin\Controller\VipController.class.php 第 655 行.
NOTIC: [8] Undefined variable: map D:\wamp64\www\wfx\Application\Admin\Controller\VipController.class.php 第 662 行.
SQL: SELECT * FROM `wfx_vip_message` ORDER BY id desc LIMIT 0,20   [ RunTime:0.0005s ]
NOTIC: [8] Undefined variable: map D:\wamp64\www\wfx\Application\Admin\Controller\VipController.class.php 第 663 行.
SQL: SELECT COUNT(*) AS tp_count FROM `wfx_vip_message` LIMIT 1   [ RunTime:0.0005s ]
NOTIC: [2] Missing argument 6 for Admin\Controller\BaseController::getPage(), called in D:\wamp64\www\wfx\Application\Admin\Controller\VipController.class.php on line 664 and defined D:\wamp64\www\wfx\Application\Admin\Controller\BaseController.class.php 第 91 行.
NOTIC: [8] Undefined variable: map D:\wamp64\www\wfx\Application\Admin\Controller\BaseController.class.php 第 103 行.
INFO: [ view_parse ] --START--
INFO: [ template_filter ] --START--
INFO: Run Behavior\ContentReplaceBehavior [ RunTime:0.000205s ]
INFO: [ template_filter ] --END-- [ RunTime:-0.023301s ]
INFO: Run Behavior\ParseTemplateBehavior [ RunTime:0.016510s ]
INFO: [ view_parse ] --END-- [ RunTime:-0.010651s ]
INFO: [ view_filter ] --START--
INFO: Run Behavior\WriteHtmlCacheBehavior [ RunTime:0.000068s ]
INFO: [ view_filter ] --END-- [ RunTime:-0.025079s ]
INFO: [ app_end ] --START--
INFO: Run Behavior\ShowPageTraceBehavior [ RunTime:0.002158s ]
INFO: [ app_end ] --END-- [ RunTime:0.002358s ]

