[ 2019-07-04T10:52:18+08:00 ] 127.0.0.1 /
INFO: [ app_init ] --START--
INFO: Run Behavior\BuildLiteBehavior [ RunTime:0.000016s ]
INFO: [ app_init ] --END-- [ RunTime:0.001790s ]
INFO: [ app_begin ] --START--
INFO: Run Behavior\ReadHtmlCacheBehavior [ RunTime:0.002213s ]
INFO: [ app_begin ] --END-- [ RunTime:0.002257s ]
SQL: SHOW COLUMNS FROM `wfx_set` [ RunTime:0.0804s ]
SQL: SELECT * FROM `wfx_set` LIMIT 1   [ RunTime:0.0005s ]
SQL: SHOW COLUMNS FROM `wfx_cms_set` [ RunTime:0.0498s ]
SQL: SELECT * FROM `wfx_cms_set` LIMIT 1   [ RunTime:0.0002s ]
SQL: SHOW COLUMNS FROM `wfx_shop_set` [ RunTime:0.0297s ]
SQL: SELECT * FROM `wfx_shop_set` LIMIT 1   [ RunTime:0.0005s ]

[ 2019-07-04T10:52:18+08:00 ] 127.0.0.1 /Admin/Public/login
INFO: [ app_init ] --START--
INFO: Run Behavior\BuildLiteBehavior [ RunTime:0.000005s ]
INFO: [ app_init ] --END-- [ RunTime:0.000042s ]
INFO: [ app_begin ] --START--
INFO: Run Behavior\ReadHtmlCacheBehavior [ RunTime:0.000155s ]
INFO: [ app_begin ] --END-- [ RunTime:0.000171s ]
SQL: SHOW COLUMNS FROM `wfx_set` [ RunTime:0.0047s ]
SQL: SELECT * FROM `wfx_set` LIMIT 1   [ RunTime:0.0004s ]
SQL: SHOW COLUMNS FROM `wfx_cms_set` [ RunTime:0.0055s ]
SQL: SELECT * FROM `wfx_cms_set` LIMIT 1   [ RunTime:0.0003s ]
SQL: SHOW COLUMNS FROM `wfx_shop_set` [ RunTime:0.0049s ]
SQL: SELECT * FROM `wfx_shop_set` LIMIT 1   [ RunTime:0.0004s ]
NOTIC: [8] Undefined index: uid D:\wamp64\www\wfx\Application\Admin\Controller\PublicController.class.php 第 49 行.
INFO: [ view_parse ] --START--
INFO: [ template_filter ] --START--
INFO: Run Behavior\ContentReplaceBehavior [ RunTime:0.000054s ]
INFO: [ template_filter ] --END-- [ RunTime:0.000088s ]
INFO: Run Behavior\ParseTemplateBehavior [ RunTime:0.047187s ]
INFO: [ view_parse ] --END-- [ RunTime:0.047237s ]
INFO: [ view_filter ] --START--
INFO: Run Behavior\WriteHtmlCacheBehavior [ RunTime:0.012091s ]
INFO: [ view_filter ] --END-- [ RunTime:0.012124s ]
INFO: [ app_end ] --START--
INFO: Run Behavior\ShowPageTraceBehavior [ RunTime:0.002737s ]
INFO: [ app_end ] --END-- [ RunTime:0.002768s ]

[ 2019-07-04T10:52:19+08:00 ] 127.0.0.1 /Admin/Public/verify
INFO: [ app_init ] --START--
INFO: Run Behavior\BuildLiteBehavior [ RunTime:0.000013s ]
INFO: [ app_init ] --END-- [ RunTime:0.000441s ]
INFO: [ app_begin ] --START--
INFO: Run Behavior\ReadHtmlCacheBehavior [ RunTime:0.000775s ]
INFO: [ app_begin ] --END-- [ RunTime:0.000811s ]
SQL: SHOW COLUMNS FROM `wfx_set` [ RunTime:0.0067s ]
SQL: SELECT * FROM `wfx_set` LIMIT 1   [ RunTime:0.0003s ]
SQL: SHOW COLUMNS FROM `wfx_cms_set` [ RunTime:0.0064s ]
SQL: SELECT * FROM `wfx_cms_set` LIMIT 1   [ RunTime:0.0004s ]
SQL: SHOW COLUMNS FROM `wfx_shop_set` [ RunTime:0.0066s ]
SQL: SELECT * FROM `wfx_shop_set` LIMIT 1   [ RunTime:0.0004s ]
INFO: [ app_end ] --START--
INFO: Run Behavior\ShowPageTraceBehavior [ RunTime:0.001003s ]
INFO: [ app_end ] --END-- [ RunTime:0.001044s ]

[ 2019-07-04T10:52:25+08:00 ] 127.0.0.1 /Admin/Public/login
INFO: [ app_init ] --START--
INFO: Run Behavior\BuildLiteBehavior [ RunTime:0.000009s ]
INFO: [ app_init ] --END-- [ RunTime:0.000341s ]
INFO: [ app_begin ] --START--
INFO: Run Behavior\ReadHtmlCacheBehavior [ RunTime:0.000688s ]
INFO: [ app_begin ] --END-- [ RunTime:0.000714s ]
SQL: SHOW COLUMNS FROM `wfx_set` [ RunTime:0.0054s ]
SQL: SELECT * FROM `wfx_set` LIMIT 1   [ RunTime:0.0004s ]
SQL: SHOW COLUMNS FROM `wfx_cms_set` [ RunTime:0.0044s ]
SQL: SELECT * FROM `wfx_cms_set` LIMIT 1   [ RunTime:0.0003s ]
SQL: SHOW COLUMNS FROM `wfx_shop_set` [ RunTime:0.0070s ]
SQL: SELECT * FROM `wfx_shop_set` LIMIT 1   [ RunTime:0.0005s ]
SQL: SHOW COLUMNS FROM `wfx_user` [ RunTime:0.2193s ]
SQL: SELECT * FROM `wfx_user` WHERE `username` = 'admin' AND `userpass` = '21232f297a57a5a743894a0e4a801fc3' LIMIT 1   [ RunTime:0.0005s ]
SQL: SHOW COLUMNS FROM `wfx_employee` [ RunTime:0.0496s ]
SQL: SELECT * FROM `wfx_employee` WHERE `username` = 'admin' AND `userpass` = '21232f297a57a5a743894a0e4a801fc3' LIMIT 1   [ RunTime:0.0004s ]

[ 2019-07-04T10:52:25+08:00 ] 127.0.0.1 /Admin/Index/index
INFO: [ app_init ] --START--
INFO: Run Behavior\BuildLiteBehavior [ RunTime:0.000007s ]
INFO: [ app_init ] --END-- [ RunTime:0.000059s ]
INFO: [ app_begin ] --START--
INFO: Run Behavior\ReadHtmlCacheBehavior [ RunTime:0.000164s ]
INFO: [ app_begin ] --END-- [ RunTime:0.000182s ]
SQL: SHOW COLUMNS FROM `wfx_set` [ RunTime:0.0063s ]
SQL: SELECT * FROM `wfx_set` LIMIT 1   [ RunTime:0.0004s ]
SQL: SHOW COLUMNS FROM `wfx_cms_set` [ RunTime:0.0046s ]
SQL: SELECT * FROM `wfx_cms_set` LIMIT 1   [ RunTime:0.0005s ]
SQL: SHOW COLUMNS FROM `wfx_shop_set` [ RunTime:0.0055s ]
SQL: SELECT * FROM `wfx_shop_set` LIMIT 1   [ RunTime:0.0007s ]
SQL: SHOW COLUMNS FROM `wfx_user_oath` [ RunTime:0.0665s ]
SQL: SELECT * FROM `wfx_user_oath`  [ RunTime:0.0003s ]
INFO: [ view_parse ] --START--
INFO: [ template_filter ] --START--
INFO: Run Behavior\ContentReplaceBehavior [ RunTime:0.000419s ]
INFO: [ template_filter ] --END-- [ RunTime:0.000446s ]
INFO: Run Behavior\ParseTemplateBehavior [ RunTime:0.027718s ]
INFO: [ view_parse ] --END-- [ RunTime:0.027758s ]
INFO: [ view_filter ] --START--
INFO: Run Behavior\WriteHtmlCacheBehavior [ RunTime:0.000844s ]
INFO: [ view_filter ] --END-- [ RunTime:0.000861s ]
INFO: [ app_end ] --START--
INFO: Run Behavior\ShowPageTraceBehavior [ RunTime:0.000639s ]
INFO: [ app_end ] --END-- [ RunTime:0.000658s ]

[ 2019-07-04T10:52:26+08:00 ] 127.0.0.1 /Admin/Index/main
INFO: [ app_init ] --START--
INFO: Run Behavior\BuildLiteBehavior [ RunTime:0.000014s ]
INFO: [ app_init ] --END-- [ RunTime:0.000096s ]
INFO: [ app_begin ] --START--
INFO: Run Behavior\ReadHtmlCacheBehavior [ RunTime:0.000832s ]
INFO: [ app_begin ] --END-- [ RunTime:0.000878s ]
SQL: SHOW COLUMNS FROM `wfx_set` [ RunTime:0.0059s ]
SQL: SELECT * FROM `wfx_set` LIMIT 1   [ RunTime:0.0006s ]
SQL: SHOW COLUMNS FROM `wfx_cms_set` [ RunTime:0.0067s ]
SQL: SELECT * FROM `wfx_cms_set` LIMIT 1   [ RunTime:0.0003s ]
SQL: SHOW COLUMNS FROM `wfx_shop_set` [ RunTime:0.0061s ]
SQL: SELECT * FROM `wfx_shop_set` LIMIT 1   [ RunTime:0.0007s ]
INFO: [ view_parse ] --START--
INFO: [ template_filter ] --START--
INFO: Run Behavior\ContentReplaceBehavior [ RunTime:0.000026s ]
INFO: [ template_filter ] --END-- [ RunTime:0.000054s ]
INFO: Run Behavior\ParseTemplateBehavior [ RunTime:0.020388s ]
INFO: [ view_parse ] --END-- [ RunTime:0.020438s ]
INFO: [ view_filter ] --START--
INFO: Run Behavior\WriteHtmlCacheBehavior [ RunTime:0.001167s ]
INFO: [ view_filter ] --END-- [ RunTime:0.001212s ]
SQL: SHOW COLUMNS FROM `wfx_vip` [ RunTime:0.4408s ]
SQL: SELECT COUNT(*) AS tp_count FROM `wfx_vip` LIMIT 1   [ RunTime:0.0005s ]
SQL: SELECT COUNT(*) AS tp_count FROM `wfx_vip` WHERE ( subscribe=1 ) LIMIT 1   [ RunTime:0.0006s ]
SQL: SELECT COUNT(*) AS tp_count FROM `wfx_vip` WHERE `ctime` BETWEEN 1562169600 AND 1562255999 LIMIT 1   [ RunTime:0.0003s ]
SQL: SELECT COUNT(*) AS tp_count FROM `wfx_vip` WHERE `ctime` BETWEEN 1562083200 AND 1562169599 LIMIT 1   [ RunTime:0.0001s ]
SQL: SHOW COLUMNS FROM `wfx_shop_order` [ RunTime:0.0336s ]
SQL: SELECT COUNT(*) AS tp_count FROM `wfx_shop_order` LIMIT 1   [ RunTime:0.0004s ]
SQL: SELECT COUNT(*) AS tp_count FROM `wfx_shop_order` WHERE ( status=0 ) LIMIT 1   [ RunTime:0.0002s ]
SQL: SELECT COUNT(*) AS tp_count FROM `wfx_shop_order` WHERE ( status=1 ) LIMIT 1   [ RunTime:0.0003s ]
SQL: SELECT COUNT(*) AS tp_count FROM `wfx_shop_order` WHERE ( status=2 ) LIMIT 1   [ RunTime:0.0001s ]
SQL: SELECT COUNT(*) AS tp_count FROM `wfx_shop_order` WHERE ( status=3 ) LIMIT 1   [ RunTime:0.0001s ]
SQL: SELECT COUNT(*) AS tp_count FROM `wfx_shop_order` WHERE ( status=4 ) LIMIT 1   [ RunTime:0.0001s ]
SQL: SELECT COUNT(*) AS tp_count FROM `wfx_shop_order` WHERE ( status=5 ) LIMIT 1   [ RunTime:0.0001s ]
SQL: SELECT COUNT(*) AS tp_count FROM `wfx_shop_order` WHERE ( status=6 ) LIMIT 1   [ RunTime:0.0001s ]
SQL: SELECT COUNT(*) AS tp_count FROM `wfx_shop_order` WHERE `ctime` BETWEEN 1562169600 AND 1562255999 LIMIT 1   [ RunTime:0.0001s ]
SQL: SELECT COUNT(*) AS tp_count FROM `wfx_shop_order` WHERE `ctime` BETWEEN 1562083200 AND 1562169599 LIMIT 1   [ RunTime:0.0001s ]
SQL: SHOW COLUMNS FROM `wfx_fx_syslog` [ RunTime:0.0324s ]
SQL: SELECT SUM(fxyj) AS tp_sum FROM `wfx_fx_syslog` LIMIT 1   [ RunTime:0.0002s ]
SQL: SELECT SUM(fxyj) AS tp_sum FROM `wfx_fx_syslog` WHERE `ctime` BETWEEN 1562169600 AND 1562255999 LIMIT 1   [ RunTime:0.0001s ]
SQL: SELECT SUM(fxyj) AS tp_sum FROM `wfx_fx_syslog` WHERE `ctime` BETWEEN 1562083200 AND 1562169599 LIMIT 1   [ RunTime:0.0002s ]
NOTIC: [2] Division by zero D:\wamp64\www\wfx\Application\Admin\Controller\IndexController.class.php 第 138 行.
SQL: SELECT COUNT(*) AS tp_count FROM `wfx_vip` WHERE `isfx` = 0 AND `isfxgd` = 0 LIMIT 1   [ RunTime:0.0004s ]
SQL: SELECT COUNT(*) AS tp_count FROM `wfx_vip` WHERE `isfx` = 1 AND `isfxgd` = 0 LIMIT 1   [ RunTime:0.0002s ]
SQL: SELECT COUNT(*) AS tp_count FROM `wfx_vip` WHERE ( isfxgd=1 ) LIMIT 1   [ RunTime:0.0002s ]
SQL: SHOW COLUMNS FROM `wfx_vip_log_sub` [ RunTime:0.0280s ]
SQL: SELECT * FROM `wfx_vip_log_sub` ORDER BY ctime desc LIMIT 5   [ RunTime:0.0005s ]
SQL: SELECT * FROM `wfx_fx_syslog` ORDER BY ctime desc LIMIT 5   [ RunTime:0.0004s ]
SQL: SHOW COLUMNS FROM `wfx_fx_log_tj` [ RunTime:0.0260s ]
SQL: SELECT * FROM `wfx_fx_log_tj` ORDER BY ctime desc LIMIT 5   [ RunTime:0.0004s ]
SQL: SELECT * FROM `wfx_shop_order` WHERE `ispay` = 1 AND `status` = 2 ORDER BY ctime desc LIMIT 5   [ RunTime:0.0005s ]
SQL: SELECT SUM(totalprice) AS tp_sum FROM `wfx_shop_order` WHERE `ispay` = 1 LIMIT 1   [ RunTime:0.0003s ]
SQL: SELECT SUM(totalprice) AS tp_sum FROM `wfx_shop_order` WHERE `status` = 5 LIMIT 1   [ RunTime:0.0002s ]
SQL: SELECT SUM(totalnum) AS tp_sum FROM `wfx_shop_order` WHERE `ispay` = 1 LIMIT 1   [ RunTime:0.0002s ]
SQL: SHOW COLUMNS FROM `wfx_vip_tx` [ RunTime:0.0251s ]
SQL: SELECT SUM(txprice) AS tp_sum FROM `wfx_vip_tx` WHERE `status` = 2 LIMIT 1   [ RunTime:0.0003s ]
INFO: [ view_parse ] --START--
INFO: [ template_filter ] --START--
INFO: Run Behavior\ContentReplaceBehavior [ RunTime:0.000184s ]
INFO: [ template_filter ] --END-- [ RunTime:-0.635694s ]
INFO: Run Behavior\ParseTemplateBehavior [ RunTime:0.028912s ]
INFO: [ view_parse ] --END-- [ RunTime:-0.604818s ]
INFO: [ view_filter ] --START--
INFO: Run Behavior\WriteHtmlCacheBehavior [ RunTime:0.000007s ]
INFO: [ view_filter ] --END-- [ RunTime:-0.632555s ]
INFO: [ app_end ] --START--
INFO: Run Behavior\ShowPageTraceBehavior [ RunTime:0.000786s ]
INFO: [ app_end ] --END-- [ RunTime:0.000810s ]

[ 2019-07-04T10:52:33+08:00 ] 127.0.0.1 /wap
INFO: [ app_init ] --START--
INFO: Run Behavior\BuildLiteBehavior [ RunTime:0.000015s ]
INFO: [ app_init ] --END-- [ RunTime:0.000709s ]
INFO: [ app_begin ] --START--
INFO: Run Behavior\ReadHtmlCacheBehavior [ RunTime:0.000292s ]
INFO: [ app_begin ] --END-- [ RunTime:0.000321s ]
ERR: 无法加载控制器:Wap

[ 2019-07-04T10:52:33+08:00 ] 127.0.0.1 /favicon.ico
INFO: [ app_init ] --START--
INFO: Run Behavior\BuildLiteBehavior [ RunTime:0.000011s ]
INFO: [ app_init ] --END-- [ RunTime:0.000060s ]

[ 2019-07-04T10:52:37+08:00 ] 127.0.0.1 /index
INFO: [ app_init ] --START--
INFO: Run Behavior\BuildLiteBehavior [ RunTime:0.000014s ]
INFO: [ app_init ] --END-- [ RunTime:0.000166s ]
INFO: [ app_begin ] --START--
INFO: Run Behavior\ReadHtmlCacheBehavior [ RunTime:0.000237s ]
INFO: [ app_begin ] --END-- [ RunTime:0.000256s ]
SQL: SHOW COLUMNS FROM `wfx_set` [ RunTime:0.0051s ]
SQL: SELECT * FROM `wfx_set` LIMIT 1   [ RunTime:0.0007s ]
SQL: SHOW COLUMNS FROM `wfx_cms_set` [ RunTime:0.0059s ]
SQL: SELECT * FROM `wfx_cms_set` LIMIT 1   [ RunTime:0.0006s ]
SQL: SHOW COLUMNS FROM `wfx_shop_set` [ RunTime:0.0050s ]
SQL: SELECT * FROM `wfx_shop_set` LIMIT 1   [ RunTime:0.0005s ]
SQL: SHOW COLUMNS FROM `wfx_user_oath` [ RunTime:0.0066s ]
SQL: SELECT * FROM `wfx_user_oath`  [ RunTime:0.0006s ]
INFO: [ view_parse ] --START--
INFO: [ template_filter ] --START--
INFO: Run Behavior\ContentReplaceBehavior [ RunTime:0.000435s ]
INFO: [ template_filter ] --END-- [ RunTime:0.000468s ]
INFO: Run Behavior\ParseTemplateBehavior [ RunTime:0.010264s ]
INFO: [ view_parse ] --END-- [ RunTime:0.010292s ]
INFO: [ view_filter ] --START--
INFO: Run Behavior\WriteHtmlCacheBehavior [ RunTime:0.000267s ]
INFO: [ view_filter ] --END-- [ RunTime:0.000280s ]
INFO: [ app_end ] --START--
INFO: Run Behavior\ShowPageTraceBehavior [ RunTime:0.000285s ]
INFO: [ app_end ] --END-- [ RunTime:0.000301s ]

[ 2019-07-04T10:52:37+08:00 ] 127.0.0.1 /Admin/Index/main
INFO: [ app_init ] --START--
INFO: Run Behavior\BuildLiteBehavior [ RunTime:0.000016s ]
INFO: [ app_init ] --END-- [ RunTime:0.000097s ]
INFO: [ app_begin ] --START--
INFO: Run Behavior\ReadHtmlCacheBehavior [ RunTime:0.000175s ]
INFO: [ app_begin ] --END-- [ RunTime:0.000194s ]
SQL: SHOW COLUMNS FROM `wfx_set` [ RunTime:0.0076s ]
SQL: SELECT * FROM `wfx_set` LIMIT 1   [ RunTime:0.0007s ]
SQL: SHOW COLUMNS FROM `wfx_cms_set` [ RunTime:0.0086s ]
SQL: SELECT * FROM `wfx_cms_set` LIMIT 1   [ RunTime:0.0008s ]
SQL: SHOW COLUMNS FROM `wfx_shop_set` [ RunTime:0.0080s ]
SQL: SELECT * FROM `wfx_shop_set` LIMIT 1   [ RunTime:0.0006s ]
INFO: [ view_parse ] --START--
INFO: [ template_filter ] --START--
INFO: Run Behavior\ContentReplaceBehavior [ RunTime:0.000025s ]
INFO: [ template_filter ] --END-- [ RunTime:0.000054s ]
INFO: Run Behavior\ParseTemplateBehavior [ RunTime:0.004250s ]
INFO: [ view_parse ] --END-- [ RunTime:0.004284s ]
INFO: [ view_filter ] --START--
INFO: Run Behavior\WriteHtmlCacheBehavior [ RunTime:0.000174s ]
INFO: [ view_filter ] --END-- [ RunTime:0.000185s ]
SQL: SHOW COLUMNS FROM `wfx_vip` [ RunTime:0.0082s ]
SQL: SELECT COUNT(*) AS tp_count FROM `wfx_vip` LIMIT 1   [ RunTime:0.0009s ]
SQL: SELECT COUNT(*) AS tp_count FROM `wfx_vip` WHERE ( subscribe=1 ) LIMIT 1   [ RunTime:0.0011s ]
SQL: SELECT COUNT(*) AS tp_count FROM `wfx_vip` WHERE `ctime` BETWEEN 1562169600 AND 1562255999 LIMIT 1   [ RunTime:0.0005s ]
SQL: SELECT COUNT(*) AS tp_count FROM `wfx_vip` WHERE `ctime` BETWEEN 1562083200 AND 1562169599 LIMIT 1   [ RunTime:0.0003s ]
SQL: SHOW COLUMNS FROM `wfx_shop_order` [ RunTime:0.0073s ]
SQL: SELECT COUNT(*) AS tp_count FROM `wfx_shop_order` LIMIT 1   [ RunTime:0.0007s ]
SQL: SELECT COUNT(*) AS tp_count FROM `wfx_shop_order` WHERE ( status=0 ) LIMIT 1   [ RunTime:0.0005s ]
SQL: SELECT COUNT(*) AS tp_count FROM `wfx_shop_order` WHERE ( status=1 ) LIMIT 1   [ RunTime:0.0006s ]
SQL: SELECT COUNT(*) AS tp_count FROM `wfx_shop_order` WHERE ( status=2 ) LIMIT 1   [ RunTime:0.0007s ]
SQL: SELECT COUNT(*) AS tp_count FROM `wfx_shop_order` WHERE ( status=3 ) LIMIT 1   [ RunTime:0.0007s ]
SQL: SELECT COUNT(*) AS tp_count FROM `wfx_shop_order` WHERE ( status=4 ) LIMIT 1   [ RunTime:0.0002s ]
SQL: SELECT COUNT(*) AS tp_count FROM `wfx_shop_order` WHERE ( status=5 ) LIMIT 1   [ RunTime:0.0001s ]
SQL: SELECT COUNT(*) AS tp_count FROM `wfx_shop_order` WHERE ( status=6 ) LIMIT 1   [ RunTime:0.0001s ]
SQL: SELECT COUNT(*) AS tp_count FROM `wfx_shop_order` WHERE `ctime` BETWEEN 1562169600 AND 1562255999 LIMIT 1   [ RunTime:0.0004s ]
SQL: SELECT COUNT(*) AS tp_count FROM `wfx_shop_order` WHERE `ctime` BETWEEN 1562083200 AND 1562169599 LIMIT 1   [ RunTime:0.0005s ]
SQL: SHOW COLUMNS FROM `wfx_fx_syslog` [ RunTime:0.0077s ]
SQL: SELECT SUM(fxyj) AS tp_sum FROM `wfx_fx_syslog` LIMIT 1   [ RunTime:0.0005s ]
SQL: SELECT SUM(fxyj) AS tp_sum FROM `wfx_fx_syslog` WHERE `ctime` BETWEEN 1562169600 AND 1562255999 LIMIT 1   [ RunTime:0.0005s ]
SQL: SELECT SUM(fxyj) AS tp_sum FROM `wfx_fx_syslog` WHERE `ctime` BETWEEN 1562083200 AND 1562169599 LIMIT 1   [ RunTime:0.0003s ]
NOTIC: [2] Division by zero D:\wamp64\www\wfx\Application\Admin\Controller\IndexController.class.php 第 138 行.
SQL: SELECT COUNT(*) AS tp_count FROM `wfx_vip` WHERE `isfx` = 0 AND `isfxgd` = 0 LIMIT 1   [ RunTime:0.0005s ]
SQL: SELECT COUNT(*) AS tp_count FROM `wfx_vip` WHERE `isfx` = 1 AND `isfxgd` = 0 LIMIT 1   [ RunTime:0.0005s ]
SQL: SELECT COUNT(*) AS tp_count FROM `wfx_vip` WHERE ( isfxgd=1 ) LIMIT 1   [ RunTime:0.0007s ]
SQL: SHOW COLUMNS FROM `wfx_vip_log_sub` [ RunTime:0.0077s ]
SQL: SELECT * FROM `wfx_vip_log_sub` ORDER BY ctime desc LIMIT 5   [ RunTime:0.0007s ]
SQL: SELECT * FROM `wfx_fx_syslog` ORDER BY ctime desc LIMIT 5   [ RunTime:0.0006s ]
SQL: SHOW COLUMNS FROM `wfx_fx_log_tj` [ RunTime:0.0047s ]
SQL: SELECT * FROM `wfx_fx_log_tj` ORDER BY ctime desc LIMIT 5   [ RunTime:0.0004s ]
SQL: SELECT * FROM `wfx_shop_order` WHERE `ispay` = 1 AND `status` = 2 ORDER BY ctime desc LIMIT 5   [ RunTime:0.0009s ]
SQL: SELECT SUM(totalprice) AS tp_sum FROM `wfx_shop_order` WHERE `ispay` = 1 LIMIT 1   [ RunTime:0.0006s ]
SQL: SELECT SUM(totalprice) AS tp_sum FROM `wfx_shop_order` WHERE `status` = 5 LIMIT 1   [ RunTime:0.0006s ]
SQL: SELECT SUM(totalnum) AS tp_sum FROM `wfx_shop_order` WHERE `ispay` = 1 LIMIT 1   [ RunTime:0.0004s ]
SQL: SHOW COLUMNS FROM `wfx_vip_tx` [ RunTime:0.0081s ]
SQL: SELECT SUM(txprice) AS tp_sum FROM `wfx_vip_tx` WHERE `status` = 2 LIMIT 1   [ RunTime:0.0005s ]
INFO: [ view_parse ] --START--
INFO: [ template_filter ] --START--
INFO: Run Behavior\ContentReplaceBehavior [ RunTime:0.000189s ]
INFO: [ template_filter ] --END-- [ RunTime:-0.071581s ]
INFO: Run Behavior\ParseTemplateBehavior [ RunTime:0.011192s ]
INFO: [ view_parse ] --END-- [ RunTime:-0.064557s ]
INFO: [ view_filter ] --START--
INFO: Run Behavior\WriteHtmlCacheBehavior [ RunTime:0.000009s ]
INFO: [ view_filter ] --END-- [ RunTime:-0.075611s ]
INFO: [ app_end ] --START--
INFO: Run Behavior\ShowPageTraceBehavior [ RunTime:0.000314s ]
INFO: [ app_end ] --END-- [ RunTime:0.000327s ]

[ 2019-07-04T11:01:49+08:00 ] 127.0.0.1 /Admin/Wx/keyword
INFO: [ app_init ] --START--
INFO: Run Behavior\BuildLiteBehavior [ RunTime:0.000007s ]
INFO: [ app_init ] --END-- [ RunTime:0.000286s ]
INFO: [ app_begin ] --START--
INFO: Run Behavior\ReadHtmlCacheBehavior [ RunTime:0.000557s ]
INFO: [ app_begin ] --END-- [ RunTime:0.000573s ]
SQL: SHOW COLUMNS FROM `wfx_set` [ RunTime:0.0050s ]
SQL: SELECT * FROM `wfx_set` LIMIT 1   [ RunTime:0.0004s ]
SQL: SHOW COLUMNS FROM `wfx_cms_set` [ RunTime:0.0051s ]
SQL: SELECT * FROM `wfx_cms_set` LIMIT 1   [ RunTime:0.0004s ]
SQL: SHOW COLUMNS FROM `wfx_shop_set` [ RunTime:0.0049s ]
SQL: SELECT * FROM `wfx_shop_set` LIMIT 1   [ RunTime:0.0004s ]
INFO: [ view_parse ] --START--
INFO: [ template_filter ] --START--
INFO: Run Behavior\ContentReplaceBehavior [ RunTime:0.000021s ]
INFO: [ template_filter ] --END-- [ RunTime:0.000044s ]
INFO: Run Behavior\ParseTemplateBehavior [ RunTime:0.005193s ]
INFO: [ view_parse ] --END-- [ RunTime:0.005221s ]
INFO: [ view_filter ] --START--
INFO: Run Behavior\WriteHtmlCacheBehavior [ RunTime:0.000684s ]
INFO: [ view_filter ] --END-- [ RunTime:0.000697s ]
SQL: SHOW COLUMNS FROM `wfx_wx_keyword` [ RunTime:0.0436s ]
NOTIC: [8] Undefined index: p D:\wamp64\www\wfx\Application\Admin\Controller\WxController.class.php 第 88 行.
NOTIC: [8] Undefined variable: map D:\wamp64\www\wfx\Application\Admin\Controller\WxController.class.php 第 95 行.
SQL: SELECT * FROM `wfx_wx_keyword` LIMIT 0,20   [ RunTime:0.0004s ]
NOTIC: [8] Undefined variable: map D:\wamp64\www\wfx\Application\Admin\Controller\WxController.class.php 第 96 行.
SQL: SELECT COUNT(*) AS tp_count FROM `wfx_wx_keyword` LIMIT 1   [ RunTime:0.0002s ]
ERR: Too few arguments to function Admin\Controller\BaseController::getPage(), 5 passed in D:\wamp64\www\wfx\Application\Admin\Controller\WxController.class.php on line 97 and exactly 6 expected

[ 2019-07-04T11:01:50+08:00 ] 127.0.0.1 /Admin/Wx/menu
INFO: [ app_init ] --START--
INFO: Run Behavior\BuildLiteBehavior [ RunTime:0.000007s ]
INFO: [ app_init ] --END-- [ RunTime:0.000043s ]
INFO: [ app_begin ] --START--
INFO: Run Behavior\ReadHtmlCacheBehavior [ RunTime:0.000169s ]
INFO: [ app_begin ] --END-- [ RunTime:0.000183s ]
SQL: SHOW COLUMNS FROM `wfx_set` [ RunTime:0.0055s ]
SQL: SELECT * FROM `wfx_set` LIMIT 1   [ RunTime:0.0003s ]
SQL: SHOW COLUMNS FROM `wfx_cms_set` [ RunTime:0.0074s ]
SQL: SELECT * FROM `wfx_cms_set` LIMIT 1   [ RunTime:0.0003s ]
SQL: SHOW COLUMNS FROM `wfx_shop_set` [ RunTime:0.0061s ]
SQL: SELECT * FROM `wfx_shop_set` LIMIT 1   [ RunTime:0.0003s ]
INFO: [ view_parse ] --START--
INFO: [ template_filter ] --START--
INFO: Run Behavior\ContentReplaceBehavior [ RunTime:0.000021s ]
INFO: [ template_filter ] --END-- [ RunTime:0.000041s ]
INFO: Run Behavior\ParseTemplateBehavior [ RunTime:0.003192s ]
INFO: [ view_parse ] --END-- [ RunTime:0.003220s ]
INFO: [ view_filter ] --START--
INFO: Run Behavior\WriteHtmlCacheBehavior [ RunTime:0.000166s ]
INFO: [ view_filter ] --END-- [ RunTime:0.000179s ]
INFO: [ view_parse ] --START--
INFO: [ template_filter ] --START--
INFO: Run Behavior\ContentReplaceBehavior [ RunTime:0.000108s ]
INFO: [ template_filter ] --END-- [ RunTime:-0.155343s ]
INFO: Run Behavior\ParseTemplateBehavior [ RunTime:0.032215s ]
INFO: [ view_parse ] --END-- [ RunTime:-0.141120s ]
INFO: [ view_filter ] --START--
INFO: Run Behavior\WriteHtmlCacheBehavior [ RunTime:0.000008s ]
INFO: [ view_filter ] --END-- [ RunTime:-0.173212s ]
INFO: [ app_end ] --START--
INFO: Run Behavior\ShowPageTraceBehavior [ RunTime:0.000896s ]
INFO: [ app_end ] --END-- [ RunTime:0.000921s ]

[ 2019-07-04T11:01:51+08:00 ] 127.0.0.1 /Admin/Wx/qrcodeBgSet
INFO: [ app_init ] --START--
INFO: Run Behavior\BuildLiteBehavior [ RunTime:0.000005s ]
INFO: [ app_init ] --END-- [ RunTime:0.000035s ]
INFO: [ app_begin ] --START--
INFO: Run Behavior\ReadHtmlCacheBehavior [ RunTime:0.000170s ]
INFO: [ app_begin ] --END-- [ RunTime:0.000185s ]
SQL: SHOW COLUMNS FROM `wfx_set` [ RunTime:0.0052s ]
SQL: SELECT * FROM `wfx_set` LIMIT 1   [ RunTime:0.0004s ]
SQL: SHOW COLUMNS FROM `wfx_cms_set` [ RunTime:0.0046s ]
SQL: SELECT * FROM `wfx_cms_set` LIMIT 1   [ RunTime:0.0003s ]
SQL: SHOW COLUMNS FROM `wfx_shop_set` [ RunTime:0.0047s ]
SQL: SELECT * FROM `wfx_shop_set` LIMIT 1   [ RunTime:0.0004s ]
INFO: [ view_parse ] --START--
INFO: [ template_filter ] --START--
INFO: Run Behavior\ContentReplaceBehavior [ RunTime:0.000026s ]
INFO: [ template_filter ] --END-- [ RunTime:0.000054s ]
INFO: Run Behavior\ParseTemplateBehavior [ RunTime:0.004269s ]
INFO: [ view_parse ] --END-- [ RunTime:0.004301s ]
INFO: [ view_filter ] --START--
INFO: Run Behavior\WriteHtmlCacheBehavior [ RunTime:0.000196s ]
INFO: [ view_filter ] --END-- [ RunTime:0.000209s ]
SQL: SHOW COLUMNS FROM `wfx_autoset` [ RunTime:0.0392s ]
SQL: SELECT * FROM `wfx_autoset` LIMIT 1   [ RunTime:0.0003s ]
INFO: [ view_parse ] --START--
INFO: [ template_filter ] --START--
INFO: Run Behavior\ContentReplaceBehavior [ RunTime:0.000031s ]
INFO: [ template_filter ] --END-- [ RunTime:-0.054101s ]
INFO: Run Behavior\ParseTemplateBehavior [ RunTime:0.013937s ]
INFO: [ view_parse ] --END-- [ RunTime:-0.040534s ]
INFO: [ view_filter ] --START--
INFO: Run Behavior\WriteHtmlCacheBehavior [ RunTime:0.000007s ]
INFO: [ view_filter ] --END-- [ RunTime:-0.054290s ]
INFO: [ app_end ] --START--
INFO: Run Behavior\ShowPageTraceBehavior [ RunTime:0.000177s ]
INFO: [ app_end ] --END-- [ RunTime:0.000189s ]

[ 2019-07-04T11:01:57+08:00 ] 127.0.0.1 /Admin/Shop/orderReport
INFO: [ app_init ] --START--
INFO: Run Behavior\BuildLiteBehavior [ RunTime:0.000006s ]
INFO: [ app_init ] --END-- [ RunTime:0.000102s ]
INFO: [ app_begin ] --START--
INFO: Run Behavior\ReadHtmlCacheBehavior [ RunTime:0.000212s ]
INFO: [ app_begin ] --END-- [ RunTime:0.000223s ]
SQL: SHOW COLUMNS FROM `wfx_set` [ RunTime:0.0048s ]
SQL: SELECT * FROM `wfx_set` LIMIT 1   [ RunTime:0.0004s ]
SQL: SHOW COLUMNS FROM `wfx_cms_set` [ RunTime:0.0047s ]
SQL: SELECT * FROM `wfx_cms_set` LIMIT 1   [ RunTime:0.0002s ]
SQL: SHOW COLUMNS FROM `wfx_shop_set` [ RunTime:0.0046s ]
SQL: SELECT * FROM `wfx_shop_set` LIMIT 1   [ RunTime:0.0004s ]
SQL: SELECT * FROM `wfx_shop_set` LIMIT 1   [ RunTime:0.0001s ]
SQL: SHOW COLUMNS FROM `wfx_vip_set` [ RunTime:0.0255s ]
SQL: SELECT * FROM `wfx_vip_set` LIMIT 1   [ RunTime:0.0003s ]
SQL: SHOW COLUMNS FROM `wfx_shop_goods` [ RunTime:0.0271s ]
SQL: SHOW COLUMNS FROM `wfx_shop_goods_sku` [ RunTime:0.0328s ]
SQL: SHOW COLUMNS FROM `wfx_shop_order` [ RunTime:0.0049s ]
SQL: SELECT * FROM `wfx_shop_order` WHERE ( ctime>1562169600 )  [ RunTime:0.0005s ]
NOTIC: [8] Undefined variable: goods D:\wamp64\www\wfx\Application\Admin\Model\ShopOrderModel.class.php 第 18 行.
NOTIC: [2] Invalid argument supplied for foreach() D:\wamp64\www\wfx\Application\Admin\Model\ShopOrderModel.class.php 第 18 行.
SQL: SELECT * FROM `wfx_shop_goods`  [ RunTime:0.0004s ]
SQL: SELECT * FROM `wfx_shop_goods_sku`  [ RunTime:0.0003s ]
INFO: [ view_parse ] --START--
INFO: [ template_filter ] --START--
INFO: Run Behavior\ContentReplaceBehavior [ RunTime:0.000034s ]
INFO: [ template_filter ] --END-- [ RunTime:0.000056s ]
NOTIC: [8] Undefined variable: breadhtml D:\wamp64\www\wfx\Application\Runtime\Cache\Admin\2a04b1f8de22c7507c715bc1de2ded10.php 第 65 行.
INFO: Run Behavior\ParseTemplateBehavior [ RunTime:0.021306s ]
INFO: [ view_parse ] --END-- [ RunTime:0.021338s ]
INFO: [ view_filter ] --START--
INFO: Run Behavior\WriteHtmlCacheBehavior [ RunTime:0.000259s ]
INFO: [ view_filter ] --END-- [ RunTime:0.000270s ]
INFO: [ app_end ] --START--
INFO: Run Behavior\ShowPageTraceBehavior [ RunTime:0.000210s ]
INFO: [ app_end ] --END-- [ RunTime:0.000220s ]

[ 2019-07-04T11:01:57+08:00 ] 127.0.0.1 /Admin/Shop/order/status/9
INFO: [ app_init ] --START--
INFO: Run Behavior\BuildLiteBehavior [ RunTime:0.000005s ]
INFO: [ app_init ] --END-- [ RunTime:0.000036s ]
INFO: [ app_begin ] --START--
INFO: Run Behavior\ReadHtmlCacheBehavior [ RunTime:0.000148s ]
INFO: [ app_begin ] --END-- [ RunTime:0.000161s ]
SQL: SHOW COLUMNS FROM `wfx_set` [ RunTime:0.0045s ]
SQL: SELECT * FROM `wfx_set` LIMIT 1   [ RunTime:0.0003s ]
SQL: SHOW COLUMNS FROM `wfx_cms_set` [ RunTime:0.0051s ]
SQL: SELECT * FROM `wfx_cms_set` LIMIT 1   [ RunTime:0.0004s ]
SQL: SHOW COLUMNS FROM `wfx_shop_set` [ RunTime:0.0050s ]
SQL: SELECT * FROM `wfx_shop_set` LIMIT 1   [ RunTime:0.0003s ]
SQL: SELECT * FROM `wfx_shop_set` LIMIT 1   [ RunTime:0.0001s ]
SQL: SHOW COLUMNS FROM `wfx_vip_set` [ RunTime:0.0045s ]
SQL: SELECT * FROM `wfx_vip_set` LIMIT 1   [ RunTime:0.0003s ]
INFO: [ view_parse ] --START--
INFO: [ template_filter ] --START--
INFO: Run Behavior\ContentReplaceBehavior [ RunTime:0.000023s ]
INFO: [ template_filter ] --END-- [ RunTime:0.000052s ]
INFO: Run Behavior\ParseTemplateBehavior [ RunTime:0.003836s ]
INFO: [ view_parse ] --END-- [ RunTime:0.003861s ]
INFO: [ view_filter ] --START--
INFO: Run Behavior\WriteHtmlCacheBehavior [ RunTime:0.000171s ]
INFO: [ view_filter ] --END-- [ RunTime:0.000184s ]
SQL: SHOW COLUMNS FROM `wfx_shop_order` [ RunTime:0.0049s ]
NOTIC: [8] Undefined index: p D:\wamp64\www\wfx\Application\Admin\Controller\ShopController.class.php 第 1099 行.
SQL: SELECT * FROM `wfx_shop_order` WHERE `ctime` >= 1562169600 ORDER BY ctime desc LIMIT 0,20   [ RunTime:0.0006s ]
SQL: SELECT COUNT(*) AS tp_count FROM `wfx_shop_order` WHERE `ctime` >= 1562169600 LIMIT 1   [ RunTime:0.0002s ]
ERR: Too few arguments to function Admin\Controller\BaseController::getPage(), 5 passed in D:\wamp64\www\wfx\Application\Admin\Controller\ShopController.class.php on line 1111 and exactly 6 expected

[ 2019-07-04T11:01:58+08:00 ] 127.0.0.1 /Admin/Shop/order
INFO: [ app_init ] --START--
INFO: Run Behavior\BuildLiteBehavior [ RunTime:0.000006s ]
INFO: [ app_init ] --END-- [ RunTime:0.000044s ]
INFO: [ app_begin ] --START--
INFO: Run Behavior\ReadHtmlCacheBehavior [ RunTime:0.000152s ]
INFO: [ app_begin ] --END-- [ RunTime:0.000165s ]
SQL: SHOW COLUMNS FROM `wfx_set` [ RunTime:0.0050s ]
SQL: SELECT * FROM `wfx_set` LIMIT 1   [ RunTime:0.0003s ]
SQL: SHOW COLUMNS FROM `wfx_cms_set` [ RunTime:0.0070s ]
SQL: SELECT * FROM `wfx_cms_set` LIMIT 1   [ RunTime:0.0003s ]
SQL: SHOW COLUMNS FROM `wfx_shop_set` [ RunTime:0.0075s ]
SQL: SELECT * FROM `wfx_shop_set` LIMIT 1   [ RunTime:0.0004s ]
SQL: SELECT * FROM `wfx_shop_set` LIMIT 1   [ RunTime:0.0005s ]
SQL: SHOW COLUMNS FROM `wfx_vip_set` [ RunTime:0.0067s ]
SQL: SELECT * FROM `wfx_vip_set` LIMIT 1   [ RunTime:0.0005s ]
INFO: [ view_parse ] --START--
INFO: [ template_filter ] --START--
INFO: Run Behavior\ContentReplaceBehavior [ RunTime:0.000044s ]
INFO: [ template_filter ] --END-- [ RunTime:0.000081s ]
INFO: Run Behavior\ParseTemplateBehavior [ RunTime:0.004085s ]
INFO: [ view_parse ] --END-- [ RunTime:0.004120s ]
INFO: [ view_filter ] --START--
INFO: Run Behavior\WriteHtmlCacheBehavior [ RunTime:0.000172s ]
INFO: [ view_filter ] --END-- [ RunTime:0.000185s ]
SQL: SHOW COLUMNS FROM `wfx_shop_order` [ RunTime:0.0052s ]
NOTIC: [8] Undefined index: p D:\wamp64\www\wfx\Application\Admin\Controller\ShopController.class.php 第 1099 行.
NOTIC: [8] Undefined variable: map D:\wamp64\www\wfx\Application\Admin\Controller\ShopController.class.php 第 1109 行.
SQL: SELECT * FROM `wfx_shop_order` ORDER BY ctime desc LIMIT 0,20   [ RunTime:0.0005s ]
NOTIC: [8] Undefined variable: map D:\wamp64\www\wfx\Application\Admin\Controller\ShopController.class.php 第 1110 行.
SQL: SELECT COUNT(*) AS tp_count FROM `wfx_shop_order` LIMIT 1   [ RunTime:0.0003s ]
ERR: Too few arguments to function Admin\Controller\BaseController::getPage(), 5 passed in D:\wamp64\www\wfx\Application\Admin\Controller\ShopController.class.php on line 1111 and exactly 6 expected

[ 2019-07-04T11:02:32+08:00 ] 127.0.0.1 /Admin/Shop/order/status/1
INFO: [ app_init ] --START--
INFO: Run Behavior\BuildLiteBehavior [ RunTime:0.000008s ]
INFO: [ app_init ] --END-- [ RunTime:0.000115s ]
INFO: [ app_begin ] --START--
INFO: Run Behavior\ReadHtmlCacheBehavior [ RunTime:0.000332s ]
INFO: [ app_begin ] --END-- [ RunTime:0.000362s ]
SQL: SHOW COLUMNS FROM `wfx_set` [ RunTime:0.0010s ]
SQL: SELECT * FROM `wfx_set` LIMIT 1   [ RunTime:0.0004s ]
SQL: SHOW COLUMNS FROM `wfx_cms_set` [ RunTime:0.0007s ]
SQL: SELECT * FROM `wfx_cms_set` LIMIT 1   [ RunTime:0.0002s ]
SQL: SHOW COLUMNS FROM `wfx_shop_set` [ RunTime:0.0008s ]
SQL: SELECT * FROM `wfx_shop_set` LIMIT 1   [ RunTime:0.0003s ]
SQL: SELECT * FROM `wfx_shop_set` LIMIT 1   [ RunTime:0.0001s ]
SQL: SHOW COLUMNS FROM `wfx_vip_set` [ RunTime:0.0046s ]
SQL: SELECT * FROM `wfx_vip_set` LIMIT 1   [ RunTime:0.0004s ]
INFO: [ view_parse ] --START--
INFO: [ template_filter ] --START--
INFO: Run Behavior\ContentReplaceBehavior [ RunTime:0.000022s ]
INFO: [ template_filter ] --END-- [ RunTime:0.000046s ]
INFO: Run Behavior\ParseTemplateBehavior [ RunTime:0.004197s ]
INFO: [ view_parse ] --END-- [ RunTime:0.004242s ]
INFO: [ view_filter ] --START--
INFO: Run Behavior\WriteHtmlCacheBehavior [ RunTime:0.000306s ]
INFO: [ view_filter ] --END-- [ RunTime:0.000322s ]
SQL: SHOW COLUMNS FROM `wfx_shop_order` [ RunTime:0.0050s ]
NOTIC: [8] Undefined index: p D:\wamp64\www\wfx\Application\Admin\Controller\ShopController.class.php 第 1099 行.
SQL: SELECT * FROM `wfx_shop_order` WHERE `status` = 1 ORDER BY ctime desc LIMIT 0,20   [ RunTime:0.0006s ]
SQL: SELECT COUNT(*) AS tp_count FROM `wfx_shop_order` WHERE `status` = 1 LIMIT 1   [ RunTime:0.0003s ]
ERR: Too few arguments to function Admin\Controller\BaseController::getPage(), 5 passed in D:\wamp64\www\wfx\Application\Admin\Controller\ShopController.class.php on line 1111 and exactly 6 expected

[ 2019-07-04T11:02:33+08:00 ] 127.0.0.1 /Admin/Shop/order/status/2
INFO: [ app_init ] --START--
INFO: Run Behavior\BuildLiteBehavior [ RunTime:0.000006s ]
INFO: [ app_init ] --END-- [ RunTime:0.000044s ]
INFO: [ app_begin ] --START--
INFO: Run Behavior\ReadHtmlCacheBehavior [ RunTime:0.000175s ]
INFO: [ app_begin ] --END-- [ RunTime:0.000191s ]
SQL: SHOW COLUMNS FROM `wfx_set` [ RunTime:0.0009s ]
SQL: SELECT * FROM `wfx_set` LIMIT 1   [ RunTime:0.0003s ]
SQL: SHOW COLUMNS FROM `wfx_cms_set` [ RunTime:0.0010s ]
SQL: SELECT * FROM `wfx_cms_set` LIMIT 1   [ RunTime:0.0003s ]
SQL: SHOW COLUMNS FROM `wfx_shop_set` [ RunTime:0.0013s ]
SQL: SELECT * FROM `wfx_shop_set` LIMIT 1   [ RunTime:0.0005s ]
SQL: SELECT * FROM `wfx_shop_set` LIMIT 1   [ RunTime:0.0002s ]
SQL: SHOW COLUMNS FROM `wfx_vip_set` [ RunTime:0.0050s ]
SQL: SELECT * FROM `wfx_vip_set` LIMIT 1   [ RunTime:0.0005s ]
INFO: [ view_parse ] --START--
INFO: [ template_filter ] --START--
INFO: Run Behavior\ContentReplaceBehavior [ RunTime:0.000018s ]
INFO: [ template_filter ] --END-- [ RunTime:0.000036s ]
INFO: Run Behavior\ParseTemplateBehavior [ RunTime:0.003207s ]
INFO: [ view_parse ] --END-- [ RunTime:0.003231s ]
INFO: [ view_filter ] --START--
INFO: Run Behavior\WriteHtmlCacheBehavior [ RunTime:0.000195s ]
INFO: [ view_filter ] --END-- [ RunTime:0.000206s ]
SQL: SHOW COLUMNS FROM `wfx_shop_order` [ RunTime:0.0049s ]
NOTIC: [8] Undefined index: p D:\wamp64\www\wfx\Application\Admin\Controller\ShopController.class.php 第 1099 行.
SQL: SELECT * FROM `wfx_shop_order` WHERE `status` = 2 ORDER BY ctime desc LIMIT 0,20   [ RunTime:0.0006s ]
SQL: SELECT COUNT(*) AS tp_count FROM `wfx_shop_order` WHERE `status` = 2 LIMIT 1   [ RunTime:0.0004s ]
ERR: Too few arguments to function Admin\Controller\BaseController::getPage(), 5 passed in D:\wamp64\www\wfx\Application\Admin\Controller\ShopController.class.php on line 1111 and exactly 6 expected

[ 2019-07-04T11:02:34+08:00 ] 127.0.0.1 /Admin/Shop/order/status/3
INFO: [ app_init ] --START--
INFO: Run Behavior\BuildLiteBehavior [ RunTime:0.000006s ]
INFO: [ app_init ] --END-- [ RunTime:0.000042s ]
INFO: [ app_begin ] --START--
INFO: Run Behavior\ReadHtmlCacheBehavior [ RunTime:0.000147s ]
INFO: [ app_begin ] --END-- [ RunTime:0.000159s ]
SQL: SHOW COLUMNS FROM `wfx_set` [ RunTime:0.0013s ]
SQL: SELECT * FROM `wfx_set` LIMIT 1   [ RunTime:0.0004s ]
SQL: SHOW COLUMNS FROM `wfx_cms_set` [ RunTime:0.0008s ]
SQL: SELECT * FROM `wfx_cms_set` LIMIT 1   [ RunTime:0.0002s ]
SQL: SHOW COLUMNS FROM `wfx_shop_set` [ RunTime:0.0007s ]
SQL: SELECT * FROM `wfx_shop_set` LIMIT 1   [ RunTime:0.0005s ]
SQL: SELECT * FROM `wfx_shop_set` LIMIT 1   [ RunTime:0.0002s ]
SQL: SHOW COLUMNS FROM `wfx_vip_set` [ RunTime:0.0047s ]
SQL: SELECT * FROM `wfx_vip_set` LIMIT 1   [ RunTime:0.0004s ]
INFO: [ view_parse ] --START--
INFO: [ template_filter ] --START--
INFO: Run Behavior\ContentReplaceBehavior [ RunTime:0.000019s ]
INFO: [ template_filter ] --END-- [ RunTime:0.000035s ]
INFO: Run Behavior\ParseTemplateBehavior [ RunTime:0.003210s ]
INFO: [ view_parse ] --END-- [ RunTime:0.003238s ]
INFO: [ view_filter ] --START--
INFO: Run Behavior\WriteHtmlCacheBehavior [ RunTime:0.000201s ]
INFO: [ view_filter ] --END-- [ RunTime:0.000217s ]
SQL: SHOW COLUMNS FROM `wfx_shop_order` [ RunTime:0.0052s ]
NOTIC: [8] Undefined index: p D:\wamp64\www\wfx\Application\Admin\Controller\ShopController.class.php 第 1099 行.
SQL: SELECT * FROM `wfx_shop_order` WHERE `status` = 3 ORDER BY ctime desc LIMIT 0,20   [ RunTime:0.0005s ]
SQL: SELECT COUNT(*) AS tp_count FROM `wfx_shop_order` WHERE `status` = 3 LIMIT 1   [ RunTime:0.0004s ]
ERR: Too few arguments to function Admin\Controller\BaseController::getPage(), 5 passed in D:\wamp64\www\wfx\Application\Admin\Controller\ShopController.class.php on line 1111 and exactly 6 expected

[ 2019-07-04T11:02:35+08:00 ] 127.0.0.1 /Admin/Shop/order/status/4
INFO: [ app_init ] --START--
INFO: Run Behavior\BuildLiteBehavior [ RunTime:0.000006s ]
INFO: [ app_init ] --END-- [ RunTime:0.000111s ]
INFO: [ app_begin ] --START--
INFO: Run Behavior\ReadHtmlCacheBehavior [ RunTime:0.000212s ]
INFO: [ app_begin ] --END-- [ RunTime:0.000226s ]
SQL: SHOW COLUMNS FROM `wfx_set` [ RunTime:0.0008s ]
SQL: SELECT * FROM `wfx_set` LIMIT 1   [ RunTime:0.0003s ]
SQL: SHOW COLUMNS FROM `wfx_cms_set` [ RunTime:0.0009s ]
SQL: SELECT * FROM `wfx_cms_set` LIMIT 1   [ RunTime:0.0002s ]
SQL: SHOW COLUMNS FROM `wfx_shop_set` [ RunTime:0.0007s ]
SQL: SELECT * FROM `wfx_shop_set` LIMIT 1   [ RunTime:0.0002s ]
SQL: SELECT * FROM `wfx_shop_set` LIMIT 1   [ RunTime:0.0001s ]
SQL: SHOW COLUMNS FROM `wfx_vip_set` [ RunTime:0.0046s ]
SQL: SELECT * FROM `wfx_vip_set` LIMIT 1   [ RunTime:0.0004s ]
INFO: [ view_parse ] --START--
INFO: [ template_filter ] --START--
INFO: Run Behavior\ContentReplaceBehavior [ RunTime:0.000019s ]
INFO: [ template_filter ] --END-- [ RunTime:0.000038s ]
INFO: Run Behavior\ParseTemplateBehavior [ RunTime:0.003434s ]
INFO: [ view_parse ] --END-- [ RunTime:0.003458s ]
INFO: [ view_filter ] --START--
INFO: Run Behavior\WriteHtmlCacheBehavior [ RunTime:0.000244s ]
INFO: [ view_filter ] --END-- [ RunTime:0.000260s ]
SQL: SHOW COLUMNS FROM `wfx_shop_order` [ RunTime:0.0016s ]
NOTIC: [8] Undefined index: p D:\wamp64\www\wfx\Application\Admin\Controller\ShopController.class.php 第 1099 行.
SQL: SELECT * FROM `wfx_shop_order` WHERE `status` = 4 ORDER BY ctime desc LIMIT 0,20   [ RunTime:0.0005s ]
SQL: SELECT COUNT(*) AS tp_count FROM `wfx_shop_order` WHERE `status` = 4 LIMIT 1   [ RunTime:0.0001s ]
ERR: Too few arguments to function Admin\Controller\BaseController::getPage(), 5 passed in D:\wamp64\www\wfx\Application\Admin\Controller\ShopController.class.php on line 1111 and exactly 6 expected

[ 2019-07-04T11:02:36+08:00 ] 127.0.0.1 /Admin/Shop/order/status/3
INFO: [ app_init ] --START--
INFO: Run Behavior\BuildLiteBehavior [ RunTime:0.000007s ]
INFO: [ app_init ] --END-- [ RunTime:0.000044s ]
INFO: [ app_begin ] --START--
INFO: Run Behavior\ReadHtmlCacheBehavior [ RunTime:0.000162s ]
INFO: [ app_begin ] --END-- [ RunTime:0.000175s ]
SQL: SHOW COLUMNS FROM `wfx_set` [ RunTime:0.0014s ]
SQL: SELECT * FROM `wfx_set` LIMIT 1   [ RunTime:0.0005s ]
SQL: SHOW COLUMNS FROM `wfx_cms_set` [ RunTime:0.0008s ]
SQL: SELECT * FROM `wfx_cms_set` LIMIT 1   [ RunTime:0.0003s ]
SQL: SHOW COLUMNS FROM `wfx_shop_set` [ RunTime:0.0008s ]
SQL: SELECT * FROM `wfx_shop_set` LIMIT 1   [ RunTime:0.0004s ]
SQL: SELECT * FROM `wfx_shop_set` LIMIT 1   [ RunTime:0.0002s ]
SQL: SHOW COLUMNS FROM `wfx_vip_set` [ RunTime:0.0047s ]
SQL: SELECT * FROM `wfx_vip_set` LIMIT 1   [ RunTime:0.0005s ]
INFO: [ view_parse ] --START--
INFO: [ template_filter ] --START--
INFO: Run Behavior\ContentReplaceBehavior [ RunTime:0.000019s ]
INFO: [ template_filter ] --END-- [ RunTime:0.000038s ]
INFO: Run Behavior\ParseTemplateBehavior [ RunTime:0.009451s ]
INFO: [ view_parse ] --END-- [ RunTime:0.009481s ]
INFO: [ view_filter ] --START--
INFO: Run Behavior\WriteHtmlCacheBehavior [ RunTime:0.000245s ]
INFO: [ view_filter ] --END-- [ RunTime:0.000258s ]
SQL: SHOW COLUMNS FROM `wfx_shop_order` [ RunTime:0.0052s ]
NOTIC: [8] Undefined index: p D:\wamp64\www\wfx\Application\Admin\Controller\ShopController.class.php 第 1099 行.
SQL: SELECT * FROM `wfx_shop_order` WHERE `status` = 3 ORDER BY ctime desc LIMIT 0,20   [ RunTime:0.0006s ]
SQL: SELECT COUNT(*) AS tp_count FROM `wfx_shop_order` WHERE `status` = 3 LIMIT 1   [ RunTime:0.0004s ]
ERR: Too few arguments to function Admin\Controller\BaseController::getPage(), 5 passed in D:\wamp64\www\wfx\Application\Admin\Controller\ShopController.class.php on line 1111 and exactly 6 expected

[ 2019-07-04T11:02:36+08:00 ] 127.0.0.1 /Admin/Shop/order/status/2
INFO: [ app_init ] --START--
INFO: Run Behavior\BuildLiteBehavior [ RunTime:0.000006s ]
INFO: [ app_init ] --END-- [ RunTime:0.000045s ]
INFO: [ app_begin ] --START--
INFO: Run Behavior\ReadHtmlCacheBehavior [ RunTime:0.000154s ]
INFO: [ app_begin ] --END-- [ RunTime:0.000168s ]
SQL: SHOW COLUMNS FROM `wfx_set` [ RunTime:0.0008s ]
SQL: SELECT * FROM `wfx_set` LIMIT 1   [ RunTime:0.0004s ]
SQL: SHOW COLUMNS FROM `wfx_cms_set` [ RunTime:0.0007s ]
SQL: SELECT * FROM `wfx_cms_set` LIMIT 1   [ RunTime:0.0002s ]
SQL: SHOW COLUMNS FROM `wfx_shop_set` [ RunTime:0.0008s ]
SQL: SELECT * FROM `wfx_shop_set` LIMIT 1   [ RunTime:0.0004s ]
SQL: SELECT * FROM `wfx_shop_set` LIMIT 1   [ RunTime:0.0001s ]
SQL: SHOW COLUMNS FROM `wfx_vip_set` [ RunTime:0.0051s ]
SQL: SELECT * FROM `wfx_vip_set` LIMIT 1   [ RunTime:0.0004s ]
INFO: [ view_parse ] --START--
INFO: [ template_filter ] --START--
INFO: Run Behavior\ContentReplaceBehavior [ RunTime:0.000018s ]
INFO: [ template_filter ] --END-- [ RunTime:0.000036s ]
INFO: Run Behavior\ParseTemplateBehavior [ RunTime:0.003948s ]
INFO: [ view_parse ] --END-- [ RunTime:0.003979s ]
INFO: [ view_filter ] --START--
INFO: Run Behavior\WriteHtmlCacheBehavior [ RunTime:0.000182s ]
INFO: [ view_filter ] --END-- [ RunTime:0.000194s ]
SQL: SHOW COLUMNS FROM `wfx_shop_order` [ RunTime:0.0012s ]
NOTIC: [8] Undefined index: p D:\wamp64\www\wfx\Application\Admin\Controller\ShopController.class.php 第 1099 行.
SQL: SELECT * FROM `wfx_shop_order` WHERE `status` = 2 ORDER BY ctime desc LIMIT 0,20   [ RunTime:0.0004s ]
SQL: SELECT COUNT(*) AS tp_count FROM `wfx_shop_order` WHERE `status` = 2 LIMIT 1   [ RunTime:0.0004s ]
ERR: Too few arguments to function Admin\Controller\BaseController::getPage(), 5 passed in D:\wamp64\www\wfx\Application\Admin\Controller\ShopController.class.php on line 1111 and exactly 6 expected

[ 2019-07-04T11:02:37+08:00 ] 127.0.0.1 /Admin/Shop/order/status/1
INFO: [ app_init ] --START--
INFO: Run Behavior\BuildLiteBehavior [ RunTime:0.000007s ]
INFO: [ app_init ] --END-- [ RunTime:0.000046s ]
INFO: [ app_begin ] --START--
INFO: Run Behavior\ReadHtmlCacheBehavior [ RunTime:0.000152s ]
INFO: [ app_begin ] --END-- [ RunTime:0.000164s ]
SQL: SHOW COLUMNS FROM `wfx_set` [ RunTime:0.0008s ]
SQL: SELECT * FROM `wfx_set` LIMIT 1   [ RunTime:0.0003s ]
SQL: SHOW COLUMNS FROM `wfx_cms_set` [ RunTime:0.0007s ]
SQL: SELECT * FROM `wfx_cms_set` LIMIT 1   [ RunTime:0.0002s ]
SQL: SHOW COLUMNS FROM `wfx_shop_set` [ RunTime:0.0008s ]
SQL: SELECT * FROM `wfx_shop_set` LIMIT 1   [ RunTime:0.0004s ]
SQL: SELECT * FROM `wfx_shop_set` LIMIT 1   [ RunTime:0.0001s ]
SQL: SHOW COLUMNS FROM `wfx_vip_set` [ RunTime:0.0047s ]
SQL: SELECT * FROM `wfx_vip_set` LIMIT 1   [ RunTime:0.0003s ]
INFO: [ view_parse ] --START--
INFO: [ template_filter ] --START--
INFO: Run Behavior\ContentReplaceBehavior [ RunTime:0.000020s ]
INFO: [ template_filter ] --END-- [ RunTime:0.000041s ]
INFO: Run Behavior\ParseTemplateBehavior [ RunTime:0.003521s ]
INFO: [ view_parse ] --END-- [ RunTime:0.003551s ]
INFO: [ view_filter ] --START--
INFO: Run Behavior\WriteHtmlCacheBehavior [ RunTime:0.000189s ]
INFO: [ view_filter ] --END-- [ RunTime:0.000201s ]
SQL: SHOW COLUMNS FROM `wfx_shop_order` [ RunTime:0.0053s ]
NOTIC: [8] Undefined index: p D:\wamp64\www\wfx\Application\Admin\Controller\ShopController.class.php 第 1099 行.
SQL: SELECT * FROM `wfx_shop_order` WHERE `status` = 1 ORDER BY ctime desc LIMIT 0,20   [ RunTime:0.0006s ]
SQL: SELECT COUNT(*) AS tp_count FROM `wfx_shop_order` WHERE `status` = 1 LIMIT 1   [ RunTime:0.0002s ]
ERR: Too few arguments to function Admin\Controller\BaseController::getPage(), 5 passed in D:\wamp64\www\wfx\Application\Admin\Controller\ShopController.class.php on line 1111 and exactly 6 expected

[ 2019-07-04T11:02:37+08:00 ] 127.0.0.1 /Admin/Shop/order/status/9
INFO: [ app_init ] --START--
INFO: Run Behavior\BuildLiteBehavior [ RunTime:0.000007s ]
INFO: [ app_init ] --END-- [ RunTime:0.000047s ]
INFO: [ app_begin ] --START--
INFO: Run Behavior\ReadHtmlCacheBehavior [ RunTime:0.000157s ]
INFO: [ app_begin ] --END-- [ RunTime:0.000170s ]
SQL: SHOW COLUMNS FROM `wfx_set` [ RunTime:0.0009s ]
SQL: SELECT * FROM `wfx_set` LIMIT 1   [ RunTime:0.0003s ]
SQL: SHOW COLUMNS FROM `wfx_cms_set` [ RunTime:0.0007s ]
SQL: SELECT * FROM `wfx_cms_set` LIMIT 1   [ RunTime:0.0003s ]
SQL: SHOW COLUMNS FROM `wfx_shop_set` [ RunTime:0.0012s ]
SQL: SELECT * FROM `wfx_shop_set` LIMIT 1   [ RunTime:0.0004s ]
SQL: SELECT * FROM `wfx_shop_set` LIMIT 1   [ RunTime:0.0002s ]
SQL: SHOW COLUMNS FROM `wfx_vip_set` [ RunTime:0.0053s ]
SQL: SELECT * FROM `wfx_vip_set` LIMIT 1   [ RunTime:0.0004s ]
INFO: [ view_parse ] --START--
INFO: [ template_filter ] --START--
INFO: Run Behavior\ContentReplaceBehavior [ RunTime:0.000024s ]
INFO: [ template_filter ] --END-- [ RunTime:0.000050s ]
INFO: Run Behavior\ParseTemplateBehavior [ RunTime:0.003447s ]
INFO: [ view_parse ] --END-- [ RunTime:0.003472s ]
INFO: [ view_filter ] --START--
INFO: Run Behavior\WriteHtmlCacheBehavior [ RunTime:0.000170s ]
INFO: [ view_filter ] --END-- [ RunTime:0.000182s ]
SQL: SHOW COLUMNS FROM `wfx_shop_order` [ RunTime:0.0050s ]
NOTIC: [8] Undefined index: p D:\wamp64\www\wfx\Application\Admin\Controller\ShopController.class.php 第 1099 行.
SQL: SELECT * FROM `wfx_shop_order` WHERE `ctime` >= 1562169600 ORDER BY ctime desc LIMIT 0,20   [ RunTime:0.0005s ]
SQL: SELECT COUNT(*) AS tp_count FROM `wfx_shop_order` WHERE `ctime` >= 1562169600 LIMIT 1   [ RunTime:0.0004s ]
ERR: Too few arguments to function Admin\Controller\BaseController::getPage(), 5 passed in D:\wamp64\www\wfx\Application\Admin\Controller\ShopController.class.php on line 1111 and exactly 6 expected

[ 2019-07-04T11:02:38+08:00 ] 127.0.0.1 /Admin/Shop/orderReport
INFO: [ app_init ] --START--
INFO: Run Behavior\BuildLiteBehavior [ RunTime:0.000006s ]
INFO: [ app_init ] --END-- [ RunTime:0.000110s ]
INFO: [ app_begin ] --START--
INFO: Run Behavior\ReadHtmlCacheBehavior [ RunTime:0.000235s ]
INFO: [ app_begin ] --END-- [ RunTime:0.000249s ]
SQL: SHOW COLUMNS FROM `wfx_set` [ RunTime:0.0060s ]
SQL: SELECT * FROM `wfx_set` LIMIT 1   [ RunTime:0.0004s ]
SQL: SHOW COLUMNS FROM `wfx_cms_set` [ RunTime:0.0048s ]
SQL: SELECT * FROM `wfx_cms_set` LIMIT 1   [ RunTime:0.0003s ]
SQL: SHOW COLUMNS FROM `wfx_shop_set` [ RunTime:0.0049s ]
SQL: SELECT * FROM `wfx_shop_set` LIMIT 1   [ RunTime:0.0005s ]
SQL: SELECT * FROM `wfx_shop_set` LIMIT 1   [ RunTime:0.0003s ]
SQL: SHOW COLUMNS FROM `wfx_vip_set` [ RunTime:0.0049s ]
SQL: SELECT * FROM `wfx_vip_set` LIMIT 1   [ RunTime:0.0004s ]
SQL: SHOW COLUMNS FROM `wfx_shop_goods` [ RunTime:0.0048s ]
SQL: SHOW COLUMNS FROM `wfx_shop_goods_sku` [ RunTime:0.0047s ]
SQL: SHOW COLUMNS FROM `wfx_shop_order` [ RunTime:0.0051s ]
SQL: SELECT * FROM `wfx_shop_order` WHERE ( ctime>1562169600 )  [ RunTime:0.0005s ]
NOTIC: [8] Undefined variable: goods D:\wamp64\www\wfx\Application\Admin\Model\ShopOrderModel.class.php 第 18 行.
NOTIC: [2] Invalid argument supplied for foreach() D:\wamp64\www\wfx\Application\Admin\Model\ShopOrderModel.class.php 第 18 行.
SQL: SELECT * FROM `wfx_shop_goods`  [ RunTime:0.0005s ]
SQL: SELECT * FROM `wfx_shop_goods_sku`  [ RunTime:0.0004s ]
INFO: [ view_parse ] --START--
INFO: [ template_filter ] --START--
INFO: Run Behavior\ContentReplaceBehavior [ RunTime:0.000034s ]
INFO: [ template_filter ] --END-- [ RunTime:0.000055s ]
NOTIC: [8] Undefined variable: breadhtml D:\wamp64\www\wfx\Application\Runtime\Cache\Admin\2a04b1f8de22c7507c715bc1de2ded10.php 第 65 行.
INFO: Run Behavior\ParseTemplateBehavior [ RunTime:0.004179s ]
INFO: [ view_parse ] --END-- [ RunTime:0.004201s ]
INFO: [ view_filter ] --START--
INFO: Run Behavior\WriteHtmlCacheBehavior [ RunTime:0.000236s ]
INFO: [ view_filter ] --END-- [ RunTime:0.000246s ]
INFO: [ app_end ] --START--
INFO: Run Behavior\ShowPageTraceBehavior [ RunTime:0.000226s ]
INFO: [ app_end ] --END-- [ RunTime:0.000238s ]

